MAIL)MAILER 
Tue, 30-Jan-96  3:00:00 PST
Frame 9 user MAIL: (MAIL)MAILER 
Tue, 30-Jan-96  4:00:00 PST
Frame 9 user MAIL: (MAIL)MAILER 
Tue, 30-Jan-96  5:00:00 PST
Frame 10 user MAIL: (MAIL)MAILER 
Tue, 30-Jan-96  6:00:00 PST
Frame 10 user MAIL: (MAIL)MAILER 
Tue, 30-Jan-96  7:00:00 PST
Frame 9 user MAIL: (MAIL)MAILER 
Tue, 30-Jan-96  8:00:00 PST
Frame 9 user MAIL: (MAIL)MAILER 
Frame 10 user PERPOPER: (SYS)REDSAT 
Tue, 30-Jan-96  9:01:08 PST
Frame 10 user MAIL: (MAIL)MAILER 
Tue, 30-Jan-96 10:00:00 PST
Frame 10 user MAIL: (MAIL)MAILER 
Tue, 30-Jan-96 11:00:00 PST
Frame 10 user MAIL: (MAIL)MAILER 
Tue, 30-Jan-96 12:00:00 PST
Frame 16 user MAIL: (MAIL)MAILER 
Tue, 30-Jan-96 13:00:00 PST
Frame 10 user MAIL: (MAIL)MAILER 
Tue, 30-Jan-96 14:00:01 PST
Frame 10 user MAIL: (MAIL)MAILER 
Tue, 30-Jan-96 15:00:02 PST
Frame 17 user MAIL: (MAIL)MAILER 
Tue, 30-Jan-96 16:00:00 PST
Frame 9 user MAIL: (MAIL)MAILER 
Frame 17 user PERPOPER: (SYS)REDSAT 
Tue, 30-Jan-96 17:00:00 PST
Frame 9 user MAIL: (MAIL)MAILER 
Tue, 30-Jan-96 18:00:00 PST
Frame 9 user MAIL: (MAIL)MAILER 
Tue, 30-Jan-96 19:00:16 PST
Frame 9 user MAIL: (MAIL)MAILER 
Tue, 30-Jan-96 20:00:00 PST
Frame 9 user MAIL: (MAIL)MAILER 
Tue, 30-Jan-96 21:00:00 PST
Frame 9 user MAIL: (MAIL)MAILER 
Tue, 30-Jan-96 22:00:09 PST
Frame 9 user MAIL: (MAIL)MAILER 
Tue, 30-Jan-96 23:00:00 PST
Frame 9 user MAIL: (MAIL)MAILER 
Wed, 31-Jan-96  0:00:04 PST
Frame 10 user MAIL: (MAIL)MAILER 
Frame 16 user PERPOPER: (SYS)REDSAT 
Wed, 31-Jan-96  1:00:00 PST
Frame 16 user MAIL: (MAIL)MAILER 
Wed, 31-Jan-96  2:03:42 PST
Frame 10 user MAIL: (MAIL)MAILER 
Wed, 31-Jan-96  3:00:00 PST
Frame 10 user MAIL: (MAIL)MAILER 
Wed, 31-Jan-96  4:00:03 PST
Frame 16 user MAIL: (MAIL)MAILER 
Wed, 31-Jan-96  5:00:00 PST
Frame 9 user MAIL: (MAIL)MAILER 
Wed, 31-Jan-96  5:59:59 PST
Frame 9 user MAIL: (MAIL)MAILER 
Wed, 31-Jan-96  7:00:02 PST
Frame 9 user MAIL: (MAIL)MAILER 
Wed, 31-Jan-96  7:59:59 PST
Frame 9 user MAIL: (MAIL)MAILER 
Frame 10 user PERPOPER: (SYS)REDSAT 
Wed, 31-Jan-96  8:59:59 PST
Frame 9 user MAIL: (MAIL)MAILER 
Wed, 31-Jan-96  9:59:59 PST
Frame 10 user MAIL: (MAIL)MAILER 
Wed, 31-Jan-96 10:59:59 PST
Frame 9 user MAIL: (MAIL)MAILER 
Wed, 31-Jan-96 11:59:59 PST
Frame 9 user MAIL: (MAIL)MAILER 
Wed, 31-Jan-96 12:59:59 PST
Frame 9 user MAIL: (MAIL)MAILER 
Wed, 31-Jan-96 13:59:59 PST
Frame 10 user MAIL: (MAIL)MAILER 
Wed, 31-Jan-96 14:59:59 PST
Frame 10 user MAIL: (MAIL)MAILER 
Wed, 31-Jan-96 15:59:59 PST
Frame 10 user MAIL: (MAIL)MAILER 
Frame 16 user PERPOPER: (SYS)REDSAT 
Wed, 31-Jan-96 16:59:59 PST
Frame 10 user MAIL: (MAIL)MAILER 
Wed, 31-Jan-96 18:00:00 PST
Frame 10 user MAIL: (MAIL)MAILER 
Wed, 31-Jan-96 18:59:59 PST
Frame 9 user MAIL: (MAIL)MAILER 
Wed, 31-Jan-96 19:59:59 PST
Frame 9 user MAIL: (MAIL)MAILER 
Wed, 31-Jan-96 20:59:59 PST
Frame 9 user MAIL: (MAIL)MAILER 
Wed, 31-Jan-96 21:59:59 PST
Frame 9 user MAIL: (MAIL)MAILER 
Wed, 31-Jan-96 23:00:00 PST
Frame 9 user MAIL: (MAIL)MAILER 
Thu,  1-Feb-96  0:00:00 PST
Frame 9 user MAIL: (MAIL)MAILER 
Frame 10 user PERPOPER: (SYS)REDSAT 
Thu,  1-Feb-96  1:00:00 PST
Frame 10 user MAIL: (MAIL)MAILER 
Thu,  1-Feb-96  2:00:00 PST
Frame 9 user MAIL: (MAIL)MAILER 
Thu,  1-Feb-96  3:00:00 PST
Frame 9 user MAIL: (MAIL)MAILER 
Thu,  1-Feb-96  4:00:00 PST
Frame 9 user MAIL: (MAIL)MAILER 
Thu,  1-Feb-96  5:00:00 PST
Frame 10 user MAIL: (MAIL)MAILER 
Thu,  1-Feb-96  6:00:00 PST
Frame 10 user MAIL: (MAIL)MAILER 
Thu,  1-Feb-96  7:00:01 PST
Frame 9 user MAIL: (MAIL)MAILER 
Thu,  1-Feb-96  8:00:00 PST
Frame 9 user MAIL: (MAIL)MAILER 
Frame 10 user PERPOPER: (SYS)REDSAT 
Thu,  1-Feb-96  9:00:00 PST
Frame 9 user MAIL: (MAIL)MAILER 
Thu,  1-Feb-96 10:00:00 PST
Frame 9 user MAIL: (MAIL)MAILER 
Thu,  1-Feb-96 11:00:00 PST
Frame 9 user MAIL: (MAIL)MAILER 
Thu,  1-Feb-96 12:00:00 PST
Frame 9 user MAIL: (MAIL)MAILER 
Thu,  1-Feb-96 13:00:00 PST
Frame 9 user MAIL: (MAIL)MAILER 
Thu,  1-Feb-96 14:00:00 PST
Frame 10 user MAIL: (MAIL)MAILER 
Thu,  1-Feb-96 15:00:00 PST
Frame 18 user MAIL: (MAIL)MAILER 
Thu,  1-Feb-96 16:00:44 PST
Frame 18 user MAIL: (MAIL)MAILER 
Frame 19 user PERPOPER: (SYS)REDSAT 
Thu,  1-Feb-96 17:00:00 PST
Frame 18 user MAIL: (MAIL)MAILER 
Thu,  1-Feb-96 18:00:00 PST
Frame 9 user MAIL: (MAIL)MAILER 
Thu,  1-Feb-96 19:00:03 PST
Frame 9 user MAIL: (MAIL)MAILER 
Thu,  1-Feb-96 20:00:00 PST
Frame 9 user MAIL: (MAIL)MAILER 
Thu,  1-Feb-96 21:00:00 PST
Frame 9 user MAIL: (MAIL)MAILER 
Thu,  1-Feb-96 22:00:00 PST
Frame 9 user MAIL: (MAIL)MAILER 
Thu,  1-Feb-96 23:00:06 PST
Frame 9 user MAIL: (MAIL)MAILER 
Fri,  2-Feb-96  0:00:00 PST
Frame 9 user MAIL: (MAIL)MAILER 
Frame 18 user PERPOPER: (SYS)REDSAT 
Fri,  2-Feb-96  1:00:00 PST
Frame 10 user MAIL: (MAIL)MAILER 
Fri,  2-Feb-96  2:00:00 PST
Frame 9 user MAIL: (MAIL)MAILER 
Fri,  2-Feb-96  3:00:00 PST
Frame 9 user MAIL: (MAIL)MAILER 
Fri,  2-Feb-96  4:00:00 PST
Frame 9 user MAIL: (MAIL)MAILER 
Fri,  2-Feb-96  4:59:59 PST
Frame 19 user MAIL: (MAIL)MAILER 
Fri,  2-Feb-96  6:00:00 PST
Frame 19 user MAIL: (MAIL)MAILER 
Fri,  2-Feb-96  7:00:00 PST
Frame 9 user MAIL: (MAIL)MAILER 
Fri,  2-Feb-96  8:00:00 PST
Frame 9 user MAIL: (MAIL)MAILER 
Frame 19 user PERPOPER: (SYS)REDSAT 
Fri,  2-Feb-96  9:00:01 PST
Frame 19 user MAIL: (MAIL)MAILER 
Fri,  2-Feb-96 10:00:00 PST
Frame 19 user MAIL: (MAIL)MAILER 
Fri,  2-Feb-96 11:00:00 PST
Frame 9 user MAIL: (MAIL)MAILER 
Fri,  2-Feb-96 12:00:00 PST
Frame 9 user MAIL: (MAIL)MAILER 
Fri,  2-Feb-96 13:00:00 PST
Frame 9 user MAIL: (MAIL)MAILER 
Fri,  2-Feb-96 14:00:00 PST
Frame 9 user MAIL: (MAIL)MAILER 
Fri,  2-Feb-96 15:00:00 PST
Frame 9 user MAIL: (MAIL)MAILER 
Fri,  2-Feb-96 16:00:00 PST
Frame 9 user MAIL: (MAIL)MAILER 
Frame 19 user PERPOPER: (SYS)REDSAT 
Fri,  2-Feb-96 17:00:00 PST
Frame 9 user MAIL: (MAIL)MAILER 
Fri,  2-Feb-96 18:00:00 PST
Frame 9 user MAIL: (MAIL)MAILER 
Fri,  2-Feb-96 19:00:00 PST
Frame 9 user MAIL: (MAIL)MAILER 
Fri,  2-Feb-96 20:00:00 PST
Frame 9 user MAIL: (MAIL)MAILER 
Fri,  2-Feb-96 21:00:00 PST
Frame 19 user MAIL: (MAIL)MAILER 
Fri,  2-Feb-96 22:00:00 PST
Frame 19 user MAIL: (MAIL)MAILER 
Fri,  2-Feb-96 22:59:59 PST
Frame 19 user MAIL: (MAIL)MAILER 
Fri,  2-Feb-96 23:59:59 PST
Frame 19 user MAIL: (MAIL)MAILER 
Frame 20 user PERPOPER: (SYS)REDSAT 
Sat,  3-Feb-96  1:00:02 PST
Frame 19 user MAIL: (MAIL)MAILER 
Sat,  3-Feb-96  2:00:01 PST
Frame 9 user MAIL: (MAIL)MAILER 
Sat,  3-Feb-96  2:59:59 PST
Frame 9 user MAIL: (MAIL)MAILER 
Sat,  3-Feb-96  3:59:59 PST
Frame 9 user MAIL: (MAIL)MAILER 
Sat,  3-Feb-96  4:59:59 PST
Frame 9 user MAIL: (MAIL)MAILER 
Sat,  3-Feb-96  5:59:59 PST
Frame 9 user MAIL: (MAIL)MAILER 
Sat,  3-Feb-96  6:59:59 PST
Frame 9 user MAIL: (MAIL)MAILER 
Sat,  3-Feb-96  7:59:59 PST
Frame 9 user MAIL: (MAIL)MAILER 
Frame 10 user PERPOPER: (SYS)REDSAT 
Sat,  3-Feb-96  8:59:59 PST
Frame 9 user MAIL: (MAIL)MAILER 
Sat,  3-Feb-96  9:59:59 PST
Frame 9 user MAIL: (MAIL)MAILER 
Sat,  3-Feb-96 10:59:59 PST
Frame 9 user MAIL: (MAIL)MAILER 
Sat,  3-Feb-96 11:59:59 PST
Frame 9 user MAIL: (MAIL)MAILER 
Sat,  3-Feb-96 12:59:59 PST
Frame 9 user MAIL: (MAIL)MAILER 
Sat,  3-Feb-96 13:59:59 PST
Frame 9 user MAIL: (MAIL)MAILER 
Sat,  3-Feb-96 14:59:59 PST
Frame 9 user MAIL: (MAIL)MAILER 
Sat,  3-Feb-96 15:59:59 PST
Frame 9 user MAIL: (MAIL)MAILER 
Frame 10 user PERPOPER: (SYS)REDSAT 
Sat,  3-Feb-96 16:59:59 PST
Frame 9 user MAIL: (MAIL)MAILER 
Sat,  3-Feb-96 17:59:59 PST
Frame 9 user MAIL: (MAIL)MAILER 
Sat,  3-Feb-96 18:59:59 PST
Frame 9 user MAIL: (MAIL)MAILER 
Sat,  3-Feb-96 19:59:59 PST
Frame 9 user MAIL: (MAIL)MAILER 
Sat,  3-Feb-96 20:59:59 PST
Frame 10 user MAIL: (MAIL)MAILER 
Sat,  3-Feb-96 21:59:59 PST
Frame 10 user MAIL: (MAIL)MAILER 
Sat,  3-Feb-96 22:59:59 PST
Frame 10 user MAIL: (MAIL)MAILER 
Sat,  3-Feb-96 23:59:59 PST
Frame 10 user MAIL: (MAIL)MAILER 
Frame 19 user PERPOPER: (SYS)REDSAT 
Sun,  4-Feb-96  0:59:59 PST
Frame 10 user MAIL: (MAIL)MAILER 
Sun,  4-Feb-96  1:59:59 PST
Frame 9 user MAIL: (MAIL)MAILER 
Sun,  4-Feb-96  2:59:59 PST
Frame 9 user MAIL: (MAIL)MAILER 
Sun,  4-Feb-96  3:59:59 PST
Frame 9 user MAIL: (MAIL)MAILER 
Sun,  4-Feb-96  4:59:59 PST
Frame 10 user MAIL: (MAIL)MAILER 
Sun,  4-Feb-96  5:59:59 PST
Frame 10 user MAIL: (MAIL)MAILER 
Sun,  4-Feb-96  6:59:59 PST
Frame 10 user MAIL: (MAIL)MAILER 
Sun,  4-Feb-96  7:59:59 PST
Frame 10 user MAIL: (MAIL)MAILER 
Frame 21 user PERPOPER: (SYS)REDSAT 
Sun,  4-Feb-96  8:59:59 PST
Frame 10 user MAIL: (MAIL)MAILER 
Sun,  4-Feb-96  9:59:59 PST
Frame 10 user MAIL: (MAIL)MAILER 
Sun,  4-Feb-96 10:59:59 PST
Frame 10 user MAIL: (MAIL)MAILER 
Sun,  4-Feb-96 11:59:59 PST
Frame 10 user MAIL: (MAIL)MAILER 
Sun,  4-Feb-96 12:59:59 PST
Frame 10 user MAIL: (MAIL)MAILER 
Sun,  4-Feb-96 13:59:59 PST
Frame 10 user MAIL: (MAIL)MAILER 
Sun,  4-Feb-96 14:59:59 PST
Frame 10 user MAIL: (MAIL)MAILER 
Sun,  4-Feb-96 15:59:59 PST
Frame 10 user MAIL: (MAIL)MAILER 
Frame 21 user PERPOPER: (SYS)REDSAT 
Sun,  4-Feb-96 16:59:59 PST
Frame 21 user MAIL: (MAIL)MAILER 
Sun,  4-Feb-96 17:59:59 PST
Frame 9 user MAIL: (MAIL)MAILER 
Sun,  4-Feb-96 18:59:59 PST
Frame 9 user MAIL: (MAIL)MAILER 
Sun,  4-Feb-96 19:59:59 PST
Frame 9 user MAIL: (MAIL)MAILER 
Sun,  4-Feb-96 20:59:59 PST
Frame 9 user MAIL: (MAIL)MAILER 
Sun,  4-Feb-96 21:59:59 PST
Frame 9 user MAIL: (MAIL)MAILER 
Sun,  4-Feb-96 23:00:07 PST
Frame 9 user MAIL: (MAIL)MAILER 
Sun,  4-Feb-96 23:59:59 PST
Frame 9 user MAIL: (MAIL)MAILER 
Frame 10 user PERPOPER: (SYS)REDSAT 
Mon,  5-Feb-96  0:59:59 PST
Frame 10 user MAIL: (MAIL)MAILER 
Mon,  5-Feb-96  1:59:59 PST
Frame 9 user MAIL: (MAIL)MAILER 
Mon,  5-Feb-96  2:59:59 PST
Frame 9 user MAIL: (MAIL)MAILER 
Mon,  5-Feb-96  3:59:59 PST
Frame 9 user MAIL: (MAIL)MAILER 
Mon,  5-Feb-96  5:00:00 PST
Frame 10 user MAIL: (MAIL)MAILER 
Mon,  5-Feb-96  5:59:59 PST
Frame 10 user MAIL: (MAIL)MAILER 
Mon,  5-Feb-96  7:00:00 PST
Frame 10 user MAIL: (MAIL)MAILER 
Mon,  5-Feb-96  7:59:59 PST
Frame 9 user MAIL: (MAIL)MAILER 
Frame 10 user PERPOPER: (SYS)REDSAT 
Mon,  5-Feb-96  8:59:59 PST
Frame 9 user MAIL: (MAIL)MAILER 
Mon,  5-Feb-96  9:59:59 PST
Frame 9 user MAIL: (MAIL)MAILER 
Mon,  5-Feb-96 10:59:59 PST
Frame 9 user MAIL: (MAIL)MAILER 
Mon,  5-Feb-96 12:00:00 PST
Frame 9 user MAIL: (MAIL)MAILER 
Mon,  5-Feb-96 13:00:00 PST
Frame 9 user MAIL: (MAIL)MAILER 
Mon,  5-Feb-96 14:00:01 PST
Frame 10 user MAIL: (MAIL)MAILER 
Mon,  5-Feb-96 14:59:59 PST
Frame 10 user MAIL: (MAIL)MAILER 
Mon,  5-Feb-96 15:59:59 PST
Frame 10 user MAIL: (MAIL)MAILER 
Frame 22 user PERPOPER: (SYS)REDSAT 
Mon,  5-Feb-96 16:59:59 PST
Frame 10 user MAIL: (MAIL)MAILER 
Mon,  5-Feb-96 17:59:59 PST
Frame 9 user MAIL: (MAIL)MAILER 
Mon,  5-Feb-96 18:59:59 PST
Frame 9 user MAIL: (MAIL)MAILER 
Mon,  5-Feb-96 19:59:59 PST
Frame 9 user MAIL: (MAIL)MAILER 
Mon,  5-Feb-96 20:59:59 PST
Frame 9 user MAIL: (MAIL)MAILER 
Mon,  5-Feb-96 21:59:59 PST
Frame 9 user MAIL: (MAIL)MAILER 
Mon,  5-Feb-96 22:59:59 PST
Frame 9 user MAIL: (MAIL)MAILER 
Mon,  5-Feb-96 23:59:59 PST
Frame 9 user MAIL: (MAIL)MAILER 
Frame 10 user PERPOPER: (SYS)REDSAT 
Tue,  6-Feb-96  1:00:00 PST
Frame 10 user MAIL: (MAIL)MAILER 
Tue,  6-Feb-96  1:59:59 PST
Frame 9 user MAIL: (MAIL)MAILER 
Tue,  6-Feb-96  3:00:00 PST
Frame 9 user MAIL: (MAIL)MAILER 
Tue,  6-Feb-96  3:59:59 PST
Frame 9 user MAIL: (MAIL)MAILER 
Tue,  6-Feb-96  5:00:00 PST
Frame 9 user MAIL: (MAIL)MAILER 
Tue,  6-Feb-96  6:00:00 PST
Frame 9 user MAIL: (MAIL)MAILER 
Tue,  6-Feb-96  6:59:59 PST
Frame 9 user MAIL: (MAIL)MAILER 
Tue,  6-Feb-96  7:59:59 PST
Frame 9 user MAIL: (MAIL)MAILER 
Frame 10 user PERPOPER: (SYS)REDSAT 
Tue,  6-Feb-96  8:59:59 PST
Frame 9 user MAIL: (MAIL)MAILER 
Tue,  6-Feb-96 10:00:00 PST
Frame 10 user MAIL: (MAIL)MAILER 
Tue,  6-Feb-96 10:59:59 PST
Frame 9 user MAIL: (MAIL)MAILER 
Tue,  6-Feb-96 11:59:59 PST
Frame 9 user MAIL: (MAIL)MAILER 
Tue,  6-Feb-96 12:59:59 PST
Frame 9 user MAIL: (MAIL)MAILER 
Tue,  6-Feb-96 13:59:59 PST
Frame 10 user MAIL: (MAIL)MAILER 
Tue,  6-Feb-96 15:00:00 PST
Frame 10 user MAIL: (MAIL)MAILER 
Tue,  6-Feb-96 15:59:59 PST
Frame 10 user MAIL: (MAIL)MAILER 
Frame 23 user PERPOPER: (SYS)REDSAT 
Tue,  6-Feb-96 17:00:00 PST
Frame 10 user MAIL: (MAIL)MAILER 
Tue,  6-Feb-96 17:59:59 PST
Frame 10 user MAIL: (MAIL)MAILER 
Tue,  6-Feb-96 19:00:00 PST
Frame 9 user MAIL: (MAIL)MAILER 
Tue,  6-Feb-96 20:00:00 PST
Frame 9 user MAIL: (MAIL)MAILER 
Tue,  6-Feb-96 20:59:59 PST
Frame 9 user MAIL: (MAIL)MAILER 
Tue,  6-Feb-96 21:59:59 PST
Frame 9 user MAIL: (MAIL)MAILER 
Tue,  6-Feb-96 23:00:05 PST
Frame 9 user MAIL: (MAIL)MAILER 
Wed,  7-Feb-96  0:00:00 PST
Frame 9 user MAIL: (MAIL)MAILER 
Frame 10 user PERPOPER: (SYS)REDSAT 
Wed,  7-Feb-96  1:00:00 PST
Frame 10 user MAIL: (MAIL)MAILER 
Wed,  7-Feb-96  2:00:00 PST
Frame 9 user MAIL: (MAIL)MAILER 
Wed,  7-Feb-96  3:00:00 PST
Frame 9 user MAIL: (MAIL)MAILER 
Wed,  7-Feb-96  4:00:00 PST
Frame 9 user MAIL: (MAIL)MAILER 
Wed,  7-Feb-96  5:00:00 PST
Frame 10 user MAIL: (MAIL)MAILER 
Wed,  7-Feb-96  6:00:00 PST
Frame 9 user MAIL: (MAIL)MAILER 
Wed,  7-Feb-96  7:00:01 PST
Frame 9 user MAIL: (MAIL)MAILER 
Wed,  7-Feb-96  8:00:00 PST
Frame 9 user MAIL: (MAIL)MAILER 
Frame 10 user PERPOPER: (SYS)REDSAT 
Wed,  7-Feb-96  9:00:00 PST
Frame 9 user MAIL: (MAIL)MAILER 
Wed,  7-Feb-96 10:00:00 PST
Frame 9 user MAIL: (MAIL)MAILER 
Wed,  7-Feb-96 11:00:00 PST
Frame 9 user MAIL: (MAIL)MAILER 
Wed,  7-Feb-96 12:00:00 PST
Frame 9 user MAIL: (MAIL)MAILER 
Wed,  7-Feb-96 13:00:00 PST
Frame 9 user MAIL: (MAIL)MAILER 
Wed,  7-Feb-96 14:00:00 PST
Frame 9 user MAIL: (MAIL)MAILER 
Wed,  7-Feb-96 15:00:00 PST
Frame 9 user MAIL: (MAIL)MAILER 
Wed,  7-Feb-96 16:00:00 PST
Frame 9 user MAIL: (MAIL)MAILER 
Frame 10 user PERPOPER: (SYS)REDSAT 
Wed,  7-Feb-96 17:00:00 PST
Frame 9 user MAIL: (MAIL)MAILER 
Wed,  7-Feb-96 18:00:00 PST
Frame 9 user MAIL: (MAIL)MAILER 
Wed,  7-Feb-96 19:00:00 PST
Frame 9 user MAIL: (MAIL)MAILER 
Wed,  7-Feb-96 20:00:00 PST
Frame 9 user MAIL: (MAIL)MAILER 
Wed,  7-Feb-96 20:59:37 PST
Frame 5 user PERPOPER: SYSLOG status 4,1 exit
Wed,  7-Feb-96 20:59:37 PST notice to quit
Thu,  8-Feb-96  1:30:48 PST system startup
Frame 1 user PJ: (PJ)PAM 
Frame 5 user PERPOPER: (SYS)SYSLOG 
Frame 7 user MAIL: (MAIL)MAILER 
Thu,  8-Feb-96  2:00:00 PST
Frame 9 user MAIL: (MAIL)MAILER 
Thu,  8-Feb-96  3:00:00 PST
Frame 9 user MAIL: (MAIL)MAILER 
Thu,  8-Feb-96  4:00:00 PST
Frame 9 user MAIL: (MAIL)MAILER 
Thu,  8-Feb-96  5:00:00 PST
Frame 9 user MAIL: (MAIL)MAILER 
Thu,  8-Feb-96  6:00:00 PST
Frame 9 user MAIL: (MAIL)MAILER 
Thu,  8-Feb-96  7:00:00 PST
Frame 9 user MAIL: (MAIL)MAILER 
Thu,  8-Feb-96  8:00:00 PST
Frame 9 user MAIL: (MAIL)MAILER 
Frame 12 user PERPOPER: (SYS)REDSAT 
Thu,  8-Feb-96  9:00:00 PST
Frame 9 user MAIL: (MAIL)MAILER 
Thu,  8-Feb-96 10:00:00 PST
Frame 9 user MAIL: (MAIL)MAILER 
Thu,  8-Feb-96 11:00:00 PST
Frame 9 user MAIL: (MAIL)MAILER 
Thu,  8-Feb-96 12:00:00 PST
Frame 9 user MAIL: (MAIL)MAILER 
Thu,  8-Feb-96 13:00:00 PST
Frame 9 user MAIL: (MAIL)MAILER 
Thu,  8-Feb-96 14:00:00 PST
Frame 12 user MAIL: (MAIL)MAILER 
Thu,  8-Feb-96 15:00:00 PST
Frame 12 user MAIL: (MAIL)MAILER 
Thu,  8-Feb-96 16:00:00 PST
Frame 12 user MAIL: (MAIL)MAILER 
Frame 13 user PERPOPER: (SYS)REDSAT 
Thu,  8-Feb-96 17:00:00 PST
Frame 12 user MAIL: (MAIL)MAILER 
Thu,  8-Feb-96 18:00:00 PST
Frame 12 user MAIL: (MAIL)MAILER 
Thu,  8-Feb-96 19:00:00 PST
Frame 9 user MAIL: (MAIL)MAILER 
Thu,  8-Feb-96 20:00:00 PST
Frame 9 user MAIL: (MAIL)MAILER 
Thu,  8-Feb-96 21:00:00 PST
Frame 9 user MAIL: (MAIL)MAILER 
Thu,  8-Feb-96 22:00:00 PST
Frame 9 user MAIL: (MAIL)MAILER 
Thu,  8-Feb-96 23:00:06 PST
Frame 9 user MAIL: (MAIL)MAILER 
Fri,  9-Feb-96  0:00:00 PST
Frame 9 user MAIL: (MAIL)MAILER 
Frame 12 user PERPOPER: (SYS)REDSAT 
Fri,  9-Feb-96  1:00:00 PST
Frame 12 user MAIL: (MAIL)MAILER 
Fri,  9-Feb-96  2:00:00 PST
Frame 9 user MAIL: (MAIL)MAILER 
Fri,  9-Feb-96  3:00:00 PST
Frame 9 user MAIL: (MAIL)MAILER 
Fri,  9-Feb-96  4:00:00 PST
Frame 9 user MAIL: (MAIL)MAILER 
Fri,  9-Feb-96  5:00:00 PST
Frame 9 user MAIL: (MAIL)MAILER 
Fri,  9-Feb-96  6:00:00 PST
Frame 9 user MAIL: (MAIL)MAILER 
Fri,  9-Feb-96  7:00:00 PST
Frame 9 user MAIL: (MAIL)MAILER 
Fri,  9-Feb-96  8:00:00 PST
Frame 9 user MAIL: (MAIL)MAILER 
Frame 12 user PERPOPER: (SYS)REDSAT 
Fri,  9-Feb-96  9:00:01 PST
Frame 9 user MAIL: (MAIL)MAILER 
Fri,  9-Feb-96 10:00:00 PST
Frame 9 user MAIL: (MAIL)MAILER 
Fri,  9-Feb-96 11:00:00 PST
Frame 9 user MAIL: (MAIL)MAILER 
Fri,  9-Feb-96 12:00:00 PST
Frame 9 user MAIL: (MAIL)MAILER 
Fri,  9-Feb-96 13:00:00 PST
Frame 9 user MAIL: (MAIL)MAILER 
Fri,  9-Feb-96 14:00:00 PST
Frame 12 user MAIL: (MAIL)MAILER 
Fri,  9-Feb-96 15:00:00 PST
Frame 12 user MAIL: (MAIL)MAILER 
Fri,  9-Feb-96 16:00:00 PST
Frame 12 user MAIL: (MAIL)MAILER 
Frame 14 user PERPOPER: (SYS)REDSAT 
Fri,  9-Feb-96 17:00:00 PST
Frame 12 user MAIL: (MAIL)MAILER 
Fri,  9-Feb-96 18:00:00 PST
Frame 12 user MAIL: (MAIL)MAILER 
Fri,  9-Feb-96 19:00:00 PST
Frame 9 user MAIL: (MAIL)MAILER 
Fri,  9-Feb-96 20:00:00 PST
Frame 9 user MAIL: (MAIL)MAILER 
Fri,  9-Feb-96 21:00:00 PST
Frame 9 user MAIL: (MAIL)MAILER 
Fri,  9-Feb-96 22:00:00 PST
Frame 9 user MAIL: (MAIL)MAILER 
Fri,  9-Feb-96 22:59:59 PST
Frame 9 user MAIL: (MAIL)MAILER 
Fri,  9-Feb-96 23:59:59 PST
Frame 9 user MAIL: (MAIL)MAILER 
Frame 12 user PERPOPER: (SYS)REDSAT 
Sat, 10-Feb-96  0:59:59 PST
Frame 12 user MAIL: (MAIL)MAILER 
Sat, 10-Feb-96  1:59:59 PST
Frame 9 user MAIL: (MAIL)MAILER 
Sat, 10-Feb-96  2:59:59 PST
Frame 9 user MAIL: (MAIL)MAILER 
Sat, 10-Feb-96  3:59:59 PST
Frame 9 user MAIL: (MAIL)MAILER 
Sat, 10-Feb-96  4:59:59 PST
Frame 9 user MAIL: (MAIL)MAILER 
Sat, 10-Feb-96  5:59:59 PST
Frame 9 user MAIL: (MAIL)MAILER 
Sat, 10-Feb-96  6:59:59 PST
Frame 9 user MAIL: (MAIL)MAILER 
Sat, 10-Feb-96  7:59:59 PST
Frame 9 user MAIL: (MAIL)MAILER 
Frame 12 user PERPOPER: (SYS)REDSAT 
Sat, 10-Feb-96  8:59:59 PST
Frame 9 user MAIL: (MAIL)MAILER , 10-Feb-96  9:59:59 PST
Frame 9 user MAIL: (MAIL)MAILER 
Sat, 10-Feb-96 10:59:59 PST
Frame 9 user MAIL: (MAIL)MAILER 
Sat, 10-Feb-96 11:59:59 PST
Frame 9 user MAIL: (MAIL)MAILER 
Sat, 10-Feb-96 12:59:59 PST
Frame 9 user MAIL: (MAIL)MAILER 
Sat, 10-Feb-96 13:59:59 PST
Frame 9 user MAIL: (MAIL)MAILER 
Sat, 10-Feb-96 14:59:59 PST
Frame 9 user MAIL: (MAIL)MAILER 
Sat, 10-Feb-96 15:59:59 PST
Frame 9 user MAIL: (MAIL)MAILER 
Frame 12 user PERPOPER: (SYS)REDSAT 
Sat, 10-Feb-96 16:59:59 PST
Frame 9 user MAIL: (MAIL)MAILER 
Sat, 10-Feb-96 17:59:59 PST
Frame 9 user MAIL: (MAIL)MAILER 
Sat, 10-Feb-96 18:59:59 PST
Frame 9 user MAIL: (MAIL)MAILER 
Sat, 10-Feb-96 19:59:59 PST
Frame 9 user MAIL: (MAIL)MAILER 
Sat, 10-Feb-96 20:59:59 PST
Frame 9 user MAIL: (MAIL)MAILER 
Sat, 10-Feb-96 21:59:59 PST
Frame 9 user MAIL: (MAIL)MAILER 
Sat, 10-Feb-96 22:59:59 PST
Frame 9 user MAIL: (MAIL)MAILER 
Sat, 10-Feb-96 23:59:59 PST
Frame 9 user MAIL: (MAIL)MAILER 
Frame 12 user PERPOPER: (SYS)REDSAT 
Sun, 11-Feb-96  0:59:59 PST
Frame 12 user MAIL: (MAIL)MAILER 
Sun, 11-Feb-96  1:59:59 PST
Frame 9 user MAIL: (MAIL)MAILER 
Sun, 11-Feb-96  2:59:59 PST
Frame 9 user MAIL: (MAIL)MAILER 
Sun, 11-Feb-96  3:59:59 PST
Frame 9 user MAIL: (MAIL)MAILER 
Sun, 11-Feb-96  4:59:59 PST
Frame 9 user MAIL: (MAIL)MAILER 
Sun, 11-Feb-96  5:59:59 PST
Frame 9 user MAIL: (MAIL)MAILER 
Sun, 11-Feb-96  6:59:59 PST
Frame 9 user MAIL: (MAIL)MAILER 
Sun, 11-Feb-96  7:59:59 PST
Frame 9 user MAIL: (MAIL)MAILER 
Frame 12 user PERPOPER: (SYS)REDSAT 
Sun, 11-Feb-96  8:59:59 PST
Frame 9 user MAIL: (MAIL)MAILER 
Sun, 11-Feb-96  9:59:59 PST
Frame 9 user MAIL: (MAIL)MAILER 
Sun, 11-Feb-96 10:59:59 PST
Frame 9 user MAIL: (MAIL)MAILER 
Sun, 11-Feb-96 11:59:59 PST
Frame 9 user MAIL: (MAIL)MAILER 
Sun, 11-Feb-96 12:59:59 PST
Frame 9 user MAIL: (MAIL)MAILER 
Sun, 11-Feb-96 13:59:59 PST
Frame 9 user MAIL: (MAIL)MAILER 
Sun, 11-Feb-96 14:59:59 PST
Frame 9 user MAIL: (MAIL)MAILER 
Sun, 11-Feb-96 15:59:59 PST
Frame 9 user MAIL: (MAIL)MAILER 
Frame 12 user PERPOPER: (SYS)REDSAT 
Sun, 11-Feb-96 16:59:59 PST
Frame 9 user MAIL: (MAIL)MAILER 
Sun, 11-Feb-96 17:59:59 PST
Frame 9 user MAIL: (MAIL)MAILER 
Sun, 11-Feb-96 18:59:59 PST
Frame 9 user MAIL: (MAIL)MAILER 
Sun, 11-Feb-96 19:59:59 PST
Frame 9 user MAIL: (MAIL)MAILER 
Sun, 11-Feb-96 20:59:59 PST
Frame 9 user MAIL: (MAIL)MAILER 
Sun, 11-Feb-96 21:59:59 PST
Frame 9 user MAIL: (MAIL)MAILER 
Sun, 11-Feb-96 23:00:03 PST
Frame 9 user MAIL: (MAIL)MAILER 
Sun, 11-Feb-96 23:59:59 PST
Frame 9 user MAIL: (MAIL)MAILER 
Frame 12 user PERPOPER: (SYS)REDSAT 
Mon, 12-Feb-96  0:59:59 PST
Frame 12 user MAIL: (MAIL)MAILER 
Mon, 12-Feb-96  1:59:59 PST
Frame 9 user MAIL: (MAIL)MAILER 
Mon, 12-Feb-96  2:59:59 PST
Frame 9 user MAIL: (MAIL)MAILER 
Mon, 12-Feb-96  3:59:59 PST
Frame 9 user MAIL: (MAIL)MAILER 
Mon, 12-Feb-96  4:59:59 PST
Frame 9 user MAIL: (MAIL)MAILER 
Mon, 12-Feb-96  5:59:59 PST
Frame 9 user MAIL: (MAIL)MAILER 
Mon, 12-Feb-96  6:59:59 PST
Frame 9 user MAIL: (MAIL)MAILER 
Mon, 12-Feb-96  7:59:59 PST
Frame 9 user MAIL: (MAIL)MAILER 
Frame 12 user PERPOPER: (SYS)REDSAT 
Mon, 12-Feb-96  9:00:00 PST
Frame 9 user MAIL: (MAIL)MAILER 
Mon, 12-Feb-96  9:59:59 PST
Frame 9 user MAIL: (MAIL)MAILER 
Mon, 12-Feb-96 10:59:59 PST
Frame 9 user MAIL: (MAIL)MAILER 
Mon, 12-Feb-96 11:59:59 PST
Frame 9 user MAIL: (MAIL)MAILER 
Mon, 12-Feb-96 12:59:59 PST
Frame 9 user MAIL: (MAIL)MAILER 
Mon, 12-Feb-96 13:59:59 PST
Frame 12 user MAIL: (MAIL)MAILER 
Mon, 12-Feb-96 14:59:59 PST
Frame 12 user MAIL: (MAIL)MAILER 
Mon, 12-Feb-96 15:59:59 PST
Frame 12 user MAIL: (MAIL)MAILER 
Frame 17 user PERPOPER: (SYS)REDSAT 
Mon, 12-Feb-96 16:59:59 PST
Frame 12 user MAIL: (MAIL)MAILER 
Mon, 12-Feb-96 17:59:59 PST
Frame 12 user MAIL: (MAIL)MAILER 
Mon, 12-Feb-96 18:59:59 PST
Frame 9 user MAIL: (MAIL)MAILER 
Mon, 12-Feb-96 19:59:59 PST
Frame 9 user MAIL: (MAIL)MAILER 
Mon, 12-Feb-96 20:59:59 PST
Frame 9 user MAIL: (MAIL)MAILER 
Mon, 12-Feb-96 21:59:59 PST
Frame 9 user MAIL: (MAIL)MAILER 
Mon, 12-Feb-96 23:00:00 PST
Frame 9 user MAIL: (MAIL)MAILER 
Tue, 13-Feb-96  0:00:00 PST
Frame 9 user MAIL: (MAIL)MAILER 
Frame 12 user PERPOPER: (SYS)REDSAT 
Tue, 13-Feb-96  1:00:00 PST
Frame 12 user MAIL: (MAIL)MAILER 
Tue, 13-Feb-96  2:00:00 PST
Frame 9 user MAIL: (MAIL)MAILER 
Tue, 13-Feb-96  3:00:00 PST
Frame 9 user MAIL: (MAIL)MAILER 
Tue, 13-Feb-96  4:00:00 PST
Frame 9 user MAIL: (MAIL)MAILER 
Tue, 13-Feb-96  5:00:00 PST
Frame 9 user MAIL: (MAIL)MAILER 
Tue, 13-Feb-96  6:00:00 PST
Frame 9 user MAIL: (MAIL)MAILER 
Tue, 13-Feb-96  7:00:00 PST
Frame 9 user MAIL: (MAIL)MAILER 
Tue, 13-Feb-96  8:00:00 PST
Frame 9 user MAIL: (MAIL)MAILER 
Frame 12 user PERPOPER: (SYS)REDSAT 
Tue, 13-Feb-96  9:00:00 PST
Frame 9 user MAIL: (MAIL)MAILER 
Tue, 13-Feb-96 10:00:00 PST
Frame 9 user MAIL: (MAIL)MAILER 
Tue, 13-Feb-96 11:00:00 PST
Frame 9 user MAIL: (MAIL)MAILER 
Tue, 13-Feb-96 12:00:00 PST
Frame 9 user MAIL: (MAIL)MAILER 
Tue, 13-Feb-96 13:00:00 PST
Frame 9 user MAIL: (MAIL)MAILER 
Tue, 13-Feb-96 14:00:00 PST
Frame 9 user MAIL: (MAIL)MAILER 
Tue, 13-Feb-96 15:00:00 PST
Frame 10 user MAIL: (MAIL)MAILER 
   t dó