
24-APR-1995	10:04

TOTAL PAGES 1692435  FILES 22345

  INHOUSE	QUOTA		  OVER		OUTHOUSE

1681717   20615                          10718   1730


GLOBAL ACCOUNT 1  75923 2726 4%

75923   2726                             0   0

 71  54009 1258 100000 SYS
 78   5575   52  14500 SRA
 82   3270  591 250000 BILLING10
 86   2610  123  50000 FTSYS
 89   2322  231  25000 UTIL
 92   2313    3   5000 HOLD
 94   1735   77  25000 *1BATCH
 96   1314  161  25000 UFD
 97    695    3   1250 PERPOPER
 98    598   34  75000 SPOOL
 98    457   86  20000 OPER
 99    322   47  10000 SRATECH
 99    203   11   5000 JMILLER
 99    164   15   5000 CUD10
 99    110    8   1250 SRAMOV
 99     93    9   7500 SRAUTIL
 99     64    7   1250 PALS
 99     60    6  25000 SRAVAL
 99      8    3   2500 BILLF
100      1    1  25000 CRASH
100      0    0      1 RAMOPS
100      0    0  25000 DANIELSR
100      0    0   5000 HIGHTOWER
100      0    0    312 DIAG10F
100      0    0 1000000 SSEREP
100      0    0  50000 TAPELIB

GLOBAL ACCOUNT 3  84145 7832 4%

84145   7832                             0   0

 17  14897  994  25000 M33
 32  12489 1656  20000 LINK10
 46  11333  772 200000 CARL
 56   9010 1176  25000 WRS
 67   8661  859  10000 MPL
 76   7934  494  58000 JMS
 80   3783  298   5000 SPL
 85   3577  166  25000 OSMAN
 88   2562  499  10000 SUBMIT
 90   2074   15  20000 OSP
 92   1290  164   1250#SPPOPER   40
 93   1253  250   1250#SAILIB    3
 95   1188   84   1250 OSU
 96   1128  203   5000 XEXEC
 97    980   44  25000 MAIL
 98    854  115   1250 PEAK
 99    746   32 100000 SPPARCH
100    386   11  34464 YEUX

GLOBAL ACCOUNT 4  6976 712 0%

6976   712                               0   0

 35   2458  342  25000 ACTRTY
 69   2369  240 250000 UAS
 93   1662   82   5000 MNICHOLS
 99    427   30 250000 FCANNING
 99     47   14 500000 RJK
100     13    4  15000 PLUE

GLOBAL ACCOUNT 6  3841 165 0%

3841   165                               0   0

 56   2158   26  50000 UN1
 94   1473   75   2500 *6NEWS
100    210   64  25000 PJ
100      0    0  25000 USEVAL

GLOBAL ACCOUNT 7  12730 86 0%

12730   86                               0   0

 35   4503   28   7500 FTMAGNUM
 70   4409   28   5000 XMAGNUM
100   3818   30  12500 MAGNUM

GLOBAL ACCOUNT 11  7221 812 0%

7221   812                               0   0

100   7221  812  25000 UPL

GLOBAL ACCOUNT 10056  1108 317 0%

453   139                                655   178

 61    277   80    500 NCSALES            95    627  168    642 LASALES
100    176   59    221 OCSALES           100     28   10    100 INFORMATION
100      0    0    100 OHSALES

GLOBAL ACCOUNT 11011  197 10 0%

197   10                                 0   0

 94    186    7  10000 RKLUTE
100     11    3  25000 GMASTERS
100      0    0   1200 NSMITH

GLOBAL ACCOUNT 11016  151 35 0%

151   35                                 0   0

100    151   35   5000 SPOOLRM

GLOBAL ACCOUNT 11020  20963 1692 1%

15708   925                              5255   767

 49   7731  598  15000 NTS               100   5255  767   6000 NOVAFIELD
 98   7690  236  50000 TKOCHMANN
 99    213   61  20000 DDREW
 99     49   23 100000 ARICHARDSON
100     25    7    500 MBENOIT

GLOBAL ACCOUNT 11334  2058 256 0%

2056   255                               2   1

 73   1506  241   2000 JJOELS            100      2    1   7000 DECNET
 98    513   11   6250 ISISDOC
100     37    3  20000 ISIS

GLOBAL ACCOUNT 11346  13 6 0%

13   6                                   0   0

100     13    6   1250 WAR

GLOBAL ACCOUNT 11447  2213 265 0%

2213   265                               0   0

 34    768   35   1250 TBATLIB
 51    367  106  25000 SSPAMSYM
 67    359   26   1250 FTTBA
 78    253    8  25000 SSBACKUP
 89    228   37  12500 SSINSTALL
 94    109   36  20000 JCLMIN
 97     79    6  10000 VALIDATE
 99     36    4   1250 SSUTIL
 99     12    6  25000 SSPAMBIN
100      2    1   7500 QASYS
100      0    0    625 SSVALSUP

GLOBAL ACCOUNT 11653  0 0 0%

0   0                                    0   0

                                           0      0    0 125000 SPOOLING

GLOBAL ACCOUNT 13107  2034 53 0%

2032   52                                2   1

100   2032   52   2500 CRABBS            100      2    1   1000 DTROL

GLOBAL ACCOUNT 14717  74 16 0%

74   16                                  0   0

100     74   16   1250 RODRIGUEZL

GLOBAL ACCOUNT 21475  5824 93 0%

5824   93                                0   0

100   5824   93  10000 SULLIVAN

GLOBAL ACCOUNT 21476  97668 1329 5%

95991   1132                             1677   197

 78  75484  328 120000 NEEDLEDATA         55    938  173   1250 NEATECH
 91  12135  530  20000 PERSTATS          100    739   24   1000 HQTECH.TIP
 96   5260   93   6500 DNDSPEC
 99   2797  155   5000 MSS
 99    150   12    200 SCHOU
 99    122    9    500 X.PC
100     43    5   1300 WRFS
100      0    0   1300 HIGASHI
100      0    0 NO DUL ENTRY FOR [21476,500467]

GLOBAL ACCOUNT 21477  1341587 4331 79%

1339185   3892                           2402   439

 82 1108104 1074 1200000 NETSTAT          48   1163  133   5000 MSL
 92 135666   62 400000 NETSTAT2           90   1019  265   1250 EODA
 94  26567  682  37000 MSNTRACK           99    206   36  25000 ANALYSIS
 96  24688  675  50000 SYSDAT            100     14    5   1250 MSINFORM
 98  22483  121  25000 NTRACKDATA        100      0    0  25000 PRODNET
 99   9213  118 250000 TYMNET
 99   6391  439  25000 NETENG
 99   1813  284   2000 SDSPROGS
 99   1565  146  20000 NTRACKPROGS
 99   1535  235   2000 CAROTHERS
 99    630   11  10000 AUTODIST
 99    381   24   1250 SKIM
 99     85   14    500 RASMUSSE
 99     53    4    100 DAULTON
 99      9    2    500 GHWANG
100      2    1 100000 ROY
100      0    0 100000 MSOTELCO
100      0    0 100000 CWINTER
100      0    0 100000 MARCOMM
100      0    0    500 TMACCARONE
100      0    0  35000 ENGNTRACK

GLOBAL ACCOUNT 27514  1013 94 0%

1013   94                                0   0

 36    373   10    500 JAMMERMANN
 58    217   27    500 TNSM
 79    214    3    500 MDISES
 92    128   45    500 CYOUNGER
 99     79    8    100 SWNET
100      2    1      5 AROSS

GLOBAL ACCOUNT 32120  36 3 0%

3   2                                    33   1

100      3    2     50 DBTAR             100     33    1     50 DBMAN
100      0    0      1 DBENG

GLOBAL ACCOUNT 44047  2387 636 0%

1954   555                               433   81

 95   1867  535   5000 WATECH             84    368   71    500 RFISHER
 99     81   17    500 CKOCIOLEK         100     65   10    100 JMAGNAN
 99      4    2      5 ACHASE
100      2    1      5 MERICKSON
100      0    0     50 JWHITE

GLOBAL ACCOUNT 44054  22001 538 1%

22001   538                              0   0

 88  19496   54 100000 CTSFORD
 99   2457  474   2531 CTS
100     48   10    100 ETSVA

GLOBAL ACCOUNT 44060  716 141 0%

716   141                                0   0

 57    411   97    500 JOLEARY
100    305   44   1250 ANNARBOR

GLOBAL ACCOUNT 44061  50 19 0%

50   19                                  0   0

100     50   19   1000 SSETO

GLOBAL ACCOUNT 44251  0 0 0%

0   0                                    0   0

  0      0    0   1000 LFULLER

GLOBAL ACCOUNT 44266  1 1 0%

1   1                                    0   0

100      1    1      5 ETAM

GLOBAL ACCOUNT 44267  1246 112 0%

1246   112                               0   0

 94   1181   97      5 INTLINFO
100     65   15    500 MRINDGE

GLOBAL ACCOUNT 47256  0 0 0%

0   0                                    0   0

  0      0    0 NO DUL ENTRY FOR [47256,555520]
  0      0    0      5 HORTONJ

GLOBAL ACCOUNT 60442  234 63 0%

0   0                                    234   63

                                         100    234   63  20000 BOXT

GLOBAL ACCOUNT 62726  25 2 0%

0   0                                    25   2

                                         100     25    2   1250 ACAISSE
 