!gfd osnf

!pcom (jms)tar.ctl fta3:/log
!
!; This file is used to copy all the TYM and CMD files from a PDP-10
!; to a UNIX system.  It is used for converting Private Nets to CMS
!; and Subnets to GNS.      -Joe Smith and Carl Baltrunas.
!
!set tty lc

!run (xexec)minit

!tar cvfxxxxx fta3: *.BND *.NI# *.N0# *.N1# *.TMP *.*
excludefile: *.BND
excludefile: *.NI#
excludefile: *.N0#
excludefile: *.N1#
excludefile: *.TMP
 tarfile: fta3:
file: *.*
c ./osnf/ta3607.c01, 197 (305), 640, 40673, 3, 4311247454
c ./osnf/ta3607.c02, 248 (370), 640, 40673, 3, 4311247550
c ./osnf/ta3607.c00, 296 (450), 640, 40673, 3, 4377234304
c ./osnf/ta3607.mer, 68 (104), 640, 40673, 3, 4510627704
c ./osnf/ta3607.cmd, 216 (330), 640, 40673, 3, 4515640410
c ./osnf/ta3607.tym, 1278 (2376), 640, 40673, 3, 4523302600
c ./osnf/ta3607.ass, 226 (342), 640, 40673, 3, 4523343344
c ./osnf/ta3607.doc, 18394 (43732), 640, 40673, 3, 4524061620
c ./osnf/ta3607.t01, 2292 (4364), 640, 40673, 3, 4524013260
c ./osnf/ta3607.t03, 1144 (2170), 640, 40673, 3, 4537222660
c ./osnf/ta3607.t02, 8944 (21360), 640, 40673, 3, 4524061430
c ./osnf/ta3607.c03, 274 (422), 640, 40673, 3, 4532260514
c ./osnf/ta3607.d03, 46749 (133235), 640, 40673, 3, 4626503560
c ./osnf/dummy, 0 (0), 640, 40673, 3, 4562652044
c ./osnf/sp3160.cmd, 245 (365), 640, 40673, 3, 5161353774
c ./osnf/sp3160.c04, 221 (335), 640, 40673, 3, 4543736064
c ./osnf/sp3160.c01, 242 (362), 640, 40673, 3, 4647037340
c ./osnf/sp3160.t02, 2235 (4273), 640, 40673, 3, 5035310720
c ./osnf/sp3160.ass, 192 (300), 640, 40673, 3, 4746070660
c ./osnf/sp3160.tym, 1517 (2755), 640, 40673, 3, 4746070564
c ./osnf/sp3160.c00, 301 (455), 640, 40673, 3, 4466265210
c ./osnf/sp3160.c02, 205 (315), 640, 40673, 3, 4746071240
c ./osnf/sp3160.t04, 544 (1040), 640, 40673, 3, 4032473150
c ./osnf/sp3160.t03, 1040 (2020), 640, 40673, 3, 4552342060
c ./osnf/sp3160.c03, 285 (435), 640, 40673, 3, 4566752564
c ./osnf/sp3160.t01, 7181 (16015), 640, 40673, 3, 4675367554
c ./osnf/sp3160.mer, 56 (70), 640, 40673, 3, 4746070754
c ./osnf/goodgy.bt, 758 (1366), 640, 40673, 3, 4300072340
c ./osnf/sp3110.ass, 158 (236), 640, 40673, 3, 4710073520
c ./osnf/sp3110.cmd, 248 (370), 640, 40673, 3, 5161350460
c ./osnf/sp3110.tym, 1447 (2647), 640, 40673, 3, 5030655164
c ./osnf/sp3110.c01, 330 (512), 640, 40673, 3, 5211122414
c ./osnf/sp3110.c00, 296 (450), 640, 40673, 3, 4710073424
c ./osnf/sp3110.t01, 2282 (4352), 640, 40673, 3, 4710073520
c ./osnf/sp3110.mer, 46 (56), 640, 40673, 3, 4710073614
c ./osnf/sp3110.bak, 330 (512), 640, 40673, 3, 5211115104
c ./osnf/bt3701.cmd, 245 (365), 640, 40673, 3, 4275305154
c ./osnf/bt3701.doc, 20316 (47534), 640, 40673, 3, 4474462204
c ./osnf/bt3701.t02, 947 (1663), 640, 40673, 3, 4300621724
c ./osnf/bt3701.ass, 177 (261), 640, 40673, 3, 4300622114
c ./osnf/bt3701.mer, 55 (67), 640, 40673, 3, 4303253664
c ./osnf/bt3701.d02, 34937 (104171), 640, 40673, 3, 4313767050
c ./osnf/bt3701.c00, 397 (615), 640, 40673, 3, 4372623254
c ./osnf/bt3701.c01, 243 (363), 640, 40673, 3, 4457047130
c ./osnf/bt3701.bak, 485 (745), 640, 40673, 3, 4462047474
c ./osnf/bt3701.tym, 1472 (2700), 640, 40673, 3, 4464101400
c ./osnf/bt3701.t01, 1611 (3113), 640, 40673, 3, 4474462110
c ./osnf/bt3701.c02, 541 (1035), 640, 40673, 3, 5161615004
c ./osnf/tar.log, 3222 (6226), 640, 40673, 3, 5232172740
 tarfile: fta3: closed.

!LOGOUT
93.39 tru
terminal time: 0:00:39

[Job (JMS)TAR.CTL completed]
[Output recorded in file (OSNF)TAR.LOG]
!gfd ukl

!pcom (jms)tar.ctl fta3:/log
!
!; This file is used to copy all the TYM and CMD files from a PDP-10
!; to a UNIX system.  It is used for converting Private Nets to CMS
!; and Subnets to GNS.      -Joe Smith and Carl Baltrunas.
!
!set tty lc

!run (xexec)minit

!tar cvfxxxxx fta3: *.BND *.NI# *.N0# *.N1# *.TMP *.*
excludefile: *.BND
excludefile: *.NI#
excludefile: *.N0#
excludefile: *.N1#
excludefile: *.TMP
 tarfile: fta3:
file: *.*
c ./ukl/afdaux.sav, 10046 (23476), 611, 16512, 47256, 3325520660
c ./ukl/loadii.prf, 5128 (12010), 640, 16512, 47256, 3535771264
c ./ukl/prb35.p02, 174 (256), 640, 16512, 47256, 3576174644
c ./ukl/ontyme.inp, 2018 (3742), 640, 16512, 47256, 3644645270
c ./ukl/iclh01.t00, 638 (1176), 640, 16512, 47256, 4043132104
c ./ukl/iclh01.c00, 179 (263), 640, 16512, 47256, 4043132104
c ./ukl/lngrid.rel, 1810 (3422), 640, 16512, 47256, 4065755170
c ./ukl/lngrid.v02, 2699 (5213), 640, 16512, 47256, 4065755264
c ./ukl/ncc.c01, 178 (262), 640, 16512, 47256, 4256034734
c ./ukl/ncc.c00, 271 (417), 640, 16512, 47256, 4256034734
c ./ukl/ncc.mer, 52 (64), 640, 16512, 47256, 4256035030
c ./ukl/ncc.ass, 171 (253), 640, 16512, 47256, 4257550724
c ./ukl/ncc.tym, 1340 (2474), 640, 16512, 47256, 4264242744
c ./ukl/sna03.p03, 11025 (25421), 640, 16512, 47256, 4314467644
c ./ukl/signs.rel, 830 (1476), 640, 16512, 47256, 4423311354
c ./ukl/menu26.xry, 7836 (17234), 640, 16512, 47256, 4461035144
c ./ukl/sna03.i03, 143534 (430256), 640, 16512, 47256, 4553313264
c ./ukl/sna03.r03, 2504931 (11434343), 640, 16512, 47256, 4553313644
c ./ukl/tmcsbg.002, 31973 (76345), 640, 16512, 47256, 4561517470
c ./ukl/hourly.set, 349 (535), 640, 16512, 47256, 4614013470
c ./ukl/access.lis, 1 (1), 640, 16512, 47256, 4620506070
c ./ukl/hourly.old, 930 (1642), 640, 16512, 47256, 4620506070
c ./ukl/hour15.doc, 2128 (4120), 640, 16512, 47256, 4620506070
c ./ukl/memsiz.nad, 378 (572), 640, 16512, 47256, 4625451364
c ./ukl/msg278.pat, 188 (274), 640, 16512, 47256, 4625451364
c ./ukl/idle.pat, 242 (362), 640, 16512, 47256, 4625451364
c ./ukl/segsiz.nad, 497 (761), 640, 16512, 47256, 4625451364
c ./ukl/psegsz.nad, 679 (1247), 640, 16512, 47256, 4625451364
c ./ukl/cmtieg.cmd, 297 (451), 640, 16512, 47256, 4625451364
c ./ukl/utsteg.cmd, 251 (373), 640, 16512, 47256, 4625451364
c ./ukl/un2eg.cmd, 198 (306), 640, 16512, 47256, 4625451364
c ./ukl/sdlceg.cmd, 370 (562), 640, 16512, 47256, 4625451364
c ./ukl/lngrid.v01, 2583 (5027), 640, 16512, 47256, 4625451364
c ./ukl/ncc.t01, 2294 (4366), 640, 16512, 47256, 4625451364
c ./ukl/ncc.cmd, 205 (315), 640, 16512, 47256, 4625451364
c ./ukl/gonet.req, 839 (1507), 640, 16512, 47256, 4625451364
c ./ukl/brough.req, 928 (1640), 640, 16512, 47256, 4625451364
c ./ukl/hgtyme.req, 798 (1436), 640, 16512, 47256, 4625451364
c ./ukl/apsley.req, 677 (1245), 640, 16512, 47256, 4625451364
c ./ukl/loadii.req, 6027 (13613), 640, 16512, 47256, 4625451364
c ./ukl/load3.req, 1825 (3441), 640, 16512, 47256, 4625451364
c ./ukl/ctsbkp.pat, 2630 (5106), 640, 16512, 47256, 4625451460
c ./ukl/hourly.cmd, 176 (260), 640, 16512, 47256, 4625451460
c ./ukl/iclh01.i00, 42861 (123555), 640, 16512, 47256, 4626443470
c ./ukl/lngrid.tba, 2699 (5213), 640, 16512, 47256, 4626443564
c ./ukl/access.sav, 10485 (24365), 640, 16512, 47256, 4626443564
c ./ukl/afdl37.c19, 8809 (21151), 640, 16512, 47256, 4734071404
c ./ukl/afde37.c19, 21 (25), 640, 16512, 47256, 4734071764
c ./ukl/afdl37.c21, 8809 (21151), 640, 16512, 47256, 4734647750
c ./ukl/afde37.c21, 21 (25), 640, 16512, 47256, 4734650234
c ./ukl/afdl37.c22, 8719 (21017), 640, 16512, 47256, 4735063510
c ./ukl/afde37.c22, 21 (25), 640, 16512, 47256, 4735064070
c ./ukl/afdl37.c23, 8809 (21151), 640, 16512, 47256, 4735334404
c ./ukl/afde37.c23, 21 (25), 640, 16512, 47256, 4735335060
c ./ukl/afdl37.c24, 8897 (21301), 640, 16512, 47256, 4735605204
c ./ukl/afde37.c24, 21 (25), 640, 16512, 47256, 4735605470
c ./ukl/afdl37.c25, 8899 (21303), 640, 16512, 47256, 4736055710
c ./ukl/afde37.c25, 21 (25), 640, 16512, 47256, 4736056270
c ./ukl/afdl37.c26, 8899 (21303), 640, 16512, 47256, 4736327734
c ./ukl/afde37.c26, 21 (25), 640, 16512, 47256, 4736330220
c ./ukl/afdl37.c28, 8899 (21303), 640, 16512, 47256, 4737050204
c ./ukl/afde37.c28, 21 (25), 640, 16512, 47256, 4737050470
c ./ukl/009pea.001, 949 (1665), 640, 16512, 47256, 5112006204
c ./ukl/init.sav, 24752 (60260), 611, 16512, 47256, 3141623014
c ./ukl/afdmas.spc, 3 (3), 644, 16512, 47256, 3476567410
c ./ukl/afdncp.spc, 44 (54), 644, 16512, 47256, 3325521050
c ./ukl/afdgt1, 31 (37), 644, 16512, 47256, 3161346030
c ./ukl/printp.rel, 1344 (2500), 611, 16512, 47256, 3465450370
c ./ukl/printp.nod, 456 (710), 640, 16512, 47256, 3506450170
c ./ukl/asup41.p04, 483 (743), 640, 16512, 47256, 3665340170
c ./ukl/a, 120 (170), 640, 16512, 47256, 3671007224
c ./ukl/osgrid.rel, 1649 (3161), 640, 16512, 47256, 4065756130
c ./ukl/nmicro.c01, 247 (367), 640, 16512, 47256, 4162134060
c ./ukl/vldwa.tst, 899 (1603), 640, 16512, 47256, 4314472674
c ./ukl/c03hbk.i00, 42861 (123555), 640, 16512, 47256, 4314475534
c ./ukl/c03hbk.t00, 638 (1176), 640, 16512, 47256, 4314475630
c ./ukl/c03hbk.c00, 179 (263), 640, 16512, 47256, 4314475630
c ./ukl/c03hbk.c02, 179 (263), 640, 16512, 47256, 4314475630
c ./ukl/c03hbk.c03, 179 (263), 640, 16512, 47256, 4314475630
c ./ukl/c03hbk.c04, 265 (411), 640, 16512, 47256, 4314477624
c ./ukl/c03hbk.lis, 199 (307), 640, 16512, 47256, 4314477720
c ./ukl/consat.c01, 260 (404), 640, 16512, 47256, 4315662670
c ./ukl/rel.v10, 5202 (12122), 640, 16512, 47256, 4421125260
c ./ukl/rel.v20, 6285 (14215), 640, 16512, 47256, 4421125544
c ./ukl/cltopt.tst, 979 (1723), 640, 16512, 47256, 4423311734
c ./ukl/menu27.xry, 7836 (17234), 640, 16512, 47256, 4461035144
c ./ukl/kernel.rel, 1159 (2207), 640, 16512, 47256, 4474457724
c ./ukl/mmeg.tst, 2370 (4502), 640, 16512, 47256, 4475451544
c ./ukl/peakfl.del, 15 (17), 640, 16512, 47256, 4523774640
c ./ukl/uksolo.ggy, 216 (330), 640, 16512, 47256, 4526232040
c ./ukl/rel.shr, 24587 (60013), 640, 16512, 47256, 4544632364
c ./ukl/rel.rel, 5562 (12672), 640, 16512, 47256, 4544632650
c ./ukl/rel.v21, 6502 (14546), 640, 16512, 47256, 4544632650
c ./ukl/c03c01.i00, 45752 (131270), 640, 16512, 47256, 4553323720
c ./ukl/c03c01.r01, 539327 (2035277), 640, 16512, 47256, 4553562260

I-O device error, channel 4 status 100017   FTA3:   
Called from 31075  Last SAIL call at 1403
^LReply [CR] to continue,
[LF] to continue automatically,
"D" for DDT, "E" to edit, "B" for BAIL,
"X" to exit, "S" to restart
O^
[Job (JMS)TAR.CTL completed]
[Output recorded in file (UKL)TAR.LOG]
!gfd ukmictym

!pcom (jms)tar.ctl fta3:/log
!
!; This file is used to copy all the TYM and CMD files from a PDP-10
!; to a UNIX system.  It is used for converting Private Nets to CMS
!; and Subnets to GNS.      -Joe Smith and Carl Baltrunas.
!
!set tty lc

!run (xexec)minit

!tar cvfxxxxx fta3: *.BND *.NI# *.N0# *.N1# *.TMP *.*
excludefile: *.BND
excludefile: *.NI#
excludefile: *.N0#
excludefile: *.N1#
excludefile: *.TMP
 tarfile: fta3:
OPEN: DEVICE NOT AVAILABLE
TYPE "R" TO RETRY, "X" TO GO ON WITHOUT
?Lfile: *.*
c ./ukmictym/mernew.sav, 19423 (45737), 640, 26312, 47256, 4206723604
ARRYOUT
: CHANNEL OR FILE NOT OPEN 4
Called from 31250  Last SAIL call at 1403
O?    