!initia
[Frame: 17 User: JMS on DETTTY program PCOM SL]
[Frame: 11 User: JMS on TTY173 (3170-0) program PCOM ^C]
[LONMSG VT100 MUX]
[LONSTD  9-Jan-90 11:08:37 Frame: 22 on TTY201 Network: 3170-0]
[LONCNF D25-P035/E-1 M02589 KL-10 #1460 4094 pages 128 frames 206 ports]
[LONSTS 7% 1000ms.  Uptime 14:53:56 28 users]

!sumls (tymnet)*.c##
netcon.cmd	0VATTIN6
nd2505.cmd	6COJTEV4
nd3513.c02	0VAFMOZ2
nd4017.c01	9RENKUP1
nd3020.cmd	4CEHLEL8
nd3216.c01	7YUCJEQ4
nd4224.cmd	6JASNIC9
636.c01	6WELJIW2
nd4134.c00	5JOBZON2
nd4134.cmd	4TORPIC0
nd4710.cmd	2BAZMUH1
nd4710.c00	6BIXYOW5
ue2110.cmd	7BOFVAL3
ue2110.c00	7LONZEV9
010tel.com	2FESYOF0
nd2037.c00	6CUBVOH7
nd2037.cmd	2YOMNIJ7
nd2037.c03	8JOXGUB6
nd2037.c01	5DOWTIY0
053tel.com	0MELYAB5
nd4001.c00	4BOGMEK7
nd4125.c00	8TEWCIB3
nd4315.cmd	2HIVBIJ7
nd2477.cmd	2YIRRUR3
nd3055.cmd	4VELWIL9
nd4162.cmd	2NESCEC7
nd2461.c00	2YUBYIY8
nd2461.cmd	8QOQXAC8
nd2461.c01	2SIKJUV3
nd2461.c02	8POLDUZ5
nd3210.c00	9MUCTIR0
nd3210.cmd	0GATVOD5
mx3417.c03	0MELBAM9
nd2641.c00	2KUJNIZ0
nd2641.cmd	8ZICYEG3
nd2641.c03	7FEWTOX3
nd2641.c04	5HUXYAY9
nd2641.c01	4WELTUR0
ue3745.cmd	4KEKGAB8
ue3745.c00	4LUJMIF5
nd3737.c00	5FAKRUM0
nd3737.cmd	0ZEXQAZ8
nd3737.c01	2GIVQAN9
nd2641.c02	1HUCBIL9
nevget.cmd	6ZONROG4
nd4737.c00	3NEKGUQ6
nd4127.c01	5GUCVIC5
nd4037.c03	5DUWHEP0
nd4505.cmd	2HARMUQ5
nd6242.c01	5XAQTIS4
nd3263.cmd	9VOVCUX2
nd4730.c00	4XAXYUB7
nd4145.c01	2BOJVUK4
nd4210.cmd	2QOYWUD3
nd4021.c00	5VIDQEC1
nd4021.cmd	5KUQYAS3
nd4021.c01	9VIVKOY5
codver.cmd	1JEHYIF8
afdr25.c14	6BUFFIK9
telcpy.cf	7LICFEB0
telcpy.cmd	9YAFZOC7
ebus.ctl	5HIMBIC1
nd2643.c00	0DETMUS7
nd2643.cmd	5YITTUK1
nd3417.cmd	2VABROY0
swlist.ctl	0ZEVCEB0
522sc.cmd	7RUDTAP6
nd3320.c01	4YAQVIH4
nd3255.c00	9DAJSAM3
nd3255.cmd	6PAYWEC6
029tel.com	0MELYAB5
nd4560.c02	1LERSOD8
022tel.com	0MELYAB5
backup.ctl	7GASGIJ0
nd3006.cmd	1ROSLID2
backup.cmd	0BASTUN1
nd4417.c00	1YIXGEN7
nd4417.cmd	0NIXRUY0
nd3150.c00	5SAPRAQ4
nd3150.cmd	8KOTDIG1
nd3150.c02	0YESDIV3
nd3150.c01	8NUGVIX3
nd4203.c02	8MOYDAB8
nd4131.cmd	4SIBMED7
nd4131.c00	9QUMYOV2
014tel.com	0MELYAB5
fshspv.cmd	9WESHEG9
afdm70.c14	5JASSOR6
nd2663.c01	8GOVSIC2
nd3167.c00	1PEHCEX8
nd3167.c02	1JAXFOW4
nd3167.c03	9VEYSIS1
nd4364.cmd	1LATGAQ2
nd3313.c00	5GEWTOQ9
nd3313.cmd	1XOLZOS0
nd3313.c01	3PABZEM6
nd4463.c02	4NAWRUQ9
024tel.com	0BAXBEB3
nd4463.c03	1HAXPIT8
060tel.com	0MELYAB5
fshspi.cmd	5VIGXEQ8
eng.cmd	5WIRPUL7
nd2475.cmd	6GAYFEN8
nd3602.c00	5HUCRAK2
nd4716.c02	1RACKEL5
nd2225.c00	7KATBOT9
nd2225.cmd	4DIKHEW6
nd2225.c05	7KISXEP9
nd4322.c00	4CAPRUF1
nd4322.cmd	9VUMKAM3
nd4322.c01	7PUKWUR3
nd4322.c04	6VUSWIF8
nd4052.c00	2YUTLIH8
nd4052.cmd	5ZAZBUG2
nd4052.c05	1HUPVIG5
nd4052.c01	8WENBID1
nd4052.c04	6XIWBOX5
000tel.com	2PIFXAR5
nd3224.c01	2FUCXUW2
nd3512.c04	8LINWOF4
nd2505.c00	9FUQNAH1
nd6625.c01	9REVTOW0
nd4546.c00	6HOYHUV9
nd3200.c00	3CUKXEZ0
nd3200.c03	8TADMIM0
nd4744.c00	6CEPFOL4
nd4224.c00	8NAJDUB3
nd4627.c02	3PACYIF0
nd4627.c01	5YOJDUX3
nd4627.c00	6TEYWOQ6
nd4134.c01	3JERMIW4
nd4134.c02	3XIYQOC1
nd3745.cmd	0FITQEH5
nd3745.c00	5YUXTAX9
nd3745.c01	9RUHVUT7
nd3745.c02	7PADPOR4
nd3745.c03	0BAKZIX3
nd3772.c00	6DACRIL3
nd3772.cmd	3XOGKAJ6
nd3772.c04	8BUNSAK6
nd3772.c02	0HAWWIG4
nd4611.c00	0MUDZID3
nd4611.cmd	0FUNMEX3
nd4001.cmd	8KIJROK7
nd4001.c03	2BUCHOT8
nd4001.c02	9HIYJUC8
nd4001.c04	7NUYHUD1
nd4125.cmd	1DETGIQ7
nd4125.c02	7TEPSOZ8
nd4367.cmd	9FEPVOD9
nd4002.cmd	0ZEKKIH2
nd4002.c00	5ZEXLIC2
nd3622.c00	0DIHGIN5
nd3674.c02	5WADQED5
nd3210.c04	1LUMRAN2
nd3210.c01	1WEPJIW8
nd3210.c02	0XIBWUY3
nd3352.cmd	3KUDJON8
nd3352.c00	4HOMWUM3
nd3352.c01	8NEZSOH2
nd2407.c02	6JORQOY3
nd2407.c05	1XEYQED5
018tel.com	0JOLFOY3
nd3217.cmd	6FOTWIQ4
nd3217.c00	1DOGYAF4
nd4630.cmd	8JINLUC3
nd4630.c00	9FUTNAL9
009tel.com	7PAVYEC4
011tel.com	0MELYAB5
telhlp.cf	2RORTIK7
nd4737.cmd	4KECPAR7
nd4003.c03	2RITVAC8
nd3666.cmd	6HEYBOQ5
nd2500.c00	8XOWNOF9
nd2500.cmd	7GUVTOC3
nd4505.c00	3XAWKEZ5
nd4730.cmd	8VABGEZ7
nd4145.c00	4XESVAD2
nd4145.cmd	8RIHLOG7
nd4145.c04	7ZETPIY1
nd4210.c00	4LIHPIH5
nd3320.c00	3GUBMEJ8
nd3320.cmd	7JUFJOM3
nd2411.cmd	8YUQWIT3
nd3525.cmd	0COZQUL8
nd3525.c00	2LINGAH5
nd2733.c01	2TILFIB8
nd2463.c00	8PAGPAT0
nd3516.c00	6HOGWIW1
nd2643.c02	1QOBGEW0
nd4560.c00	9GEXXOF0
nd4560.cmd	0HONWAS7
ren.ctl	2CUQXEW0
nd3255.c01	1GIMQIW9
nd3255.c02	4NETQIJ5
nd4371.c00	1JAXHAX6
nd4371.cmd	6SUSTUP5
nd4371.c02	6FITDIL1
nd4371.c01	1MIFWOH9
afde25.c14	5DECVOW0
nd4203.c00	0FEWCEH3
nd4203.cmd	4PUFCEZ5
nd4570.c00	0YAJHOZ0
nd4140.c00	0ZUYRIG7
nd2430.c00	0KEBQET1
nd4113.c02	2RERBID3
nd2707.c00	7SIDTIK8
nd2421.c00	7VEZWOQ7
nd2421.cmd	6SONNEL6
nd2421.c04	7LILZIL0
nd2421.c03	5VOQMER7
nd3616.c01	0MEYGAZ7
codgen.cmd	5CITYUG5
nd2233.c03	3LEXMIP3
nd2233.c02	7XOHYUF2
ndn.cmd	9FIPPEJ7
nd3374.c00	4XUJHID6
nd3374.c01	3MUYTUQ5
nd3374.cmd	1LEQLUK4
nd2440.cmd	9XUNPID6
nd3347.c00	0FILJAT4
nd2447.cmd	8WAVJEK4
nd4402.c03	8VOJKAZ5
nd3610.cmd	2TEWCUW2
nd3610.c00	3RINBUD0
nd3610.c01	2ZEMQAX4
lr4611.c01	3HEGTEQ6
1121.cks	2WUDWEK7
nd2612.cmd	5ZOMRAW6
nd3161.c00	1XUBDOC1
nd3602.cmd	5POLQID6
nd2126.c00	4TEXWEV8
nd3512.c01	2HILXIG9
nd3602.c02	9JANQES5
nd4142.c00	4RUCKUH9
nd3474.c01	4YOWDUT9
nd2727.c00	4ZOJMER1
nd3672.c00	4HEYZIM5
nd3672.cmd	5JIVMOP4
nd4610.c00	6WABBEX2
nd4610.cmd	8GOPKAK0
nd4160.c01	5BEJLIP5
nd4160.cmd	6RAVTIH1
nd4160.c00	3ZOQSIK6
nd3431.cmd	3FIVGAB8
nd3431.c00	0WUZKUJ3
nd3431.c01	5PADCAN2
nd2110.c02	3MEMBAZ1
nd2110.c03	3NONCAM0
nd4520.c01	2ZOZZIS9
nd3224.cmd	7HOJPED7
nd3224.c00	6QEZVUW8
nd2727.c05	3MEPCAG5
043tel.com	4DAPVEK6
nuke.c11	4SINRAB4
nd3063.cmd	7CIZDUH9
nd4546.cmd	3QERDIS9
nd3270.c00	8RAWJAH7
nd3200.cmd	4CEZNOM5
nd3200.c02	7BOGNOW3
nd4206.c00	1ZEZFIF1
nd3234.c00	9RIQMAX4
nd3234.cmd	3DICWEV6
nd3531.c02	2HIFQIZ8
nd3020.c00	9WOTROH5
nd4735.c01	0MAMTIB7
nd4611.c02	3FUWHEC2
nd3556.cmd	5KOVWEL2
nd3556.c00	0MUVPOG2
nd4125.c03	1CAPKIZ8
status.con	5ZOTZON8
nd4367.c00	2LAQCUG3
nd3102.c00	1BULWIC3
nd3102.cmd	5LESKEF6
nd4763.cmd	7PAZLUN2
nd4333.c00	0XAKLOB5
nd2310.c00	6LOFRUP2
nd4522.c00	7REMKUH3
nd4522.cmd	7QICXEG5
nd3210.c03	2DUCHAV2
nd2722.c00	1HUWHUB2
nd2722.cmd	3ROCNOG8
nd2722.c03	3GUJMOZ7
nd2722.c02	2LOSHAH6
ndd260.cmd	7XIGFEL8
nd3211.c00	8NEPNEJ8
nd4120.c00	5DEWRUG5
nd4120.cmd	9CUFGER1
nd2500.c06	3WAFRUF1
nd3576.c00	2SAWBAT8
nd3576.cmd	5KELPEN8
sumls.ctl	7XOHJOM1
nd2716.c00	9VIJLAJ1
nd4203.c01	6ZIMKEW0
nd4570.cmd	8WAXLUJ8
nd2430.cmd	7YELQEL5
nd2430.c01	0YOGNUB9
nd4570.c01	4KUCVAF1
nd2707.cmd	7XEHBIM6
nd4775.c03	4GUHMUJ3
nd2662.c02	1WAHFUH1
nd4624.cmd	9BUHZIC6
nd4624.c00	9GAHSEH1
nd3526.c01	2LAXFEK5
nd2644.c00	2REYCOB8
den1.ck	0VAVVAV0
tiic05.c11	8JOFTIW9
nd3474.c00	9VAFCUR7
nd2333.c01	9ZATNAS5
nd4725.c00	2HIJXIZ1
nd4511.c00	9VOFROF1
nd2727.cmd	9QAXGOQ3
nd4617.c00	6NABKAV2
nd4617.cmd	8MIBFUQ9
nd4617.c01	9BAYLIR2
nd4626.c01	3JEFTOR8
nd3350.c01	3HEDREP4
nd3350.c00	3YAXLIH0
nd3350.cmd	8GIFVIZ3
nd3350.c03	7QOMDAP6
nd3350.c02	0ZEDRIT6
nd4740.c00	0MAWBOY1
nd4740.cmd	1POYVIY3
ndnw36.cmd	8LOTFEV4
nd4335.cmd	9XUNHEV8
nd2463.cmd	7TADXAJ7
nd2166.c00	8GEXTEK7
nd2166.cmd	5KIRKAZ0
nd2643.c03	0PECZEQ7
nd4560.c04	8LUYWUY0
nd4560.c03	7WATNUK5
nd3534.c01	5BUSPIZ1
corsiz.cmd	9PABPAP4
1120.cks	1PEYJUB3
nd4463.c00	8WIXCAH2
nd2366.c01	2WOHSUZ5
nd2611.c02	6LUHSAJ5
nd4544.c00	8HIZYUN7
nd4544.cmd	3GEWVUC3
nd3437.c00	9COLZEL4
nd3437.cmd	6VOBHOX8
nd3437.c01	2PEPGIM2
tymsat.cmk	0VAYSOJ0
nd3161.c02	4JOJBEH6
nd3474.cmd	5MAGTUY1
nd4725.c01	2MURWEG2
nd3710.c01	2LIJZUK3
nd4707.c01	6KOKCES7
nd4707.cmd	9JEMQUW7
nd4707.c00	5FIGMOV5
nd4662.c00	4VIFQAF4
nd4662.cs1	0VAVVAV0
nd4142.cmd	9WALDOH8
nd3117.c00	5GEGZOT6
nd3063.c00	3TASMEC8
nd4663.c00	8YARBOD8
nd3270.cmd	3BISHAM7
nd3270.c03	9QARMOF3
nd3216.c00	3NEBCIH4
nd3216.cmd	1JOGVIS3
nd4744.cmd	2CIMHOG6
nd3306.c01	3DOBNUK3
nd3162.c00	7BIMTUF9
nd3162.cmd	9KOXZAJ1
nd3727.c00	6TAZGEC9
nd3727.cmd	2WURRIY8
nd2716.cmd	2YUWTUZ3
xcom.cmd	5TUWDEN7
nd3616.cmd	9DUVWEJ3
nd4543.c02	8ZUNYIT1
nd4140.c01	1KEZXUQ1
nd4570.c03	6DESYIF2
nd3767.c00	0RIQFOL7
nd2707.c04	6POPVUW7
nd3767.c04	1MEDZEC2
nd2644.cmd	6VOJFOV8
nd4705.c01	0HATVAQ3
nd3741.c00	0YAQZAF2
xx3737.c04	6HAPXEW6
nd3147.c00	1LUGNEY1
nd3147.cmd	7YEVYIB9
nd2060.c00	5SAJQOQ7
nd3516.cmd	5SUNHAD7
nd3732.c00	7XELZIZ0
nd3732.cmd	7HEXBOV8
nd4655.c00	7CUSWEJ7
me3541.cmd	1ZIBGOP1
nd3665.c01	2RIYLUP1
nd4333.cmd	0GEXNOZ7
nd2657.c00	8MODNIC3
nd2310.cmd	8NEMTUR7
nd4702.c00	2FIHROW6
nd4702.cmd	3XUNRIM4
nd4333.c05	2JOWFEJ8
nd4072.c00	6FIJSAM7
nd4072.cmd	1DITBES7
nd4072.c03	6HINQOM0
nd2775.c00	2TINVIS9
nd2775.cmd	8TOPVOW6
1115.cks	2BOYGAZ7
nd3576.c02	8PUWLEC0
nd3211.c03	0HAHRUW4
nd4037.c00	8MIMVIN1
nd4037.cmd	6DUYJOS9
nd3470.c04	4TOWKUW6
nd3137.c00	5TUSBED7
nd3137.cmd	2YOKNIW6
nd3137.c01	2JEPTEY6
nd3137.c02	5WEYQUQ7
nd3403.c00	3DOGMOW4
1isis.cmd	1JEGXUH1
nd2177.cmd	1ZEFFIQ2
nd4463.cmd	7QOSKUF7
nd2375.c00	6KOVZEM0
nd2375.cmd	4HAZLEH1
nd2611.c00	9GADLET9
nd2611.cmd	6XEWWOV3
nd2546.c00	2PUMHOG5
nd2546.cmd	5MIJGUG0
nd4076.c00	6TUPXOK5
nd2611.c03	6YOBTUK5
nd3347.cmd	7DAZQED2
nd3347.c03	6RECTIM5
nd4402.cmd	9XARWUY5
nd3741.cmd	8YEGXAJ2
nd2454.c00	2ZOFLOF6
nd4477.c00	6PALCEZ9
nd4740.c04	5FOTYEZ7
nd2733.cmd	6LOVLIF8
nd2733.c00	3GUJGUF1
nd2463.c05	3PECQUD6
nd3066.cmd	3XAVBIT6
nd4524.c00	3ZOTVAZ7
nd3147.c03	1VOVSUT8
nd3417.c00	0NOMMIT4
nd3534.c00	4SOBNUX5
nd3534.cmd	0NAGZON4
out.c01	5HUPCEN9
nd2567.c00	7YAKVOB2
nd2567.cmd	2TUVKOK8
nd4655.cmd	2MOMJEX2
nd3433.c00	7QICSEK2
nd3433.cmd	5QETREM4
nd4002.c01	2MINJON1
nd2407.c00	4XUNQAG3
nd2407.cmd	3SIKTIK6
nd2362.cmd	6KUNFUY0
nd2362.c00	8GAVNAJ7
nd2560.cmd	3BATGAW7
nd3102.c01	7YADCIM1
nd4072.c04	6WUFSIF4
nd3247.c00	1FOYYES0
nd3247.cmd	1ZIQKAL2
nd3247.c02	8RIFREF8
nd3373.cmd	3MITCEF4
nd2077.c00	8VEGWAC4
nd2077.cmd	2NEZVUC0
nd4417.c01	7LOSBAJ8
nd4140.cmd	3YUDWOQ1
nd2430.c02	8SUYZUQ0
nd4113.c03	8SOMZIS2
nd4561.c00	9BEGPUH3
nd4633.c00	0VASVAW1
nd4633.cmd	7VEDGER1
nd4462.c00	5ZONGOW4
nd4462.cmd	5TOXQIT8
nd3767.cmd	4PIYJOL9
nd3526.c00	8COWSOT1
nd3526.cmd	5KOCVEG6
nd3526.c04	1SABTAT4
nd3526.c02	3KITQAJ8
nd3526.c03	3BOLSIB1
dir1.cod	4QOXNOC0
show.c11	8BONBIT2
nd4663.cmd	3NOHSAG3
nd4010.c00	3REHFUN3
nd3270.c02	8MUMVOJ7
nd4152.c00	2SUXPIJ7
nd4206.cmd	5JOLMIY6
nd3252.c00	5QUDQEJ7
nd3252.cmd	1BUKLIL0
nd4521.c00	3TEVMUD2
nd4521.cmd	2FIJZIT4
nd4521.c01	3XOLRIN7
nd4521.c02	9GIPWEZ7
nd4521.c03	9LUWSOM4
nd3565.cmd	2RENRAT7
nd3565.c00	7DEZNEL7
nd2165.cmd	3QAGRAR3
nd2444.c00	6ROGMIW4
nd2444.cmd	2REJKOL3
nd2426.c00	1ZIMZIZ0
nd2426.cmd	0REYQEQ2
nd4120.c01	7DIWFEN6
nd3211.c04	4FUXTUK2
nd3576.c01	8FEWQUL5
nd4120.c02	1PAYGID3
nd3470.c00	3ZAKBAK3
nd3470.cmd	0QEJYUL3
nd3263.c01	7FOQPUM5
nd3263.c00	6QUXSIL8
nd2405.cmd	7HOPGIM6
nd3161.cmd	7DULTEP2
nd4545.c00	6MUBCIL1
nd4545.cmd	1KUVCOV4
nd3771.c00	1SAGNIW0
nd2637.c00	5ZEGXOK5
nd2333.cmd	9NITDIV1
nd4725.cmd	1FOWGOP6
nd3062.c00	5SOWXAZ2
nd3602.c01	0PEVLIP7
nd4142.c02	1LUMLUK5
nd4266.c00	3QIQLIR5
nd4266.cmd	9NIWLAZ3
nd2233.c00	5JUQNEW0
nd2233.cmd	6RASWIK2
nd2663.cmd	4HOVNEX7
nd3601.c00	6CAHKUN4
nd4724.c00	8LENKAY0
nd4141.c00	5COTCUJ8
nd4402.c04	8REFNOD5
cl2722.c04	5LEWGOB0
nd4042.cmd	7DAMLAY1
nd4042.c00	3ZORFIB7
nd2525.cmd	3JAZZOH1
nd4127.c00	9MECKUZ2
nd4127.cmd	2NOFPOT5
nd2471.c00	4NODSEV3
nd2471.cmd	8GIWGAB7
nd2775.c01	4BORSAG4
nd2775.c03	0YITVUF4
nd3756.c00	2BAQZAH8
nd3756.cmd	5FOGTUS8
nd3756.c04	4KUWQES8
nd2444.c01	2SEJLAQ7
nd2273.c00	6GUGCER1
nd2273.cmd	6CACXIV4
nd3576.c04	4MUJTAX4
nd2336.c00	2JUGZIF3
nd4037.c01	9GOZMIP9
backup.czk	7GILDAK3
nd2241.c00	5YAPGOV4
nd2034.c03	3YAHZEG8
nd2077.c03	5COJRAL6
nd2455.c00	1XOZFIY7
nd2455.cmd	1SIFRIR8
nd3742.c00	2DOMWEZ0
nd3742.cmd	3YUDVOV9
nd4570.c04	1LABQAQ2
nd2347.c01	4CEQRUJ0
nd3240.c01	5PIPZIJ0
nd2077.c02	4SOHDUM0
nd3742.c03	7LIYMIK5
nd3616.c00	7KISCIF7
nd2257.c04	7PIYQIB9
nd4775.c02	2VARKUV2
nd3742.c05	9YUCWOW3
nd4032.cmd	5POVPUQ5
nd4032.c00	6DOVDAV0
nd3735.c04	7PAZKAM9
nd4374.c00	0REWDUH8
nd3771.cmd	9MAXXUZ8
nd3771.c01	1XUMGUB4
nd3564.cmd	3KUJBEK2
nd3564.c00	9HESWIZ4
nd4016.c00	0LUMFAJ7
nd2736.c00	8NIMRIR6
nd2736.cmd	4WOBZIC3
nd3062.cmd	5HAVYIT0
nd4331.c00	9POJZAX4
nd4662.cmd	9NESGOM0
nd2126.cmd	7FIHYUW4
nd4133.c00	7YOXMIL8
nd4133.cmd	9JUKMUB2
nd4142.c01	9RUMDEM4
nd4716.c00	0GOHFIX2
nd3771.c04	4NATJUM1
nd3242.c00	7RUGJET9
nd4133.c03	8KIYVAG7
nd2202.c00	0FIMDIZ7
nd2202.cmd	2PEWNID4
nd2202.c01	0MAXVED3
nd3665.c00	4LIVYAB4
nd3163.c00	7JOGNEM3
nd3424.c00	0WUHVAD5
nd3424.cmd	7CEDQOG0
nd4333.c01	8BASBAY3
nd2657.cmd	8CEZFIX5
nd3674.c00	6ZONWEL7
nd3674.c04	4QUJLEX4
nd3102.c02	7PIBVIX3
nd3541.cmd	8BELYUF0
nd4531.c00	0TINQOW5
tiii05.c	5KIFFOC8
nd3322.c02	6LETKUX4
nd2305.c04	2JOWYOR1
nd2305.c03	2GAPXEZ1
nd2305.cmd	0HUTFUK8
nd2305.c00	5LUMZUG2
nd3601.cmd	7QUMMUC3
nd2107.c00	4DAWZUQ2
nd2611.c01	4VURBUL1
nd4076.c02	6KUYNOW3
nd4141.cmd	4SEKPUP9
tymfil.cmd	0MEFQUP0
nd3513.c01	0MUFXOD4
nd3020.c03	1NAJMOK9
nd3020.c01	9HIZKAN0
nd4152.cmd	5FURTIV2
nd3306.c00	3LEBZUC4
nd3306.cmd	9XEDTOG9
nd3234.c04	2NECQAX8
nd4546.c05	7FUQVAK0
nd3135.c00	5DAHRID9
nd3252.c06	5BUDCOG8
nd4627.cmd	6YABTUW0
nd4627.c03	3YEGMAR5
nd3727.c02	1WOVDIN3
nd3727.c01	8WOJDAG5
nd3403.cmd	1YIVWIM4
nd2305.c02	8WECJUT1
nd2431.cmd	4GOFTUZ1
nd4607.cmd	4NIYSEB5
nd2375.c01	8VOLXAR0
nd2546.c02	9XUBCIN4
nd2546.c01	5VECHUP0
nd4724.cmd	8RUXQAD7
nd2701.c00	7ROKZAN5
nd2546.c03	2COWHIR6
nd4373.c00	6NAYKOV2
nd4373.cmd	2TAGPAX5
nd4724.c03	5NUPZIQ0
nd3422.c00	2LOCROD6
nd3422.cmd	1KUXCEM5
nd4374.cmd	8RUCCIN8
nd4356.c00	9TITSEM6
nd4356.cmd	3NEMLUG1
511.cmd	4QUWREK3
nd3771.c03	2SACZAZ5
nd2736.c02	8LIKVEQ2
nd4671.c00	6DATZEC9
nd2736.c05	4JEHYUS1
nd3062.c03	3WEKJOS0
nd3161.c01	4PUZLEW8
nd3564.c01	3SOPNOG5
nd4662.c02	9TOWZAD2
nd4662.c01	3TULZAY2
nd4266.c04	7JUSLUF6
nd4214.c00	5KORZEM4
nd3447.c00	3MAXHUW5
nd2123.c00	2QOXPEV7
nd4013.c00	5RIZMIN4
nd4477.cmd	4MUHXOV0
nd3741.c01	3TEYZIK1
nw3322.c00	5CAZPAM7
nd4524.cmd	5ZUMFIB1
nd2060.cmd	5CUFLOQ5
nd4202.c00	3CAYTIP0
nd4202.cmd	1PUXSIZ4
nd4202.c04	8DIMFAN8
nd2166.c02	3FIYKEC6
nd3320.c03	7MANCIL0
ren.ck	4YOWJIZ6
nd3732.c04	9VUKSOM6
nd3403.c03	6MOPMIH2
nd2456.cmd	5KOFCOG1
nd3322.c01	7VOJCAQ3
nd2305.c01	0BURBAM1
nd4526.c00	7NOJTEQ3
nd2107.c01	0CUXYET8
nd3167.cmd	0GASSUL5
nd3167.c01	0YAKTAS5
nd4076.c03	1KOXTOF4
nd3322.c04	2TERGEG2
nd4373.c03	3MOPWAL5
nd4373.c01	6WEWCEG8
nd2546.c04	0YOLNAN9
switch.cmk	2TOWKIN2
nd2176.cmd	7MASTIW6
nd2176.c00	5MOGSEZ6
nd3240.cmd	7FAKZEQ0
nd4570.c02	0RUHMEF0
nd3454.c00	3ROYWOD5
nd2257.c00	8YUVLOW8
nd2257.cmd	2FEVFAT9
nd2662.c03	3JEVTOK4
nd4462.c02	6GUCVEX2
nd2455.c01	4ZEJGUM6
nd2644.c01	7SOYGOS6
nd3333.cns	0VAVVAV0
nd3423.c00	7COSBAG0
nd3423.cmd	5YIQQIP1
nd2262.c00	4LIKJER8
nd4251.c00	6VIJPAK3
nd4251.cmd	0BUGBUS2
nd3117.cmd	3GACGUQ5
nd3540.c01	4PIFJAQ3
nd4010.cmd	8YERKAY4
nd4663.c02	1WAVRUR9
nd4663.c03	2TEJYEV4
cmd601.cmd	6RUVYAQ1
cmd601.c00	3ZUDYIJ3
nd2110.c00	9BURTUV0
nd2110.cmd	4LODRIP6
tiic05.c1e	1PANGUP1
nd3053.cmd	7NIBMAF8
nd2745.c00	0DOGTOJ8
nd2745.cmd	4DEWKUB8
nd4671.cmd	1YOHYIJ6
nd4716.cmd	5FEHJEJ9
nd2126.c02	0WIVKIJ5
nd2351.c03	9SUPZIN9
nd4214.cmd	6QEFSIW2
nd3447.cmd	6ZOHJOX8
nd4716.c03	6DISPUF1
nd4610.c01	9MADFAP9
nd4003.cmd	5SORXAR7
nd4271.c00	8VEXKOQ6
nd3211.c05	4ZOVBUH6
nd3576.c05	4WAPNOF6
nd2336.cmd	1YEDWED9
nd2336.c02	2YICGEP5
nd3756.c01	5LAGDAB2
nd2233.c01	8LIZJAD1
nd2620.c01	6TOJSIM1
nd2620.c00	7YAHKEY7
nd4526.cmd	7FOPHAT6
nd2107.cmd	7XASPOB8
nd3322.c00	5CAZPAM7
nd2521.c00	0KOWMIH3
nd2521.cmd	1QUDWEC6
nd4724.c02	0BEQQAY2
nd246.c00	8POKTEC2
nd4373.c05	3XIQTUM7
nd4265.c00	1KOCKEV1
nd4265.cmd	2GIZYOZ5
nd4402.c02	1PETTOQ5
nd4051.c00	6MUQSOD8
nd2454.cmd	7LUNDEH3
nd4013.cmd	3POFSOZ4
nd3320.c02	7VEXXUV0
xx2362.c05	3LUQHIC8
nw3322.cmd	8BIDCIC3
nd4524.c03	7GAJCET3
nd2463.c01	4QALZAX1
nd4202.c01	3PUCZEL7
nd4202.c02	8CAZJAK9
newark.cks	4REFROW1
nd3102.c04	6RENTET9
nd3424.c01	5QIDMIH3
nd2731.c03	4HEHRIR9
nd3622.cmd	3CEYQUC9
nd3613.c00	5DULMUP5
nd2747.c00	3JUCVIB7
nd2034.c01	5SATXEB2
nd2034.c02	7RANWEJ2
nd2034.cmd	3MOXGIW6
nd2034.c00	0VEFXEM1
jd.cmd	4VOZCUD2
atc.cmk	7GOLREF1
nd3274.cmd	8KOWREW3
nd3274.c00	6YAFGUC4
nd2716.c02	0YUYMOQ7
nd4113.c00	5BIQFAJ8
nd2734.c00	3PAFTAB3
nd4561.cmd	0BEHHIW2
nd3540.c02	2KIHJAR6
nd4017.c00	8XIHVIT2
nd2262.cmd	4GARQEQ4
nd4143.cmd	2BOXWEF1
nd3216.c04	3XOZSOW2
nd4537.c01	3ZECZOM7
nd3306.c02	8XOHLEC5
nd3135.cmd	2HEZYEF5
nd3252.c01	4JAYFOF8
nd3162.c01	5COHDAY6
nd4743.cmd	7CADZIR0
nd4743.c00	0LODZEV1
nd2110.c01	5KANFAR7
nd3116.c00	4DIFFEX1
nd3116.cmd	7HOPLOL9
nd4016.cmd	0JOFKUW7
xx4462.c01	6KIYSED6
nd3440.c00	0NUFFUF3
nd4374.c01	5KAFLIX4
nd3753.c00	9MIYGAS9
nd4331.c02	8YARCOL0
nd3116.c05	4QIWJUM5
nd3353.c00	0PUFQOW2
nd3353.cmd	1MEQCUQ3
nd3353.c03	7MEKQUM5
nd4003.c00	0WEZJEF9
nd4377.c00	3LOQXOC8
nd4377.cmd	8GINMOX8
nd2500.c03	3ZOBVIC6
nd2273.c01	5QODWIP1
nd4460.c01	8PIFVOZ9
nd3211.cmd	1FASDOX1
nd4451.c00	2LELHUG5
nd4451.cmd	8MOFPUD0
nd4037.c02	3VEFLOD1
nd2123.cmd	8PUCBEL1
nd2652.c00	0ZOXYAQ2
nd4740.c03	5ZIKMIB2
nd3032.c00	8NABYOW1
nd3516.c02	8GIKZUW7
nd2620.cmd	5DABQUC6
nd3115.c00	6XIJCAG7
nd3115.c01	8CAGQAW3
nd2701.cmd	0TITWEV7
nd4006.c00	4MEDRAN2
nd4265.c03	1YOVZUN3
nd4265.c01	1NORVOC3
nd4402.c01	4SIVGIT0
copy.cod	2TAXHUJ6
pod.cmd	5XAQTIS4
nd3163.cmd	3CUBTIB7
nd2765.c00	9DEYNOH0
nd3674.cmd	5CEPXAH5
nd3541.c00	5NAQBOM9
nd3613.cmd	5POQWEC5
nd3613.c02	9HAWVET2
nd2310.c03	3PUYBAZ4
nd4315.c02	0YOVFEQ0
nd3631.c00	4BOVWAJ1
nd2747.cmd	0HOCZAC9
1113.cks	5HEJSEJ5
ndat01.c10	1GUVCUC2
ndat01.c07	6QUZLOV9
nd2647.c06	1JAKKEC4
nd3540.c00	3KAVTIV9
nd3540.cmd	1HALYOG5
nd4251.c01	1TOFQET7
nodesn.cmd	0VAVVAV0
nd4010.c04	8VIJXAS3
nd4663.c04	4BUDHAC3
nd3234.c03	0LUFWOK9
isis2.cmk	2BEZPUF5
list.ci1	4COFYOH1
nd3022.cmd	2CUMLUG5
nd4674.c01	6KEWGUZ4
nd4674.c00	9GUZBAL2
nd4674.cmd	3LANBUL2
bomb.c11	5HUGPUX0
nd3362.c00	5DAVHES6
nd3362.cmd	9FUTSAF5
nd3164.cmd	1NOYBIR5
nd3353.c02	8QOBSAQ3
nd4271.cmd	0LIMRIC4
nd3211.c02	1ROPGUN6
nd3335.c03	3KEJQOD8
nd3756.c03	3WEBHUS4
nd2034.c05	2XUQDET0
nd4122.cmd	9QIPQEV7
nd2241.cmd	0LOBRIY3
nd4775.c00	9XARROL8
nd4775.cmd	6JOMXAT0
nd3544.c00	2LUJJAD6
nd3544.cmd	1BICMIW7
nd3454.cmd	7CATMOL2
nd4113.cmd	7TATSUP0
nd2734.cmd	UN6
nd2662.c01	9ZEWVIT2
nd3600.c00	4PIRQAN1
nd3600.cmd	5YEMWAT6
nd8888.c00	1JITMIW6
nd8888.cmd	7YUGBAH6
tiis.cmd	8CACTAR4
sat.cmd	0NIRVAR1
tymsat.cmd	6YASMUV6
merl7.cmd	1BUCVAT9
nd3735.c01	2KAXHED0
nucl03.c06	9GIYPUX2
nd3422.c01	7NUGVAG0
nd3440.cmd	7CAKYAB5
nd4707.c02	5VOZVUB0
nd3753.cmd	2LITHUR9
nd4016.c01	4FUMBIX2
nd4266.c03	1RUVBAG8
1ipi.cmd	8GAWBIV0
nd4017.cmd	8PANVOC7
nd4305.c00	2YOJBOG1
nd4305.cmd	1CAHSOP8
nd3423.c01	0GARCAX6
nd3117.c01	1LAKJIL4
nd4017.c03	8WOJBOL2
nd3513.cmd	4ZIGFID1
nd4206.c02	8DOVJEW1
nd4645.c00	4LATZAZ5
nd4645.cmd	6ZONKOD6
nd3162.c02	4MIRCEB0
nd4546.c02	7LEPBUK1
iscs02.c00	6ZUHTEW8
nd2663.c00	6KEVSUP7
nd3115.cmd	7LUCZIR6
nd3716.c01	2MUGBUD7
nd4616.c00	1JAWVOX6
nd3322.cmd	8BIDCIC3
nd4006.cmd	5KISROV9
nd2161.c00	0TEJVOQ2
nd4051.cmd	0MOFTET1
nd3012.cmd	7MAPGAM6
ndxxx.c00	8BAVNOM9
ndxxx.cmd	2FAXPIG0
nd4655.c01	1PEWZOC7
nd2765.cmd	6XIRZOP5
nd2576.c03	7XUHKOR5
nd4162.c02	0XUQWUH5
nd3302.cmd	9HUVFIT4
nodes.ctl	1LOTGUJ6
nd4477.c01	7XERYUR5
nd3032.cmd	9FUSGIT0
nd3032.c01	2JATBUR8
nd4524.c02	2LIVXAD6
nd2312.c02	6BAYGOD6
nd4263.c00	3YITHEW7
nd2030.c00	5XUGFAJ0
nd2030.cmd	8ZORJEF2
is1.cmd	8VICJAP9
tii004.cmd	0BAJPUN5
nd2030.c01	1DIVJAD0
nd3513.c00	3DIBNOV7
nd4143.c00	7ROBSIQ6
nd4010.c03	1MONXAM1
nd3162.c03	7VOGHAX8
1outd.cmd	4QUTWIC7
nd4737.c01	5COYJOY0
nd3353.c01	0JAVDIH5
nd3765.cmd	3JACZIJ3
nd3146.c02	6XIHXIQ8
nd4120.c03	2YENXIT6
nd2336.c03	3ZUYWUB5
nd4665.c00	2ZEYFUD5
nd4665.cmd	2GAVDUJ0
nd3470.c02	0GILLIX4
isis.cmd	0COLSEL5
inter.cmd	9ZOVLAF7
lorr.cmd	9ZOVLAF7
nucl02.c06	7GEGJAP9
nucl02.c05	0TIXMIH9
nd4274.c00	5DEDSOS5
nd4274.c01	9WAQPOK3
nd4616.cmd	5JIWKEM3
tiiisi.cmd	1REFDAK9
nd4775.c01	4FUGYIT8
nd2662.c00	5FIQMES0
nd3544.c02	0HUFPIX1
nd3274.c02	6ROHRAP5
nd3544.c03	1SAKZAY8
nd4230.cmd	7XICMOW2
nd4230.c00	6WOLMAX9
nd3600.c04	2KIXLUS4
nd4336.c03	1BONKIC6
nd3402.c00	7COGBOX5
nucl03.c05	5POYWUT0
nd3116.c02	0BEYLOH4
nd3116.c01	2GOXZIP9
nd2637.cmd	9VIJJUF8
ms4752.cmd	4KUYXAP3
nd4331.c03	4YAGMUZ1
nd4662.c03	8SEXNOY9
tii05.c33	2JOHKEL0
i2is11.c33	9MILPEY8
isis2.cmd	3SUGWEK6
xcom01.c15	2YACFIX6
t2file.cmd	8QONGOF4
isis2.c00	2GURMET2
nd2165.c00	1CUYVOZ9
nd4003.c04	0TEHRUH7
nd4271.c02	5LIYKIK8
nd2732.c00	5SALGON3
tiii.cmd	6KUQFAH5
iss2.cmd	6PELZEG0
nd3113.c01	1WOWMIF6
nd2652.cmd	6NUFBIH8
dump.cmd	8MOFDAK4
nd3113.cmd	1WUKZEK1
nd4335.c02	6FUMJES1
nd2454.c04	9BIRMOG3
nd6144.c01	2YELLOV6
nd4022.c01	1XOJCUQ9
is2.c00	8BAVNOM9
is2.cmd	2FAXPIG0
isis1.cmd	3BEBDAF5
kernel.cmd	6NUFHAF4
nd3665.cmd	5YIYXEH4
522.cmd	0TEYFIY5
nd4522.c02	2VOJFIZ1
nd2731.c00	3CUWHIX7
nd3613.c03	0GABDET8
nd4072.c01	8SECDEH2
nd4531.cmd	5TIJPET8
backup.cmk	9BAHLUP7
nd8100.cmd	7CEQHAP0
backup.ck	3WOYSEV6
backup.ck5	7QIVTAS1
nd2662.cmd	5DIPGIQ8
nd2455.c02	0ZEBLUK0
nd4417.c02	0LIQPIT6
nd4113.c01	1ZIJBIH0
nd2734.c03	5RAXXAF1
nd4230.c01	0XUYGAV4
nd4543.c00	4POVHIX6
nd4336.c02	6TIMWOX7
nd3402.cmd	5ZOVXET6
nd3535.c00	5LEXMIF5
nucl04.c02	4CINMOP8
nucl04.c03	8SAXTOG1
nucl04.c01	0GOSYUD7
nd2647.c00	3SEQXAV7
nd2647.c01	6KINQOW5
nd4305.c01	2BOPTIR2
nd4251.c02	5RIJBEM8
nd2262.c01	8SINJID3
nd4645.c01	9REGVEM8
nd4743.c01	1WIQXOL4
nd3053.c00	9YAJBON1
nd4016.c04	7NURPIG2
1119.cks	5VUZJIS2
xx3411.c01	2PEXTAD2
nd2351.c00	5RANXUK9
nd4331.cmd	2FINTUL5
nd3762.c00	7JOLPOH1
nd3762.cmd	5CULKIS8
nd2410.cmd	4COSTUN6
nd2410.c00	4MUCXOY4
nd4460.cmd	1FEGGUL2
nd2471.c03	7QUHRAH0
nd4377.c02	0TIHTUZ7
nd2500.c07	3FIDSOS0
tar25.ctl	8MAHJOQ7
nd2471.c01	7RAJQIY7
nd3403.c02	3KARQUN5
nd3403.c01	1GUDVEF3
nd4274.cmd	3ZONGUL2
nd6335.c01	8XIPDIV2
nd2701.c01	9VISVEP5
nd3347.c02	9LALXOT5
nd3347.c05	7RUSMER3
nd3113.c00	9YUFHEV0
nd3246.c00	6HOPQIV0
119.cks	7SIRQAR9
nd2652.c01	3TUYYEQ7
1cslt.cmd	7KUGQIK0
nd3147.c04	9LOLTEF8
533.cmd	4HEWBUH8
nd3516.c01	3VUBFUR9
nd4137.c00	4HAWXUR5
nd4137.cmd	4HETCID7
nd4333.c04	1LOLMEV0
nd4655.c02	9KOFREQ7
nd4522.c04	7KIRGET6
nd3631.cmd	6RUDBUG6
2300.cra	6DODVUN7
rename.cod	1TEZPAC1
nd2475.c00	7QASSED7
nd2637.c01	3FAFHAV7
nd2351.cmd	4ZEDQUK8
nd2126.c01	2CEVNET7
nd4610.c05	3MAYJEB3
nd4520.c00	1BADZOC1
nd4520.cmd	2POGSER7
nd2034.c06	5ZETCOP8
nd3247.c01	6TUTNEJ1
solb.cmd	6XIZFIG2
nd3373.c00	2JOKRIQ0
nd2734.c02	0ZAZGEW6
nd4543.cmd	6MUWJAF7
nd3535.cmd	6SUYWAY8
nd3535.c02	2LIXYOD9
nd3246.cmd	1VIVCIL9
nd3246.c01	8YADYAJ1
nd3246.c02	5TULSAD4
1116.cks	7TESFEW3
nd4407.cmd	1TAYFES4
nd4407.c01	8SAQLEK2
nd2454.c03	9YIXDOQ8
nd2060.c02	3XOTTAK6
nd2166.c04	0SOHQUW1
ahadmp.chu	0VAVVAV0
nd4017.c02	0JURFOP1
nd3200.c04	7KUDCIN8
nd3252.c02	4QUQLIS0
nd4654.c01	2NENCAK0
nd4654.c03	6LIBJUK4
mcs.cmd	0CUXZIY6
beryl.con	4WISDUK8
ssearc.cmd	5VEFJAY0
nd2407.c01	8RIMNON7
nd3163.c01	6PIQMIZ3
nd2765.c01	6BIXHEN2
sc2745.c01	1FEMTOS2
nd2562.cmd	5REJCAW7
nd2312.cmd	1VIQBOR3
nd4524.c05	4KINBOT7
nd4263.cmd	9TUTVED7
nd4137.c03	3WIMRUS9
522.c00	8POKTEC2
nd3764.cmd	3GETKOB3
nd3764.c00	5HIFRIQ9
nd3764.c01	7WARCEM5
nd2366.cmd	0SUVSUJ8
nd2267.cmd	4NIGDER3
nd4365.c00	1CUQCIM5
nd3735.c00	4CUXCAL8
nd2333.c00	4DEDQAK2
nd3602.c03	4KACKAY0
nd4671.c01	6XOBDEM9
nd3663.c00	0FIJWUN5
nd3753.c01	0LIYMAP7
nd3753.c02	4TUYZAW5
nd2727.c02	0YEGYOF5
nd3242.cmd	1LUVPEB9
2ebus.cmd	2QAXCOK8
2ebus.c00	9XECCAN6
2ebus.c01	8GAWBIV0
nd2241.c01	2XAHCEC0
nd3544.c01	7ZUGZEM5
nd3742.c02	9VAGYUV8
nd3742.c01	8SOGZAK2
nd4140.c02	8YAMDOD9
nd2734.c01	5XUHGIK8
nd4336.c01	0XAHNUG2
nd4471.c01	6MUYTIM5
nd4654.c00	8DAVJOK4
nd4654.cmd	1QIFLUL2
nd4663.c01	7JEWBUH4
nd3225.cmd	0ZIXGAS1
nd4465.c00	7PORGOP8
nd3306.c03	9JOCSES6
nd4735.c03	9RACQAG3
i2is05.c	5KIFFOC8
nd4460.c00	2PAWFAF3
4004.cmd	5HUGPUX0
nd4046.cmd	1DIKXIC4
nd4046.c00	9ZUTQEQ3
nd3362.c01	7SUHYUM3
nd3756.c02	4HENXEW0
nd2500.c04	6DAMRAS8
nd2500.c05	9RALHAV9
nd2500.c01	2JOTROM6
nd4476.cmd	1MAKMIQ0
nd3146.c01	0QOFDUH6
ck4546.c03	9ZILJOR9
nd4740.c02	1DIFMAG0
ms3577.cmd	3GEWDUG1
ck4663.c02	5SIWQEZ9
nd3561.cmd	7HIBGEM4
nd4335.c05	6JUJBEL3
cn4471.c00	0HASTOC2
nd3525.c01	5MUXFEX5
tiis05.c11	1SOMZEP1
nd4736.c00	9SIWKEJ5
nd4736.cmd	6LUGFEG2
batch.cmd	8VUKPIN2
nd4720.cmd	8SAQJEG8
nd2731.c04	7NOZDAK1
nd2731.c06	8ZIDPOR8
nd3055.c00	2YUBWOD6
nd2556.c01	3GADGIL5
nd2556.cmd	9TIFSIY0
nd2556.c00	7PIFXOJ3
nd4365.cmd	9SOKDOF1
nd4365.c02	2NANBOD4
nd3710.cmd	8MUKKEB4
nd3735.cmd	5TIZJAZ2
nd2745.c01	7FORKIT5
nd4016.c02	0YIMWOM1
nd3465.c02	7DEXJAW3
nd3663.cmd	5PEMJEW1
nd3663.c02	9YIFQER6
nd3161.c04	4FOKMAR5
nd4214.c02	7BEZPUX5
nd3672.c01	3VEHTOL0
nd3740.cmd	7MOVTEB7
nd4370.cmd	7QINCIS4
37217c.ci	8CIMPOG3
nd2525.c00	1FAXQOK7
703.cmd	5RODMAS8
nd2302.cmd	4RUXDOH9
nd2766.c00	6SEHFEP2
nd2766.c01	6XOWFOM5
nd4003.c01	5QAGMIQ0
nd4003.c02	0GIYTON1
nd3146.c00	9JEJCIK6
nd3146.cmd	3PEWCUJ5
nd3335.cmd	3TAJWEP8
533i.cmd	7BETTAV0
nd4456.cmd	6XUMMEV8
nd4456.c00	9VOSBUG3
nd4537.cmd	7QAKCIH6
kl2615.cmd	6JUHJAY8
nd3225.c00	4FUTTAN3
nd4465.cmd	2LOVLEP8
nd3333.cmd	0DILGOR1
nd4457.cmd	5FUXREQ2
nd4270.c00	3LOSQOZ6
nd3102.c03	3ROFWAM2
nd4522.c03	7DOMWEW9
nd2477.c00	1VUFSEG2
check.cmd	5LIWXOH6
nd3454.c01	7RACCIJ5
fb2064.cmd	2YOHDUZ1
nd2430.c03	8JUBBAP1
nd2734.c05	6DIMZOC9
nd2257.c01	5VAHBAV5
nd4140.c04	9QUVJEH3
nd4471.c00	1QUGJOF3
nd4471.cmd	2LONFOT1
nd3402.c01	7ZATVOF0
nd3535.c01	1MOQPIL3
nd2431.c00	9TUJHOY7
nd4076.c01	6WUJZAL8
nd2701.c04	2LEHLOV1
nd2447.c02	8KABBIC5
nd2161.cmd	0KADKEN1
nd2305.c05	2HAKYUR5
tiic05.c73	8DEYVAZ7
nd3161.c03	7QUVNOY5
nd3465.c00	9GOTNAG3
nd3465.cmd	0SURYIY9
nd3663.c01	5KOLRIX0
nd2126.c03	9ZIMNAX3
nd4610.c04	3VAGJOD5
nd1000.cmd	9ZEWVAF7
ndnw36.c00	9NUWPEQ4
nd4335.c03	3XODYIC6
nd4335.c00	2BOQDAW9
xx3737.c03	1PAZKEC5
nd4263.c01	4ROTPAY0
nd3525.c02	3PUSLER6
nd4456.c01	5XAQTIS4
nd4537.c00	6YUNQAH2
nd4152.c02	1WELGUR5
nd4152.c01	5NATKIY2
nd4465.c01	4KEFSEJ1
nd4465.c02	0KUBKED0
nd2347.cmd	8WAPVUD5
nd2752.c01	4HIXGUZ0
nd3562.c01	3TEVVAB1
nd3600.c01	2PETBOD7
mod.c	3HECXAF7
508.cmd	2TUTGAR6
nd3601.c02	8XEGBOG5
nd4607.c00	1JUDROM7
nd2100.cmd	2DOYTOL3
nd2100.c01	7NINBAR1
nd2100.c00	5SACTAC3
nd2267.c00	9SATJOR5
nd2447.c01	2VOMVEP2
nd3347.c04	6LUDZOS0
nd4076.cmd	0BUMYAC5
nd7424.c01	8YUYREH7
nd4324.c00	8NUSVOL0
nd4324.cmd	9BOGJIH7
nd4457.c01	6LEYPEN8
nd2731.c05	1ZORHEM2
nd4270.cmd	9YASLUP0
nd4072.c02	7KEPXAZ5
nd2732.cmd	3XICDOR5
nd2471.c02	6LEHSIF3
nd4451.c01	9ZAKSES2
nd2336.c01	0LOYYOH5
nd2561.c01	3WIVHAK8
hdlc.c00	9BITYIJ6
hdlc.cmd	3VILNIB5
nd3274.c01	2MIYFIN4
nd2347.c00	1HITVOL7
nd2752.c02	2KAKLIS5
nd2770.c00	6RAKZOY5
nd2770.c01	4CAYFIV4
nd2770.c02	5VETFIN1
nd2770.cmd	9RUJRIX7
ms3143.cmd	9PAYMET7
nd3710.c00	5KIKJOB7
tym1.cmd	7XIDWAX4
ms4635.cmd	6JUWWOK5
tymsis.ctl	1DIFPAG8
520.cmd	8PEGKED2
nd3465.c01	9QECXIS0
nd3663.c03	6QILXAX6
nd2727.c03	0XUWDAS0
nd3762.c01	7YIHLOY8
521.c00	5GADYUQ6
nd3063.c01	0PEPRUX2
nd4010.c02	1MENLAH7
nd4735.c02	6POPBUT3
nd3333.c00	9YONHAV9
nd3425.c01	7PAXSUJ0
nd4613.c00	5KUZQAY2
nd4613.c01	4FIPFUM7
nd4613.cmd	9DAXXUX5
xx4521.c03	2FUVQER7
nd4721.c00	9BARDAD1
nd4721.cmd	6SISVEF3
533i.c00	2VASWIG2
nd0000.c00	0HOPBOP3
nd3470.c03	5HAPTOM0
nd2561.cmd	2JAFYED7
nd4526.c01	9CUKKIR6
510.c00	5FUJLIG4
nd3716.cmd	2ZUSHUY6
nd3716.c00	3KOXLER3
nd2366.c00	6QUNQAC3
nd2071.c00	7KIYYOP1
nd2071.cmd	9FINPUB3
nd2071.c01	1LUBSUF7
nd3322.c03	0ZAGYOB6
nd7424.c02	1YIRYOT9
nd7424.c03	0GOSVUZ5
fuc.cmd	5MADVIH1
fuc.c00	5GADYUQ6
nd4013.c02	0GOSCUX9
nd4013.c01	0XADCIS3
nd1000.c00	8WIQDUL9
nd4774.cmd	7TUWCEX2
fb2020.cmd	0NUXJUP4
xx2362.c00	1MODXIM7
xx2362.cmd	6QAJBUK4
pi4371.c03	1PAHLIX4
sw521.cmd	6XIHWAH5
nw2324.c00	3ZIZRAR5
nw2324.cmd	8BIYGOF0
nd15.cmd	7ZARTUL7
n11411.c02	8TOFCUG6
nd5245.c03	5PILCAT2
nd4561.c01	6POXFUX3
nd3425.cmd	6RULGAW1
nd3425.c00	1PUTPUG6
aaron.cmd	4VIPSUQ9
xx2271.c02	0TIGHAZ4
nd2766.cmd	4LOYWEZ4
tysol.ctl	4FOVPEQ7
nd0000.cmd	9LONWIW7
nd4665.c01	0LOBZUD7
nd3211.c01	9MAWBIF1
nadu.cmd	3TUQMAV8
nd4774.c00	4VEQJOR8
nd4774.c02	0XATKOX2
nd4774.c01	9XAZYIL7
nd2312.c00	8CIVYEB2
nd2060.c01	2TEYFIJ2
nd2060.c04	0XISPOQ7
522c.cmd	1LAHNOS5
nd2731.c01	5VEWRUD2
nd3541.c01	5JUSJUH6
nd2731.cmd	2HIMDEZ6
nd4162.c00	0GINPAG3
nd4315.c00	1MUPGEH0
nd3613.c01	2GOJGET8
nd3631.c02	3VIYQES9
xx3411.c00	0LUTFEM2
xx3411.cmd	7POQNOL4
pico.cmd	4FEZFOR3
nd3332.cmd	0NAQCIR1
pi3242.c02	9KIFMAJ8
nd4626.c00	6XIJYEK9
nd4626.cmd	1NAWPOL9
nd3776.c00	3NEYCUZ2
nd3776.cmd	1DOQZUR2
nd3562.cmd	3HOWLOX2
nd3562.c00	9GENKAY1
1101.cmd	2FEZGIT0
nd2257.c03	0RILCUL8
nd4705.cmd	8DOCTAY0
nd4471.c02	3XOZYOP8
nd6625.c02	4CIFMIZ6
nd6625.c03	4DISZAY3
nd4010.c01	4FAGFIW1
nd3225.c01	0LOZPOG6
nd7163.c02	0HEJWUC5
nd7163.c03	3CAGVOR1
x32.cmd	9GATHIL0
nd6335.c05	6HUHWEV3
nd2447.c00	2XUSROS5
nd4141.c02	8ZETTAR4
nd4402.c00	6COFFAX2
nd4265.c02	3HUNMUW3
n10355.c01	0DEYPOP4
533.c00	9QAJCEY7
nd3417.c01	2XONGAR1
nd3417.c03	2NUZRUY3
nd1111.cmd	3SODSAG5
xx3411.c02	8KAYPEC9
nd2020.c00	2YUWJOJ4
nd2020.cmd	1SOMFUL7
nd3512.c02	1NEZCOJ9
nd3512.c00	5XAYQIG8
nd3512.cmd	0NAWPIC1
nd4716.c01	6HANMAN2
nd3332.c00	6HUZSEN0
nd4520.c02	2GASTUT0
nd4720.c00	9BUHQUW8
nd4457.c00	4HIVBIC4
xx4610.c01	6CUXNEW0
nd4457.c02	6XUKSAP6
nd3541.c02	9LOFZOL5
nd3334.cmd	0VUPHOR1
nd3334.c00	6TIFVUB6
xx2271.c00	2YALLIN8
xx2271.cmd	4VORGUC3
nd2165.c01	4CUPJIW3
1133.cmd	7WOSTOF3
nd2302.c00	4TAKPUS6
cmdsol.ctl	5YIVTAL6
nd3335.c00	3WULYUM0
nd2561.c00	1SAVTUN3
nd3764.c02	3NIVBED0
nd3764.c03	6LUTLAJ7
nd2731.c02	9DOYYIV5
nd4763.c00	7XAKHOG2
nd3604.c00	2HEDROL3
nd3604.c01	9JAWBUN3
nd2752.cmd	0LUCNOC8
nd2752.c00	5QEZZIM2
nd400.cmd	3GOHSAV2
nd400.c00	9WIXYOZ1
nd3141.c00	0NAXTOK3
nd3141.cmd	3TIMMUM2
nd3141.c01	4MAWLOR7
nd3141.c03	7GALDAH4
xx3326.c01	0LUZFUW5
xx3326.cmd	3QUCNAQ6
xx3326.c00	4XISNAY3
nd4336.cmd	2BABLEL5
nd4336.c00	1HEGNEY8
nd4230.ci1	4KESDIC9
nd3240.c02	2ZERMAW8
nd4561.c02	4GAMWEC9
nd4705.c00	4JAKJIG0
n11177.cmd	1SURJIJ1
n11177.c00	7ZATGAM4
nd4511.cmd	4RUBVEB3
nd4142.c03	4NEYNIL7
nd4335.c01	5PATBUK4
xx2362.c01	1JOWLER2
xx2362.c03	5KIHZOW0
nd4335.c04	0GOQFAF9
ren.cl	4LARFIP9
nd3417.c02	7ZOKKAY0
pi3255.c03	0QIYHUG5
xx3014.c00	1KAKJIM2
xx3014.cmd	8REPKUV3
xx3014.c06	2FAHZAQ1
nd4735.cmd	5RAVQAN5
nd4735.c00	9COQKOH7
nd3020.c02	5QOKWAX8
nd3020.c05	4SINYIL8
n10210.c03	5CACHOQ0
nd2770.c03	5DIZNOW3
nd2770.ctl	0VUFZOM1
nd3335.c01	6WETTUL6
nd2766.c02	7MIXBOD3
nd3335.c02	2JAYSOV1
nd2463.c02	5NAXWOQ6
nd4022.cmd	5POHVAF4
nd4022.c00	1NEXGUX8
nd2477.c01	5KAYWUM6
nd2477.c03	6YACHIL6
nd2477.c04	9JUYKAN3
nd2477.c02	7ZESROJ6
nd3055.c01	0DIZFUF3
nd3055.c03	7PELLIP6
nd3055.c02	3DIGNEV8
nd4162.c04	4GEHMEF4
nd4162.c01	4BIYWOC1
nd4162.c03	2TECTEZ1
nd4315.c04	0SUXDIX2
nd4315.c03	4NACLIR0
nd4315.c01	1CUSXIM2
nd3604.cmd	1GABNEN3

End of SAIL execution
!sumls (tymnet)*.t##
nd3063.tym	5XULGOP6
nd4017.t01	3ROXQAL2
nd3216.tym	2QICDUV2
nd3225.tym	5LIRGEG2
nd3234.tym	5TAWKOZ3
nd4456.tym	7NINBEP4
nd3020.t02	6LAZYEB2
bk3437.tym	1LOXDUV4
nd3216.t01	9DOLCIJ5
nd3565.tym	1XISDEX1
nd4627.tym	1HEPFOB5
bk4402.tym	8JEPVIB0
nd4134.tym	8MIPRIM4
nd3745.tym	5NOPPUT6
bk3313.tym	4BEZNIZ6
nd4710.tym	0HICXAH5
ue2110.tym	0SUPROF9
nd2037.tym	6BESXUB8
nd2037.t03	0HOHFER5
nd2037.t01	2FUPZEP4
nd4001.tym	1MIZJED4
nd4125.tym	7JAPZAF3
hamsr1.tym	3ZUBGOF1
nd2310.tym	4BUWSOT1
nd4522.tym	2MIZQOT2
nd4315.tym	9JEPJIT4
nd2461.tym	1HATKOY5
nd2461.t01	9FEBYOZ6
nd3210.tym	3CIGDOM9
nd4315.t04	2SAZHEM2
nd2641.tym	8XAFPEN8
nd2641.t03	1SOTSIZ3
nd2641.t04	2YAJQUR0
nd2641.t01	0COWTAZ7
nd3102.t01	5FAYPAL6
nd3352.tym	7KIVJIF4
nd3352.t01	1HAVMAJ2
bk2225.tym	5PELROG2
ue3745.tym	0ZAPQOG7
nd3737.tym	0MIYREF1
nd3737.t01	3SONKOK8
nd2641.t02	9NOGCOR9
nod137.tym	4MAMYEB6
wfg.typ	9FIPZEV0
nd4674.tym	8DITYIP5
nd4674.t01	6TATQIB7
nd2471.tym	2ZARMUR5
nd4046.tym	7XELVUV7
nd2766.t01	6FUFQIJ1
nd4127.t01	6QOJSIX0
nd4037.t03	1WAHKUY4
nd4505.tym	8JACBOJ0
nd2203.tym	3WESNIF8
nd6242.t01	8RERDUL7
nd3263.tym	8MUDXUQ0
nd4730.tym	4GIPBUS7
nw4122.t01	4BUWLEQ6
bk4710.tym	8JICWEC5
nd4145.t01	2FUTZER1
nd4210.tym	1HAKRUP7
bk2037.tym	4QEHCEV4
nd4021.tym	4DIQTIC3
nd4021.t01	0MITWEX1
nw2617.tym	3SUSLUC3
bk4001.tym	3XETTAN6
bk4125.tym	6KENDAD5
nw2421.tym	9DUQPOQ0
nd3525.tym	1QEGJIX2
nd2733.t01	6HOPFEM0
nd2463.tym	3RAHNUB0
nd2643.tym	9CAJJOJ0
nd4560.tym	9CAYKOC5
ren.tmy	9DUFVOJ0
bk2641.tym	8ZUCBIX0
nd3516.tym	7WEBDEQ3
nd3320.t01	8SAFGUQ4
nd3255.tym	5NUGGES6
nd3255.t01	1DIDYEP4
nd2526.tym	8WOTCIW6
nd3417.t03	8HORYAC4
nw2521.tym	4LAZVAZ4
bk3737.tym	4HARSOG9
vbc43.t54	4RUFVOP7
nd3006.tym	0VIKHOW2
522m.tym	7CAHPIG7
nd3060.tym	8TAXGEF3
nd3562.tym	6FIKMEW5
nd3240.tym	9HAPDOV4
nd4203.tym	7LESDIY7
nd4417.tym	2MEKFEX2
nd3373.tym	2DIDBUW7
nd4032.tym	9XICTOS1
bk4730.tym	4DAQTIS5
nd3150.tym	5WEYGEK5
nd3150.t02	6YEKVET4
nd3150.t01	0ZAWPOR6
nd4203.t02	8WEXTUV0
nd4131.tym	2PUFQOB1
nw4052.tym	9JONZEK7
cmd508.tba	0GIMVEM5
nd2233.tym	3HAFFOX1
nd0012.tym	5PELZAV2
6cons.tym	1BELXEX1
nd2177.tym	3YEYGEY9
nd2375.tym	5CUGCUT6
nd3167.tym	4FUFWOR2
nd3347.tym	9NEBJAP4
nd4051.tym	0WIWQUJ6
nd4042.tym	1ZEGQOF9
nd2440.tym	9QABMAR2
nd3167.t02	1LATHUD2
nd3167.t03	6QUXFAK3
nd3610.tym	9SANXUK0
nd3610.t01	6ZEXREP6
nd4364.tym	8BIPWUQ5
nd3313.tym	8WUPHAX6
nd3313.t01	6WEXROJ9
lr4611.t01	0GUMNAZ0
nd4463.t02	2JOGGOS1
nd4463.t03	2KALKEB0
rename.tba	9TARPOW4
nd2612.tym	9MODFIK0
nd3474.tym	5MUSGOL5
nd3602.tym	6ZEJGUB7
nd2126.tym	5TAMJUB0
nd3474.t01	9TOMMUG2
nd3044.tym	9MOLCAL3
nd3672.tym	2KUKYEP1
bk2421.tym	6ZIVCEX6
bk2662.tym	2SODJOG2
nw4522.tym	6KOQNAN1
nd3431.tym	1GOVSAV3
nd3431.t01	3RUMDEF7
nd3350.t01	3QACFIV7
bk3150.tym	3GITLOC7
nd2225.tym	5COTNUR9
nd2225.t05	9QIVNON6
nd4322.tym	6PUVSOX5
nd4322.t01	2GAPJIP9
nd4322.t04	7ROXTIF9
nd4052.tym	2KIFWEP1
nd4052.t05	4VUYGOZ8
nd4052.t01	8HUFQEV4
nd4052.t04	3JUKJUR3
nd3224.tym	8RUHQAD7
nd3224.t01	7VUFFAZ3
btm20.tym	8POZRAT3
nd6625.t01	0QEJHOM7
nd3513.t02	7DUMSOC5
nd4546.tym	6TOWFUC7
nd3200.tym	3CARSIG6
nd3200.t03	2JUFDUY5
nd4206.tym	9PEPDUW6
nd3531.t02	6JASVIX7
nd4744.tym	2YABCIY1
nd4627.t02	5SIJHIF7
nd4627.t01	7RIPDEV5
nd4134.t01	6JUYBAT8
nd4134.t02	8BUNPIB2
nd3745.t01	8FIBJOZ0
nd3745.t02	4FIFZOB1
nd3745.t03	0LAKHAN2
nd3772.t04	4PIQPUD7
nd3772.t02	0WIGXEB5
nd3772.t01	3ROMZAM1
nd3772.tym	0JUYTUC9
nd4611.tym	1TESWOQ7
nd3556.tym	3FUZVEY8
nd4001.t03	8LAMWAN6
nd4001.t02	6JAYCIQ3
nd4001.t04	7ROZKAX7
nd4125.t02	5YUPWUV4
dynsr1.tym	1PACKIH0
0000.tym	3VIJVUK8
bk3161.tym	1GISWOT4
nd3102.tym	4PUDNEK2
ms3674.tym	8XEJPIY1
bk4412.tym	8VAXLUS6
nd3622.tym	3TAZSED1
nd3674.t02	7HOBJIQ5
bk4610.tym	6TASPUY3
nd2461.t02	2KETJIJ7
nd3210.t04	1WOJGAC2
nd3210.t01	0QAYVEY9
nd2407.t02	7DEXFAW8
nd2407.t05	2REPJOX8
bk4322.tym	7GELJUG4
nd3217.tym	5KEXXER5
nd4630.tym	4QUKRUC4
bk4052.tym	0GOXLEL8
nd3737.t02	7CENCUW1
tt2803.tym	5XIFLUP1
mov.tba	9XAXCEJ0
tiiarw.tqa	0COTPAK1
nd2775.tym	7ZUNFEM3
nd3666.tym	6XOWSAX3
nd2500.tym	2MUMJIL6
nd2500.t01	1ZILSUG4
nd4476.tym	7HIRWAR6
nd3560.tym	6KINZAR2
nd3065.tym	3JUCDOW3
bk4134.tym	5DIQBEK8
nd4145.tym	8TERKIJ0
nd4145.t04	9PAQVAD2
bk4611.tym	9GIBVED9
nd0017.tym	0XOQXOW4
nd3320.tym	2GIYFEM3
nd2454.tym	9XINYAG4
nd4013.tym	5KUGXOY5
nd3147.tym	5TUGNED2
nd2643.t02	8HEXJAB5
bk2722.tym	2FOHFAX0
nd3255.t02	0PETLEW6
nd4371.tym	4QEHHUW2
nd4371.t02	9DIQYOJ4
nd4371.t01	6BOCJUX1
nd3247.tym	7POYYIP1
nd4122.tym	2TAJZEZ1
nd2716.tym	2XITJAL5
nd4570.tym	2LIRBEM9
nd4140.tym	8GECTET6
nd2437.tym	3DAXGAV0
nd2430.tym	3KAHFIS2
nd3616.tym	5DEQFIR1
nd4113.t02	6LUTLIJ3
nd2707.tym	6QOPQIB4
nd4624.tym	6NEVNAZ8
nd2421.tym	7YIQKEV9
nd2421.t04	8DATTUT1
nd2421.t03	9QIXPUW4
nd2644.tym	3YIRJEX2
bk4145.tym	9VUDMUD5
dyn1.tym	5ZOQKIB4
nd4463.tym	5QUZPUN6
nd2107.tym	0FIWRUH6
nd3374.tym	2SILTEP3
nd2611.tym	6CALREX0
nd4544.tym	4BINLIN5
nd3043.tym	3TOVFUG0
nw4521.tym	4WILQAL8
nd4402.t03	9LENSAK1
bk3516.tym	5XINGOB7
bk3255.tym	1RAPTAG5
bk4371.tym	2VOJZIB8
nw3772.tym	9ZIFYID1
bg.typ	2NELNUJ3
1swit.tym	9MAGVUS8
nd3564.tym	9QEKLOJ8
nd2333.tym	9XAYJAC0
nd4725.tym	5SAWSUL2
nd2556.tym	7YUVLIP6
nd4662.tym	3RUCJAF2
nd3602.t02	8ZUGFAD7
nd4142.tym	4DEXTAP7
nd2727.tym	5LUHHOT9
nd4610.tym	2BECXOX8
nd4160.t01	9ZENBEH1
nd4617.tym	7XOVJUF4
nd4716.t02	0HEBMEB7
nd2110.t02	1RULWUQ8
nd2110.t03	6XAHQIC7
nd4520.t01	8DELWAV6
nd2727.t05	2VEYGUL8
nd3512.t04	3YOJVUF8
cmd.tii	7MUXQEJ2
nd2030.tym	3JAQMOB5
nd3423.tym	5GEGFIN4
bk2431.tym	7ZOPJUY1
nd3020.tym	9YECFES8
nd4663.tym	6TORYUC6
nd4251.tym	9XILFUT9
nd3270.tym	0FIHHOD4
nd4645.tym	8NIVPEJ4
nd3135.tym	1QABGEC6
nd3162.tym	9FUCHUW0
nd4735.t01	2KUFBAS6
nd4521.tym	7KURJIZ8
nd4611.t02	8WALXUV7
nd4125.t03	6FURMOP3
nd3424.tym	1BIBGUK6
nd4763.tym	6TIQSIK3
nd4333.tym	7ZIJYIF2
nd2657.tym	9RIBYIC5
nd4702.tym	9ZUZYOK5
nd4072.tym	6KIMXON7
bk4617.tym	0YAPZUF8
nd3210.t03	9PUTZUZ6
nd3210.t02	1FEBXAQ5
nd2722.tym	4SIYQOY2
nd2722.t03	8PIQJIM0
nd2722.t02	4POXBUY3
aaron.tba	7HAVDEQ1
tl3353.tym	2LIMHEF9
nd2534.tym	5CAKQEB7
nd3211.t04	4DAQHEX9
nd3576.tym	7WUNWIS0
nd3576.t02	5MORCAT0
nd4037.tym	2LAJHUZ3
nd2525.tym	7KODJID9
nod26.tym	0PISTAG3
move.tba	8KOBQIJ7
nd0027.tym	8JIWXIC6
bk3022.tym	2NOYTIV4
nd2241.tym	0KOLJUG3
nd4203.t01	4CAZLIX6
nd2662.tym	2PIMVOW8
nd3776.tym	6SURZAH2
nd4113.t03	6NUGSUC0
nd4543.tym	3GUPMUK2
nd4570.t01	4MEKXIV1
nd3616.t01	5KURSEF7
nd4775.t03	3GUKNEY2
nd2662.t02	2TAGBAS5
nd3526.tym	4DOMBOW4
nd3526.t01	7KUDXUJ4
up.tba	8QUZLIG3
nd3771.tym	2LIYLOQ4
nd4016.tym	8TUQTOJ5
nd4374.tym	1WORXEH8
nd4707.t01	2REGCUV1
nd4266.tym	8CURJIQ1
nd3537.tym	1CUGQAQ7
nd4520.tym	8SINKEF4
nd4617.t01	5GUCSAZ4
bk3526.tym	3FOHTAK5
nd4626.t01	0YOWJEM5
nd3350.tym	6DUKJIR7
nd3350.t02	2CIMXAY8
nd3350.t03	3QIDHIL7
nd4740.tym	4JOPROS7
nd4774.tym	2ZIFNIJ8
nd4335.t01	4HOSBOL1
nd3066.tym	4MAZBUD3
nd4524.tym	1XAKQAZ0
nd2060.tym	8XUJBES4
nd4065.tym	1XUQKOF2
nd2166.tym	3GUCYAK6
nd2643.t03	7HOXKIZ9
nd4560.t02	7FAFNEN8
nd4560.t04	5VAPTAC2
nd4560.t03	0QIWKEN2
nd3403.tym	8VAPVAJ1
nd3322.t02	1BUYQIN2
nd4274.tym	9SIPXID6
nd2611.t02	3BUPTOC5
nd2701.tym	3VUGTIF9
nd3223.tym	7GEXQIQ0
bk2643.tym	5NACSUD1
bk4560.tym	8GEVHUB4
nd3437.tym	1NEVCAM4
nd3437.t01	7QUDTAH8
bk3534.tym	1WORCIH4
nd3215.tym	1GOMCEM7
nd3161.tym	5RUQLIB5
ms4635.tym	1VIZBUM2
nd2324.tym	2VEBNAQ5
nd2171.tym	5VIWLAV6
nd3062.tym	9FAQZIZ6
nd4707.tym	3KANROH8
nd3161.t01	7DURXUX4
nd3753.tym	7MEXMIF1
bk4462.tym	7KUKNUW2
nd4133.t03	7HEWCIT4
nd3117.tym	7GINMIY8
nd4341.tym	4POYPAC5
nd4017.t03	0MIPWAS3
nd4143.t01	5ZUXJEJ4
nd4010.tym	7SUPNAV3
nd3020.t03	0REZFAR6
nd3306.tym	1GERGAV7
nd3252.tym	5GICXER0
nd2716.t02	2QIXFOW8
nd2077.tym	3CUBQED9
nd2034.t05	1WIKROW2
nd3544.tym	3DIXBUM5
nd3742.tym	8QEPNOJ6
nd4426.tym	9JAMXAM3
nd2430.t01	4QIMLEY7
nd4561.tym	8RELCAV1
nd4633.tym	8YUSWEL0
nd4462.tym	2XONZIY8
nd4570.t03	1SAYHUL5
nd2707.t04	6GEBPEY2
nd3767.t04	3MIRLEF8
nd2644.t01	0DAXWOJ3
nd3741.tym	8PILZUH3
nd4477.tym	7PEZPIN4
nd3561.tym	3SUZMEJ4
nd2733.tym	3YUNVAB6
nd3147.t03	2DUWJEL2
nd4202.tym	6BEZMAB3
bk2461.tym	2HUQREF3
nd3534.tym	7WIKDUX1
nd3534.t01	0TIQLAV4
nd3732.tym	5NAJJEY8
nd3773.tym	4WOJNAV5
bk2612.tym	9QIBYES6
bk3735.tym	9LITQON1
nd2567.tym	6MUBYAQ5
nd3665.tym	4WIKCAJ8
nd4655.tym	5WUDREL6
me3541.tym	7YUHSEZ0
nd3665.t01	2MUJVOK5
nd4333.t01	5WEGDOV2
nd2407.tym	0XACYAN8
nd2362.tym	4DENZID8
nd2560.tym	4KUPTEC2
nd4522.t02	1FAZDEQ2
nd4072.t03	6KUNDUB1
nd4127.tym	2TOVRIX7
nd4003.t03	3MOCQIC0
nd2273.tym	3GAKBIF4
nd3576.t01	5FIWWUS5
nd4120.t02	4GIGSIR0
nd2705.tym	6QEGPID1
nd3470.tym	4FUPCIH9
nd3137.tym	8HEFVOC5
nd3137.t01	5BAVDOD1
nd3137.t02	1RADGEY7
nd2233.t03	4BOQMOR3
nd2233.t02	2POMQIP9
nd2663.t01	1CAHGEQ3
nd3601.tym	0JUBKIS6
nd2546.tym	6KETYIJ5
nd4076.tym	1DISFUH8
nd4724.tym	1NUJMIY2
nd2611.t03	2FOQXUN3
nd4141.tym	8KIGDAH9
nd4402.t04	8DEVKUY8
nd2123.tym	1VETRON3
bk3102.tym	0BODSIQ9
nd4740.t04	8DIQTIX3
renxx.tba	1KOPTOP7
nd2463.t05	1JOKLAG8
nd2463.t01	9NOPQUL5
nd3320.t03	0BEHFIW1
nd3732.t04	9VOXFIP5
init.tba	9QECSIV1
nd3433.tym	5LEFLUK6
nd4367.tym	2QAXHAW0
nd4720.tym	1DICZAJ5
nd3102.t02	8ZARTAX3
nd2477.tym	4WATGEN5
nd2675.tym	1MIKDIV0
nd4072.t04	3WUKZIX7
nd2477.t03	5KEMNUC8
nd4531.tym	5HERROZ3
nd1010.tym	9RAXWEL2
nd3247.t02	8JILNIR5
nd3436.tym	1TAHMED0
nd4417.t01	0DUXXOS3
nd2347.tym	0JOWROR3
nd4113.tym	3VIGTAG3
nd2430.t02	2NAVZIJ2
nd4336.t03	3NEKDIW0
nd3526.t04	3TUMPAX7
nd3526.t02	7GESWUS0
nd3526.t03	7KEWZIF7
nw3161.tym	5RUQLIB5
bk3137.tym	5QUNDAX1
nd2262.tym	1TOKRAB8
nd3270.t02	8YAGPUQ7
nd3270.t03	1GEHJOB0
nd3216.t04	7MASQIQ4
nd4546.t05	3VEHQEB8
nd3306.t01	8TOYLER3
nd4224.tym	1DEHYUK5
nd4521.t02	0QONKEM9
nd4521.t03	2WOMLEF0
nd4521.t01	2WIDFIM7
nd4613.tym	3DAVTOX3
nd3756.tym	3WOWQEV8
nd2444.tym	6HETZAN9
nd2426.tym	4VETPIB5
nd4120.tym	6WUNGIB0
nd4120.t03	9TEZXIG1
nd2336.tym	6GIZGUH7
nd3470.t04	5XESCAN0
nd3756.t03	4PADKUF7
nd3263.t01	3REKHUZ3
bk4521.tym	9VISJUQ6
nd2405.tym	9GUFBEG4
ren1.tba	5ZUXJEK1
nd3161.t02	7FUDTOY0
nd2637.tym	9MUXWEW7
nd3710.t01	6POZREJ7
nd2736.tym	6JOJZUF1
nd4331.tym	8YOZHUS2
bk2752.tym	8ZOYYER5
nd4133.tym	4SAQLOB7
nd4142.t02	6GITNIL6
nd4716.tym	7VAXPAD4
nd3447.tym	3WILNIP4
nd3242.tym	0HECJOR8
nd4610.t01	9XUQLIC6
bk2644.tym	7BOGHAG5
nd2431.tym	9LAYHAC4
nd2620.tym	9ZENROG8
nd2546.t02	3BOQDID7
bk3302.tym	2DOVZIQ8
nd3347.t03	8TUGNAN4
cl2722.t04	8WOJZIC9
nd2775.t01	5DEBPAL7
bern.tba	7JURXEG0
nd3765.tym	5ZOSVEL9
nd3756.t04	1TUNMUX7
nd4271.tym	8ZEHRAR8
nd2500.t06	4GOXROP0
nd3576.t04	0GESQID2
bk4627.tym	7KEJKAM1
bk4370.tym	7QOQSUP4
nd2034.t03	8DISXIY4
nd2077.t03	3CEJFID1
nd2455.tym	7XEDJOM7
nd3240.t01	9GODHUL1
nd2077.t02	6GUJGAK1
nd3742.t03	3PELRUQ1
bk4460.tym	6PUJXIR9
nd4221.tym	2DEFBOP6
nd2734.tym	9KOCPOZ1
nd4140.t01	7HIBDAY1
pi3767.tym	1COQGOD3
nd2455.t01	5GIZHUG0
nd3636.tym	2XIDJED0
nd3735.t04	9VUMVOH0
nd3771.t01	5BEDREP4
nd4725.t01	7HEMMER8
ms4752.tym	7BAXGAX5
nd4671.tym	0KOCZER5
nd2736.t05	1FANFOL1
nd4662.t01	6WOPHIN4
nd3602.t01	7ZEBYAT8
nd4142.t01	4PADMEW8
nd2126.t02	3BARTEZ8
nd3771.t04	6NUKZAH9
nd4214.tym	9RUYKEB2
nd2202.tym	8CIFYOM6
nd2202.t01	1VIWDOT3
nd3163.tym	0CULMUK8
nd4002.t01	8MIDFUS8
nd2765.tym	8BUGPAB7
nd3136.tym	7WIWZUJ1
nd3674.tym	2MUWQUN3
nd3674.t04	3SATWUZ2
nd2731.t02	6FEXVEF8
nd3613.tym	0MOVGEH2
nd2305.tym	0WAGFIT1
nd2305.t04	7RUQWOM6
nd2305.t03	7RUQWOM6
nd2305.t02	7RUQWOM6
nd2305.t01	7RUQWOM6
emery.tod	3NAWPIC3
nd4607.tym	1TESSEY1
nd4265.tym	3XIQQIK8
nd2546.t04	9YOVSEV7
nd4402.tym	6XOXQUZ8
bk3732.tym	6KUJYOH9
dav.tes	4XUCJEK7
nd3540.tym	8GULDAS5
nd3540.t01	5QULDOZ3
jv4010.tym	7PEYDEW0
nd4627.t03	4LIHYIG0
nd3727.tym	6QERVOH8
nd3727.t01	9XIFPET6
nd3727.t02	0PADNUB9
movm.tba	6PELBAJ0
mov33.tba	7FELGIX4
bill.typ	4YATDAS7
nd0145.tym	7VUYQUB1
nd3322.t01	4GIKZUC7
bk4065.tym	8RAYBOV1
nd2546.t03	1HATFON0
nd4373.tym	9CADVAY9
bkup.tba	5WEPNIB3
nd3422.tym	4ZUDWUJ2
nd3053.tym	9WAGQOT8
nd4356.tym	8LOWXEC3
bk2437.tym	2DOZHEJ1
nd2745.tym	1QAXNEC7
nd3771.t03	5DOQVEP6
nd4160.tym	5NOBPES6
nd2736.t02	2WUZCAN3
nd3440.tym	7DAQNUJ7
nd3062.t03	1MUKDIF4
nd4374.t01	4VEVMEF6
nd3564.t01	5PIKJUX5
nd2727.t03	9LOPGAC1
nd2727.t02	5XIDFUN7
nd2652.tym	1WUTTEK5
roy.tba	5XILGAK1
nd3741.t01	1TORGEZ0
nd2562.tym	2HUYBID8
nw3322.tym	7NAWWUD8
nd2166.t02	5BOGKIZ2
nd2456.tym	1DAYCIC0
nd4526.tym	7NEPQAS7
nd3115.tym	5CIXKAN9
jreann.typ	5QADDIP1
nd2375.t01	2POTXEZ8
nd3167.t01	4SITZUG3
nd4373.t03	7QAZBEN1
nd4373.t01	3DUPCOK7
nd2176.tym	6QERTUJ0
nd4570.t04	4XODLUD9
caddr.tod	5NERGAP8
nd4462.t02	7HEDLIP2
nd4705.t01	3VERBOT0
nw2126.tym	1VOJDIL0
pvc.typ	5DEHZAY6
1ipi.tym	0PIHPEC7
nd4017.tym	1XUXGUV0
tymfil.tba	2LUCKIJ6
nd4663.t03	5LONLIX1
nd3200.t02	0TELXAS6
nd3342.tym	5FESRUM9
nd3234.t04	4WONYAK9
nd3234.t03	2XAMXUB1
nd3162.t01	1FARPEX4
nd2110.tym	3DAYDAB7
nd3422.t01	2MEVGAD9
nd3116.tym	5VEWDAV8
bk3141.tym	9XUJROC3
n11465.tym	1SIVMAJ5
nd4671.t01	1HOBVIL2
dallas.typ	6GIKGED1
nd4716.t03	8LUSVED8
nd3022.tym	2METZUG2
nd3362.tym	8TUHBAJ1
nd2302.tym	2PORGAW8
nd3211.t01	3YULLEL9
nd2775.t03	5QARQAJ2
nd4037.t01	8ZEDNIY4
nd2233.t01	9MOBTIF3
nd3403.t03	2BAYJAT7
nd2620.t01	6TOYGAG3
nd3601.t01	1WADYUZ6
nd2107.t01	9VACGAN4
nd3322.tym	4MUPNIJ0
nd2521.tym	3FOKNEQ7
nd2546.t01	9REXTOD1
nd4076.t02	8MIJNAQ7
nd4724.t02	5GEWZIT9
nd4373.t05	0VEFDUX6
nd4724.t03	0NEBMEX8
lr4611.tym	1GIBSAW2
nd2411.tym	3XAVJEM6
nd3320.t02	0BUWXEQ8
nd4335.t02	1NIXBUM5
nd3014.tym	9RELDAM2
xx2362.t05	3KEBLOL7
bk2407.tym	9BIHVOH2
nd4407.tym	9YIQWUF2
nd4202.t04	3PUPNEK5
nd4202.t01	7GEFQIQ9
nd4202.t02	2VAQFAF2
pod.tym	4REXZUQ4
nd3102.t04	9WUXSUX5
nd3424.t01	2GENDAK3
nd2731.t01	1QUCVAR5
nd2731.t03	9WEYHAY5
nd4333.t05	6JICSEN7
nd2310.t03	3XUSKUF5
nd3631.tym	3TAHDEQ2
nd2747.tym	8TARMEY7
nd2034.t01	5YUKKOJ4
nd2034.t02	3XITBIV9
nd3274.tym	7FIXGEN7
nd2034.tym	1XOXYOZ3
nd2520.tym	1XIVTIX7
r.tba	3SETSUY3
bk2525.tym	3BAQTAT2
nd3274.t02	2BAYMAH5
denver.typ	8ZOCXIX6
seatt.typ	8FULYUY9
cmd25.tar	7LOTZOM7
nd4230.tym	0HEHGIK7
nd3067.tym	4RUQYAJ9
nd2257.t04	3DUWTEN4
nd3600.tym	1WUPCUS7
bk2620.tym	6POZFAY7
nd3540.t02	1MIKKAG1
1cons.tym	1TAVWEV3
nd4251.t01	9NAVJOG2
nd4143.tym	6TIRLUF3
nd3531.tym	2ROFPOM3
nd3306.t02	0FOCRIC7
nd3252.t06	4XUCPOX3
n2253.tym	6SEQYIK0
jimd.tym	4BORSOF7
nd4743.tym	0WEJQAG6
btm607.tym	4DEQPOK4
nd2110.t01	1LUYJOZ4
ms3143.tym	8RIYQEF6
nd3735.tym	1XUBBUQ2
billy.tba	4BOTGOT1
nd4662.t02	5KOFNEF8
nd4331.t02	5BELKEL1
nd3116.t05	0FOQDEQ0
bk3540.tym	1XIFWOW2
gen1.tba	0DUTSEY1
esl.tba	2RUCMEC9
nd3353.t03	6XACKOX2
nd3353.t02	0JUJNOL8
sw2664.tym	3BOPDED0
nd4003.tym	7FASHOF0
nd4377.tym	0DECWAV0
nd2426.t02	1WADYUZ6
nd2766.tym	6TEZGUS5
nd2273.t01	0QISLIX0
nd4460.t01	8DUDQAW6
nd3211.t05	7FILBUW7
nd3756.t01	5JIYQOL7
nd4451.tym	6REXYEK2
nd4037.t02	0DIQRAG3
nd4740.t03	6HAWZOP7
nd4013.t01	5LAVNOM1
nd3676.tym	7BIDVIJ2
nd3032.tym	0YOTHEF0
nd4524.t03	8MUKWUR3
nd4524.t02	3ZOSXEL5
nd4263.tym	4WOMDAR4
bgen.tba	3HEWSER4
tiiapu.tqa	0FAHYUR4
nd3142.tym	2ROSKIC6
nd2170.tym	0SINYAD1
bk4477.tym	5PUSDIT2
nw2505.tym	0GUYSAT0
nd4616.tym	1GEQFAS9
bk4407.tym	2VISXES6
nd4006.tym	1HAQPAW7
nd4265.t03	7JUDKOQ4
nd4265.t01	4XUMXAG3
tiidbg.tqa	3NAFCIK4
nd3055.tym	2DAWGUR2
al4322.tym	2GIKPIK0
nd4072.t01	4DIGQEY2
age.tba	5HIZSUG2
log.tip	0VOCDEF1
bk0145.tym	6FALYAG9
bk2305.tym	9FOHDAW1
nd4663.t02	9FUDFAM6
nd4010.t01	4ZUVSIH1
nd4010.t04	5YAWLAY5
nd4663.t04	5HAJQOS8
nd4206.t02	6RURGAJ1
nd3162.t02	6YONQUJ0
nd4546.t02	2WELBUC6
cmd505.tba	4WIKBES7
heidi.tym	4GOXKUQ9
nd3740.tym	7SEMFUL1
nd3164.tym	4WOVJUS7
nd2471.t02	1CALMET0
nd3353.t01	4DOFRAM9
nd3211.t02	9HUSKIC1
nd3211.t03	9YEBYEN1
nd3040.tym	4BUWFIB0
nd2336.t02	9VOZYEW6
nd4665.tym	0WIYBOD0
nd3211.tym	6JITHOJ1
nd3335.t03	6RORRET8
nd2561.tym	1HUDHID9
5cmd.tba	0POBVED1
gen3.tba	5JAVKEB1
nd4775.tym	5SICZOK8
nd4775.t02	6SIKMEF1
nd2662.t01	4GABZUH1
nd3402.tym	7MIYWOV3
nd3535.tym	2YATNIM3
tiis.tym	8HUQYIR6
tymsat.tii	2PIGNAG4
nucl03.t06	9KAHPOJ4
7cons.tym	7SOGPIN3
nd3735.t01	3YADJIC8
nd3116.t02	4CIZVUP4
nd4707.t02	0VOBQUG5
nd4331.t03	1GUCJES8
nd4016.t01	5CEXZOC9
bk4633.tym	4SADPAF6
nd4266.t03	3GOSFUP0
nod513.tym	1YUQZAT5
nugen.tba	7WOWHIT2
3tyms.tym	0CILJAF1
nd4305.tym	9FOZZAY8
nd4305.t01	0VONJAX9
nd3423.t01	3HILVEV0
nd3117.t01	5RURMEN2
nd3513.tym	5CUVPID9
nd2262.t01	0SIXDUF1
nd3252.t01	1PABXOF7
iscs02.t00	4MAPREJ2
five.ti	6ZUBCOT3
five.tii	7GAGRIN6
nd2663.tym	3GOGWEV7
nd3374.t01	7VATTEX4
nd4274.t01	5YODFON3
nd3716.t01	1MICROK2
isis.tym	6BILFAG3
nd2366.t01	4NEGVEB4
nd2161.tym	9YOHMEK5
nd4402.t01	5HARZEB9
nd3012.tym	5LOZSUM1
ncom.tba	5SIMTAY5
nod23.tym	6QIJRUK0
nd4162.tym	1JUNSOJ0
nd3613.t02	4SIQRUH0
nd3302.tym	9XUSBIC4
gen2.tba	3QIFXET9
nod561.tym	7NEFNID1
nd3113.t01	7WAJCUD3
nd4013.t02	9VEVTEN0
tiii.tym	0ZEMMIC9
nd2312.t02	2HOCFOZ8
nd4022.t01	0KAFDOZ4
nd3516.t02	5LUHKOL6
cmd.ti	5HEXYOJ8
nd2030.t01	5ZIKVOW5
bk4607.tym	5LUDCAJ0
nd4654.tym	0ROSKIP9
tiisis.tym	0LURYOB5
bk3322.tym	4WUSCUB3
nd3513.t01	6BIZMEH3
nd4537.t01	6NUCWOC2
nd4152.tym	9WODPUN3
bk4544.tym	0YOTBEZ3
nd3200.t04	5WOHLAT3
nd3162.t03	7VOXFEX9
nd3225.t01	4SIQFEL9
ndtts.tym	6HOMZAH1
1outd.tym	0YAQGOK2
nd4377.t02	3KACRIR9
nd3146.t02	1GAJKAD7
nd3756.t02	1GORCUC5
isimod.txt	8LARYIZ9
nucl02.t06	9LODVOF0
nucl02.t05	6NOYGOD1
1isis.tym	1HIJLEW8
1tyms.tym	6ZENVIK2
pi2413.tym	6QEXQAL5
bk3320.tym	8SEQTAC1
nd3115.t01	8VEMHOX2
nd2611.t01	2BIHWOC8
nd2215.tym	6BEZVAD2
bk4263.tym	3DILJUY7
tiiisi.tym	8GATPOV7
cmdfil.tba	0QASGUS7
nd2768.t01	0VAVVAV0
nd3247.t01	5MAHMAK5
i2is00.t10	6NISQID5
nd4775.t01	9FOPBOV7
nd3544.t02	8HIWNAK3
nd3544.t03	1METYAB8
nd4417.t02	0WOYCAF8
nd3454.tym	9CODWAM4
nd3600.t04	6HIXKIQ4
nd2662.t03	1SOPNAD9
bk2203.tym	5PEMLUQ5
nucl03.t05	6WAXTES2
bk1010.tym	4VOQSIH9
nd4446.tym	5FABCON0
bk4221.tym	7YATNUH9
p25.tym	8WUGSIK9
nd3116.t01	8ZICLAJ9
xx4462.t01	9JUQFOH0
nd4662.t03	0NICZID4
nd3663.tym	0HOSJIJ4
xcom01.t15	2JILGEF3
isis2.tii	6PISLUC2
isihlp.txt	7DUFVOX0
sat542.tba	9DIHDOV0
bk2030.tym	4XOJDUP6
nd4737.t01	2DUFJIX2
nd2471.t01	7CAQRUF9
nd3362.t01	4XOHWES2
nd4120.t01	8DOZMEK1
nd4003.t04	8TODPOC4
nd4003.t01	6LIXPAL7
nd4003.t02	6QUKNER3
nd4271.t02	8KOLVAL4
nd3576.t05	5ZATQAY4
nd3146.t01	8DEFDIN1
nw3240.tym	7VOJYAS3
nd3113.tym	2SOMDEY4
ren.tm	2NIVHER9
nd2454.t04	4NONHAN7
nd2312.tym	0XUHJEZ6
pi4371.t03	7WOYFAT8
nod201.tym	7KETVEG0
nd4655.t01	1YAQCOJ1
nd2576.t03	6PILDEQ5
bk4142.tym	2ROJVIG9
nd2034.t06	1VUKCAF8
bk3560.tym	2LIJBUD3
522mc.tym	4KIMSIW3
nd3141.tym	2TEQSIX9
nd3742.t04	1MIKTIV6
bk2444.tym	0YOCWID2
nd4140.t02	9QIDLOD8
nd2347.t01	2DEVLOF6
nd4113.t01	9ZAFDOP7
nd2734.t03	3ZOKCAR1
nd3742.t05	5DEQMOY3
nd4336.t01	5XEKMAD0
nucl04.t02	0CIFXEK5
nucl04.t03	7MIFNOJ8
nucl04.t01	0CIFXEK5
nd2647.t06	0DOPKUR4
nd2647.t01	7CUVYIC6
nd4251.t02	8FIWYAG0
nd4116.tym	8XEHZEV9
nodesn.tba	7TAMCIC2
nd3063.t01	3WOZREP2
nd4152.t02	2ZUMWOH6
nd4645.t01	7ZANKIN6
bk3274.tym	6PIMQEM1
bk0027.tym	0JORTUV9
nd3573.tym	8GOLHEY6
nd4743.t01	9LIBNEB7
gen.tba	5VEKPAK9
nd4016.t04	7TAFQAY5
prt.tym	8KESZEH1
nd2351.tym	2YEFMUX8
nd3512.t02	3QURSIK4
nd2351.t03	1ZEZNOF1
nd3762.tym	9FEZVUZ6
bionar.tba	4GILRAH6
nd2410.tym	7GEFVAJ1
nd4460.tym	6PUJXIR9
bk4251.tym	3TEQRAM4
ebus02.t01	5JADLUP1
nd2471.t03	5WEMLIJ5
nd2500.t03	1FAXHET3
nd2500.t07	6BUZTEG4
nd2336.t03	0KAGMIJ1
nd4665.t01	5NODHEH0
nd2561.t01	5PIBWOQ5
nd3403.t02	6CICBOR0
nd3403.t01	7NAPXAH5
bk3246.tym	3BEQZUM4
bk2526.tym	5KIYGEL7
cmd510.tba	8BISRAR4
igen.tba	6CEPXAZ6
bk0017.tym	5KOVSIQ4
nd3527.tym	0VINNEH0
bk4740.tym	4DULVEL0
nd4076.t03	7ZIFTIB3
nd3322.t04	0QAYTUJ5
nd3347.t02	4KUZCEG5
nd2305.t05	5BALZAY0
nd4141.t02	4COSBAQ0
bk4137.tym	9KEYDET9
nd3246.tym	1DOTDAW0
bk2567.tym	7YOTTEK4
nd4740.t02	7LILJAW2
nd2652.t01	1KAJQUQ2
nd4477.t01	0XOGLED6
cmd506.tba	4GEGBIC4
renbk.tba	7DUQREF0
nd1000.tym	5SOSGIQ3
nd3032.t01	7PUKDOH4
nd6144.t01	8YOGWEV6
nd4137.tym	7JAWPUS7
bk2405.tym	0DAKYEC1
bk3332.tym	1QORGIZ4
bk4743.tym	8CUSZUF3
nd3764.tym	9RAGVAH8
nd3163.t01	3BINCAB9
nd4655.t02	9VIXGOX8
nd2477.t01	8FIPBEX4
nd4522.t04	0KIMTEJ3
nd3613.t03	3WAFDOY8
nd3305.tym	8YUQZAW2
2300.t2d	9KADNOZ0
t10631.tym	6NEBKEH9
nd2333.t01	7XAYKEN1
bk3600.tym	3VUVMOV8
jeanne.typ	2YOQXUQ5
nd4610.t05	1KOFYIQ9
solb.tba	9CIXQIP4
bk3164.tym	1ROXSEL6
nd3355.tym	4FIQVER5
nw2171.tym	1YUPHUD0
xx3326.tym	3HUKTAH2
nd3274.t01	5LUWYUP0
nd2734.t02	4RUJTAF6
nd4561.t01	1YIDBUV9
nd4543.t02	4NIWLUJ1
bk2336.tym	9MEWHAJ0
nd4471.tym	6LECDAV4
nd3600.t01	2JATLEX2
nd3246.t02	4VIBGAL9
bk3163.tym	0DINWIS3
nd4407.t01	2TEBFAM8
nd2454.t03	6CATDEL1
nd3147.t04	0WAZYOW9
nd3246.t01	1TEBRUZ2
nd2060.t02	0SUSTUY8
bk3613.tym	9NUGPIR7
nd3516.t01	6COHTEX7
nd2166.t04	4ZIYLAH9
nnw336.tym	6WOYDUQ3
3isis.tym	4GUHZIB8
bk0012.tym	2VUGQOM4
nd4017.t02	9SOFLIH2
nd4062.tym	4ZUQROF2
sw2214.tym	1QIJCIL5
tym25.tar	7JURHOF8
bk3167.tym	1KIBCUP8
nd3252.t02	9GESZAX6
nd4735.t03	9GAGJIV5
nd4654.t01	9KUWZAZ1
nd4654.t03	9LUGSUP3
nd3325.tym	4RIGDEK7
nd2407.t01	0SEWRUF6
nd4333.t04	3NICYUP6
nd6356.tym	5WOQLAY2
nd2765.t01	8PIXQOV1
bk2736.tym	6BESSOQ0
bk3440.tym	0DUHYIZ4
nd3111.tym	7POXSEH2
nw7343.tym	1MISHIB7
1cslt.tym	8RERDUL7
ms3577.tym	9SORTOZ5
sc2745.tym	0BIGCIM5
sc2745.t01	4ZEQDUT3
fstsrt.tba	3VUFQEC2
bk4367.tym	1SOWWUP9
cn4471.tym	1KEJGUT5
nd2060.t01	5DAJKEN1
nd4137.t03	9RAHBOF5
bk3636.tym	2XIDJED0
node.tba	1XUMVUS0
nd2452.tym	1VESQUT6
522.tym	1JOTHIG7
nd2756.tym	6CIDVEV7
nd3764.t01	8TEGTOV4
nd4270.tym	9HURPUS6
bk3242.tym	9GADCIZ9
nd6335.t01	2KUZDIG7
bk3147.tym	4CIRYUK9
nd2701.t01	7QUWBIK3
nd2701.t04	9VODYEF8
bk2454.tym	3XOTPAM7
nd3347.t05	0ZAQDOW2
nd4402.t02	0LIBWAX3
bk4426.tym	8NANSUS9
nd4365.tym	6MUWYOX4
nd3710.tym	4BEFXAZ5
bk2241.tym	3VESCAT7
nd3602.t03	1KUCSAW8
bk4140.tym	2CASDUZ8
nd4365.t01	2QELNUX8
nd3753.t01	7SAMLAY6
nd3753.t02	5PIKDAZ3
nd4716.t01	4WAJLEK5
nd4266.t04	5NIDKOF2
bk4674.tym	0ZAXXIK8
2ebus.tym	3DEKXIT9
nd2241.t01	5HELPUS9
nd3535.t02	4YUKCOY6
bk2456.tym	0YOPQAR6
nd4305.t05	3YAVJIB9
bk2366.tym	0RIBWOQ3
bk2611.tym	1QOMLEC8
nd3306.t03	2HECWED4
3cons.tym	7JITSON7
nd2732.tym	9SIQWEJ7
bk4654.tym	1BEWQUP8
nd2444.t01	2YUFBUH0
nd2500.t04	9FIWTAR5
nd2500.t05	3TIXVEQ0
nd3470.t02	7LOGKAN4
ck4546.t03	9FIJYIR2
ck4663.t02	2MAWGOC7
bk4655.tym	5RUVZET3
bk3424.tym	5FATYAN7
nd2677.tym	2TUXDOK5
nd4335.t05	0TAGTEQ3
nd4524.t05	4YOQQOJ7
nd4263.t01	0BOPLOY6
nd3525.t01	9RUNJUB9
nd4736.tym	2HEFSOB3
bk4707.tym	0XINDIX4
bk3474.tym	8YAYMAW6
bk3771.tym	2RAMMOJ4
nd2731.t04	4QANYOX8
nd2731.t06	6MUNMID9
bk4671.tym	2VIFBUV1
nw2312.tym	2HAWVIB2
nw3032.tym	9YEHYAF5
nd2556.t01	0LATSIT8
nd4365.t02	5YILXER6
nd2745.t01	4JAXKEB3
bk2716.tym	4LOVKER3
nd2637.t01	9PIKGIK3
nd4016.t02	8CEXMUS2
bk2734.tym	2TINNEZ7
bk3742.tym	8WEFDEK6
bk4203.tym	1DOGCUF2
nd3161.t04	1BABHOY7
nd4214.t02	6WAJTED6
nd4370.tym	1NUSDOL8
nw470.tym	1DACZOV8
bk4305.tym	8SIHBAS9
bk3117.tym	0HIXHUZ5
nd3353.tym	2GEFCUP3
bk4663.tym	8RILYUZ2
nd5655.tym	6PUSVOK4
nd4451.t01	4LUYJOD5
nd4537.tym	1KUVLOM5
521.tym	8MOFVIZ1
kl2615.tym	4MIJTIM2
nd4177.tym	2VIYQAM6
bk4724.tym	7WIVNAJ8
nd4465.tym	7JERXAG9
softhr.tba	7MOSNUL8
3swit.tym	1VOCVUK1
solobb.tba	9CIXQIP4
pen.tba	1YUYBIT1
nd4002.tym	0HIVDON3
nd2227.tym	2DERZEY3
nd3037.tym	8HENCAS7
batch.trk	0REFWOP4
bk3465.tym	3RUBGIY1
bk2745.tym	0CAHWUL4
nd2731.tym	3PAPTAR4
nd4522.t03	4ZUYYEW1
bk4133.tym	6ROSHEN4
nd3631.t02	2VITHAC0
bk3740.tym	2NUJRUQ4
bk2471.tym	5KORSAB9
2ebus.t01	2ZEXFEV0
nd3544.t01	5GICTAH5
nd3454.t01	8WAQDAT8
fb2064.tym	4CANCEJ6
nd2430.t03	3XIVHAR5
nd2734.t01	5MEMPUP0
nd2734.t05	5HUYPUK9
nd2257.t01	4WIXBOL5
nd3535.t01	8KAXHIM3
bk3741.tym	6QALTEK5
bk2652.tym	2BAQBOK9
bk3032.tym	2TEGZAH2
nd2071.tym	8KABXAT1
nd4303.tym	6QEVQUC3
bk2463.tym	4QUCLUX7
nd4076.t01	9XULTUC3
bk4202.tym	6CIYREG1
nd3161.t03	2WORBEC3
bk3006.tym	7BIGHEK9
bk4570.tym	8TUPBAQ8
nd3663.t01	7LOHBIY7
nd3663.t02	2XOJYAW0
nd2126.t03	0VORMIT0
nd4610.t04	3YIKCIR1
solo.tba	8YICKIZ5
bk3433.tym	8NOGTAR9
nd4335.t03	1GULHUF2
nd4335.tym	7YEMLAW3
xx3737.t03	0FARSAV7
nd3140.tym	0XAYCEN3
bk3631.tym	5YOVFEN1
bk2747.tym	9ZIFROQ7
nd3525.t02	5TAMWAR9
bk4531.tym	2BUKWAF1
ren.ty	5KEVZOH0
nd4456.t01	8RERDUL7
bk4616.tym	6KIQFEK0
bk2375.tym	4JOFWOZ4
nd4663.t01	6MAFCOB4
522i.tym	7VOJYAS3
nd4152.t01	2SONRAX6
nd6337.tym	9WEKCOW1
bk4141.tym	8PUJPIY2
bk3347.tym	2POGZAK2
nd4465.t01	5DEXFAL6
nd4465.t02	2ZEPBOX2
bk4737.tym	6FARMEJ2
bk4613.tym	8SIXMON1
nd3411.tym	2TIFLOJ9
nd2752.t01	6WOGBAZ1
nd2752.t02	8NECLAK2
nd4230.t01	3LUDNEW0
nd4140.t04	8MIHVAF4
nd2100.tym	4XILNOR8
nd2100.t01	6QIPXEH3
bk2562.tym	4RIYKEL2
bk2312.tym	7BIRGIN1
nd3347.t04	9MOPTIP0
bk2060.tym	7ZABDUZ0
nd7424.t01	4FACLIQ5
nd7424.t02	1XEHBOQ1
nd4324.tym	7FUFNIZ4
nd4101.tym	4COVROY4
bk3116.tym	5BUXROS1
bk3602.tym	6DEXKEV5
nd3334.tym	7ZOFZUY1
nd3102.t03	2VULQAP3
nd4072.t02	7JIQMIS8
bk4520.tym	7NAQROL0
1520.tym	6XOPQIC9
bk3423.tym	6LIXCUJ4
bk3065.tym	1TANFIQ9
bk2705.tym	6GOXYUQ0
hdlc.tym	4NEXMAF2
bk3362.tym	4GOSKAF2
bk3211.tym	0YOSGIM0
nd2007.tym	3WIMQAT2
nd3742.t01	5JAHRUH6
nd4570.t02	4VEJNIT5
bk4377.tym	1MIPQIR9
nd5245.t03	9HAKMAJ9
bk2500.tym	8PORCAR0
nd3562.t01	1LUQZEH2
nd2770.t01	6ZOYYET2
nd2770.t02	7MAZZIN2
nd2770.tym	2YUHVID2
bk4665.tym	6WAYTUG6
nd2475.tym	2QOXTEG4
bk2077.tym	2RAFWEC3
nd3465.t01	8BOKFAP9
nd3465.t02	1VILSUL6
nd2126.t01	0WOJSAB9
nd3663.t03	1XAJKIB5
nd3512.t01	7FEJNAK1
nd4511.tym	5YIMKAJ2
bk4561.tym	3WOLSEJ2
bk4543.tym	7SUSFAZ5
bk2707.tym	4DAJQEN5
pi4545.tym	1XITVIJ5
bk4471.tym	2WOSTEK6
nd4626.tym	9NOXYEX8
nd3027.tym	6JUGCUY5
4atc.tym	2DERZEY3
bk2177.tym	1YEJQAK1
nd4735.t02	9LOYZAB3
bk2071.tym	8MOPTIL7
bk4051.tym	6VEKHAN3
doc.tym	6XAGDEN3
nd3425.tym	8ZURGAQ2
nd3425.t01	5GACGIV6
bk2262.tym	1ZIZVOW8
nd3173.tym	5DEJDIL2
nd4613.t01	7CEVJUC0
nd2165.tym	3HEHMAX4
xx4521.t03	1HOYQAY9
nd4721.tym	4WAVGAC2
sample.tym	3ZOBPOC0
bk4010.tym	9GAGVIZ0
533i.tym	1XIMLED2
533i.t01	0JUPMIM0
nd2336.t01	3FEHXUB0
nd3470.t03	8QEFZUC0
bk2123.tym	2LESMON7
nd3322.t03	1LODJEP7
nd4526.t01	9LIQTID7
nd3601.t02	7BUTQOB6
nd3716.tym	7DIVPAQ3
sal.tba	3TAQYIP7
bk4013.tym	2KIHFUM6
nw3342.tym	0YIQHAX4
nd2366.tym	7WIVCIJ2
nd2071.t01	6JAZVIB9
bk4524.tym	1XAKQAZ0
nd2267.tym	8KURGOD0
nd2447.t02	7ZEXZUL2
2621.tym	4SAXNUL2
nd7424.t03	8DEHPOQ9
nd2447.tym	4KIKZOM4
nd2100.txt	8KITNIV2
nd4155.tym	4NESVOS6
nd2006.tym	3WIMQAT2
sw4735.tym	8HICZUG2
nd3156.tym	3WALVAS2
bk2765.tym	2VANDIB1
bk2560.tym	7DUPYEP8
pm7130.tym	9YAXRAK2
bk4522.tym	7RUSLAX9
nd3417.t01	3GEZTUD1
bk4072.tym	1JIYREZ4
nw2324.tym	3JEXQIV7
nd2563.tym	5NEYNUQ6
bk3326.tym	7NETWAD1
nd2455.t02	3QUTKEL1
nd3141.t03	5ZADPOP9
bk3756.tym	4GOYFAH5
bk2273.tym	6XAFBOB1
n11411.t02	7GOZRON3
bk2426.tym	6TUVGOV9
bk4476.tym	9JOVMUK8
bk3335.tym	8HOLXAF6
nd4705.tym	7NUVTEV6
nd3767.tym	2DIZDIV4
x22.tym	4DEZLOX3
nd4471.t01	6YOJZAS7
xx2271.t02	0QEWZIB2
bk2271.tym	9LECGEN3
bk4017.tym	0CATNES7
bk3216.tym	9LIFREW0
bk3200.tym	5NOZXUC3
bk3306.tym	8TOHBAQ6
bk3135.tym	2JEKYEG7
nd2676.tym	7QECMOZ6
bk3162.tym	7XEJMOP1
nadu.tym	6YODMAV5
bk3271.tym	5RUNNEL4
nd4774.t02	5NOVSAF5
nd4774.t01	7XAVZUW1
bk4702.tym	3VEZLER5
nd2060.t04	5JEVGEZ8
bk3422.tym	1QEWQUZ6
bk4365.tym	0RAVXIN2
522c.tym	7MEBBAR5
ben.tba	2JIRLAQ0
bk3350.tym	5DUFYIC5
nd4457.t01	4ZODNAC0
bk4662.tym	8COHJUH4
nd2731.t05	6JEVLEK5
nd3541.t01	4MUXVIH3
bk4545.tym	3QUGWAQ8
nd4162.t04	7KICKEM9
bk3672.tym	2RIYSID3
tym1.tba	4QECCET3
nd2243.tym	0PUBCUZ0
xx3411.tym	2SIKNOZ8
bk4417.tym	9KOLSAN9
pico.tym	1WOHSAC6
bk2347.tym	1PAGMAN7
nd4545.tym	7WEKGAZ9
nd3672.t01	4LUZCAB2
pi3242.t02	1RUKBAX9
nd3762.t01	5ZOLFIF8
backup.tym	8ZEZDOZ4
backup.two	1ROHYAR0
nd2322.tym	5XEHYUW5
nd4606.tym	8MIQXIH4
nd2752.tym	6BIVSIX4
nd3141.t01	1CUFPEZ9
bk4721.tym	9MIDZOB8
nd3472.t03	0VAVVAV0
bk3576.tym	3YUVSAL2
nd2257.t03	8VIPDIC9
nd4561.t02	5DAYHAN9
bk2302.tym	2PORGAW8
bk4037.tym	3TOKDUT2
nd4471.t02	8GOVPOF3
bk3601.tym	0DIBPUC0
bk4463.tym	6YIKSUC6
nd2154.tym	7JUXMUJ1
nd6625.t02	8ZUKDIT8
nd6625.t03	6HUXKEJ7
nd4010.t03	4LOYXUS1
bk2546.tym	1HIYGOT0
bk2701.tym	2ZUGXUD8
bk4076.tym	1POLXUR3
nd7163.t02	5TUXQIF8
nd7163.t03	2PEDGUP6
x32.tym	3JABQIB1
nd6335.t05	5JUWDIN9
jv4724.tym	2XUVLEB2
nd2447.t01	4FEWTUL0
nd4265.t02	8LOBJOK0
bk2166.tym	5VIMYIG2
n10355.t01	6SOKMOT9
nd4112.tym	6CUDKOW1
xx3737.t04	1PODYUR7
bk2657.tym	6GEJGAF6
bk2310.tym	1FAXRIJ6
nd4146.tym	1KUCDUS4
nd3417.t02	3JIZTIQ3
bk3776.tym	7KIWKOD8
xx3411.t01	5MATJEQ6
xx3411.t02	8LUTTEW1
bk3411.tym	5COSXAN4
bk4775.tym	9TAWYUB3
nd2020.tym	2YUDZEB0
bk4113.tym	8SIWWET4
todd.trw	9PUJKOM0
nd3512.tym	0BUZREL7
tl3447.tym	2JOYMIN5
bk3402.tym	1POQTAN6
nw4763.tym	8LESKAG9
bk4356.tym	7GAFGUP2
bk3564.tym	5VEKPUZ4
bk4016.tym	1PABGEX3
nd4457.tym	4LOYWER3
bk2020.tym	6JAMJIP2
xx4610.t01	9QUYVEC4
bk3062.tym	1CAVCUW6
nd4457.t02	2NEZDEX7
nd3541.t02	3RUJDUV6
bk4266.tym	7GUWPIL5
nd3613.t01	8NAJZIM2
nd4162.t02	8QELCAK4
xx2361.tym	1ZOSFUQ8
xx2271.tym	7COKYID1
bk4546.tym	2YOYVUL0
nd2165.t01	6GAXXOH2
nd3146.tym	2FEQSEC1
bk4206.tym	1DAJYUS1
nd3335.tym	4SOCCAM8
bk3531.tym	1XIMFEL7
nd4217.tym	6QUFVIW2
bk3252.tym	6ZIWVAP6
bk4744.tym	2LOBHEF9
nd3271.tym	2HAPFUK7
nd3764.t02	3WOXXUP7
nd3764.t03	5VISZEY3
bk2351.tym	9PIPKIJ8
bk4331.tym	1WOWHAH1
bk2126.tym	4DUMTEQ1
bk3512.tym	5WAGQIY0
bk3663.tym	1WAMFUJ3
bk4716.tym	9ZOGFUV0
bk2727.tym	1WAJREF0
bk4214.tym	7NOVBID3
nd4315.t02	9QOKDIN0
bk3447.tym	6FEYYIN3
bk4626.tym	5YURYED3
bk3765.tym	6PECRUM8
xx3326.t01	0ROYJAQ4
bk4120.tym	5REJXUL3
nd4336.tym	9KIXCEQ9
nd3240.t02	8ZIZLEC8
nd2257.tym	9XOXRUP2
nd3402.t01	3DOPPUD3
pi4203.t01	9DIDWOT7
nd3701.tym	0ZOQVEL3
bk2430.tym	1MOTWAV4
bk4230.tym	7KAHGIF5
bk2257.tym	9HIWBIW7
nd3332.tym	1BETNAQ1
nd3465.tym	1BAFMUC1
nd4412.tym	0TITCEC1
nd4142.t03	3DANFOH4
bk3535.tym	6POWFES4
nd4520.t02	3NEJNAJ5
bk4333.tym	4RIGKUZ3
xx2362.tym	8XERLER6
xx2362.t01	1DUDHUR7
xx2362.t03	7PUCCEG0
bk3674.tym	9BIGSEP5
nd4335.t04	2SIZJAF7
bk4270.tym	0KEJTIY0
pi3255.t03	0BADLAD9
nd4022.tym	8ZADMUX4
bk3622.tym	1YABFOF2
nw4076.tym	3NOMHUD6
nd3417.tym	5VUVHUB2
xx3014.tym	9TINRIG9
xx3014.t06	7GAWTUD3
bk3561.tym	8RORCAD7
nd4735.tym	2RENPIB1
nd4010.t02	7DAHREK5
bk4006.tym	3QUYCUB1
nd3020.t01	7VIHMUS4
nd3020.t05	1CUHMUF9
nd3333.tym	9CAPKAS6
bk4373.tym	8DUFRIF4
bk3146.tym	3KOQJEN8
pm7131.tym	1XABKIN3
bk4451.tym	7MOTSAS7
bk2732.tym	9YULSAV6
nd4336.t02	3DIBDEJ2
bk3470.tym	9YODMOW0
bk4505.tym	5KIWMOF6
bk3270.tym	8VETWAW8
nd3335.t01	5NIRFUB2
bk3234.tym	5YENZAR5
bk4465.tym	5GUGWAH0
bk4645.tym	0BAVCIQ6
nd2766.t02	7QAJWOC7
nd3335.t02	4SELJEF5
me4407.tym	6DEZGIQ2
nd2463.t02	4DEGRAG6
pi3255.tym	1VESYOH6
nd2477.t04	1QUMPAM0
nd2477.t02	4NAHVUD4
nd3055.t01	0TEBVOV0
nd3055.t03	3FUCPOV8
nd3055.t02	7RICJOZ1
nd4162.t01	1YOWYOQ4
nd4162.t03	5XAZJOQ6
nd4315.t03	6YUGGAK0
nd4315.t01	4MOFSUS6
bk4511.tym	3TIQMUD1
bk3753.tym	7WOJQAY1
nd3604.t01	0YUKQOS9
nd3604.tym	7VAQMUP9
bk3762.tym	4XEXYAL4
prtuse.tst	0TOTJOT2
bk4265.tym	7VAQGEC9
n10210.t03	2NIMQEM7
bk2161.tym	4RIRJIS0
nd2770.t03	5GIXVEK1
pi4775.t01	6CETPAR9

End of SAIL execution
!LOGOUT


We have only ourselves, and one another.  
        That may not be much, but that's all there is.

6980.56 tru
terminal time: 0:27:46
 6S4n