28apr91 17:08:48 #15 (TSDCONTROL) TATTLE OPER MCKERNIE 775613 (160010) okay
28apr91 17:27:03 #13 (NSSC) TATTLE OPER SIMCOX 775613 (40010) okay
28apr91 17:53:01 #17 (ENFE) TATTLE OPER THALL 10 okay
28apr91 18:22:12 #14 (OPER) TATTLE OPER CHUO 775612 (170212) okay
28apr91 19:10:37 #13 (BILLING10) TATTLE OPER CHUO 775612 (170212) okay
28apr91 20:45:28 #7 (OPER) TATTLE OPER CHUO 775612 (170212) okay
28apr91 22:15:21 #7 (TEANET) TATTLE OPER GUILLOU 775613 (10) okay
28apr91 22:16:33 #7 (TEANET) TATTLE OPER G 775617 (0) bad name
28apr91 22:16:52 #7 (TEANET) TATTLE OPER DGAETANI 775616 (40012) okay
28apr91 22:18:54 #7 (TEANET) TATTLE OPER GUILLOU 775613 (10) okay
28apr91 22:43:37 #7 (OPER) TATTLE OPER BRADYR 775612 (170212) okay
28apr91 23:15:48 #7 (OPER) TATTLE OPER BR 775617 (0) bad name
28apr91 23:15:53 #7 (OPER) TATTLE OPER BRADYR 775612 (170212) okay
28apr91 23:34:52 #7 (ENFE) TATTLE OPER ELWOODK 10 okay
28apr91 23:40:47 #7 (ENFE) TATTLE OPER ELWOODK 10 okay
28apr91 23:48:24 #7 (TCSUP) TATTLE OPER ABATE 775612 (12) okay
29apr91  0:07:02 #16 (NETCON) TATTLE OPER ORTIZ 775612 (40012) okay
29apr91  0:11:58 #18 (BASESUP) TATTLE OPER EMOORING 10 okay
29apr91  0:35:19 #17 (SLIEXTC) TATTLE OPER THEO 775617 (0) bad pswd:231603757323
29apr91  0:42:54 #17 (SLIEXTC) TATTLE OPER THEO 775617 (0) bad pswd:231603757323
29apr91  1:00:16 #15 (OPER) TATTLE OPER MONROEK 371412 (170012) okay
29apr91  1:20:21 #18 (OPER) TATTLE OPER MONROEK 371412 (170012) okay
29apr91  1:26:11 #18 (OPER) TATTLE OPER MONROEK 371412 (170012) okay
29apr91  1:30:03 #19 (OPER) TATTLE OPER CALDERONJ 371412 (170012) okay
29apr91  1:37:56 #17 (SLIEXTC) TATTLE OPER THEO 775617 (0) bad pswd:231603757323
29apr91  2:31:20 #15 (SLIEXTC) TATTLE OPER MBETTY 775617 (0) bad pswd:265072057376
29apr91  4:01:09 #13 (ISISPCM) TATTLE OPER SLIESA 10 okay
29apr91  4:28:17 #15 (TNSM) TATTLE OPER TNSM 775613 (40010) okay
29apr91  4:34:00 #20 (SLIEXTC) TATTLE OPER THEO 775617 (0) bad pswd:231603757323
29apr91  4:44:36 #18 (ARMYNET1) TATTLE OPER DHOLDERNESS 775613 (40010) okay
29apr91  4:49:30 #22 (SLIEXTC) TATTLE OPER THEO 775617 (0) bad pswd:231603757323
29apr91  4:54:05 #29 (TNSM) TATTLE OPER TNSM 775613 (40010) okay
29apr91  5:00:30 #27 (SLIEXTC) TATTLE OPER MBETTY 775617 (0) bad pswd:265072057376
29apr91  5:04:06 #23 (SLIEXTC) TATTLE OPER MBETTY 775617 (0) bad pswd:265072057376
29apr91  5:06:12 #25 (USGSCODE) TATTLE OPER MMONAGHAN 775611 (40011) okay
29apr91  5:06:24 #23 (SLIEXTC) TATTLE OPER MBETTY 775617 (0) bad pswd:265072057376
29apr91  5:07:11 #26 (INTLSUPT) TATTLE OPER RMCDOUGALL 775612 (40012) okay
29apr91  5:07:24 #27 (GSITCODE) TATTLE OPER MMONAGHAN 775611 (40011) okay
29apr91  5:07:49 #31 (WUINET) TATTLE OPER RMCDOUGF 775617 (0) bad name
29apr91  5:07:58 #31 (WUINET) TATTLE OPER RMCDOUGALL 775612 (40012) okay
29apr91  5:08:21 #15 (RCANET) TATTLE OPER RMCDOUGALL 775612 (40012) okay
29apr91  5:10:55 #35 (TECHSERV) TATTLE OPER JLIU 775612 (40012) okay
29apr91  5:16:39 #19 (JLIU) TATTLE OPER JLIU 775612 (40012) okay
29apr91  5:17:54 #29 (SLIEXTC) TATTLE OPER THEO 775617 (0) bad pswd:231603757323
29apr91  5:20:54 #29 (CNFE) TATTLE OPER HALE 10 okay
29apr91  5:22:35 #36 (TSDCONTROL) TATTLE OPER MCKERNIE 775613 (160010) okay
29apr91  5:23:36 #35 (TNSM) TATTLE OPER TNSM 775613 (40010) okay
29apr91  5:54:33 #19 (NSSC) TATTLE OPER S/SNIADOWSKI 775617 (0) bad pswd:351440461
29apr91  5:54:51 #19 (NSSC) TATTLE OPER S/SNIADOWSKI 775613 (40010) okay
29apr91  5:59:30 #20 (INTLSUPT) TATTLE OPER DSTOFKO 775612 (40012) okay
29apr91  6:01:22 #30 (SLIBDEV) TATTLE OPER THEO 775617 (0) bad pswd:231603757323
29apr91  6:04:03 #39 (SLIEXTC) TATTLE OPER THEO 775617 (0) bad pswd:231603757323
29apr91  6:11:35 #29 (OPER) TATTLE OPER MONROEK 371412 (170012) okay
29apr91  6:33:38 #24 (OPER) TATTLE OPER CALDERONJ 371416 (0) bad pswd:361213651122
29apr91  6:33:46 #24 (OPER) TATTLE OPER CALDERONJ 371412 (170012) okay
29apr91  6:38:31 #34 (OPER) TATTLE OPER MONROEK 371412 (170012) okay
29apr91  6:41:53 #19 (NSSC) TATTLE OPER S/SNIADOWSKI 775613 (40010) okay
29apr91  6:56:35 #21 (WNFE) TATTLE OPER CLEONG 775617 (0) bad pswd:340510412467
29apr91  6:56:47 #21 (WNFE) TATTLE OPER CLEONG 775613 (10) okay
29apr91  6:58:00 #24 (NSSC) TATTLE OPER S/SNIADOWSKI 775613 (40010) okay
29apr91  7:07:08 #23 (DAUERBACH) TATTLE OPER DAUERBACH 775612 (40012) okay
29apr91  7:26:15 #36 (OPER) TATTLE OPER MONROEK 371412 (170012) okay
29apr91  7:49:13 #17 (ISISPCM) TATTLE OPER SLIESA 10 okay
29apr91  7:59:45 #33 (NETCON) TATTLE OPER THOMASD 775617 (0) bad pswd:100242562346
29apr91  7:59:53 #33 (NETCON) TATTLE OPER THOMASD 775617 (0) bad pswd:122130430600
29apr91  7:59:59 #33 (NETCON) TATTLE OPER THOMASD 775612 (44012) okay
29apr91  8:00:25 #32 (ENFE) TATTLE OPER TROSUK 775612 (140012) okay
29apr91  8:11:29 #21 (SLIEXTC) TATTLE OPER MBETTY 775617 (0) bad pswd:265072057376
29apr91  8:12:32 #22 (USGSCODE) TATTLE OPER MMONAGHAN 775611 (40011) okay
29apr91  8:16:21 #7 (SLIEXTC) TATTLE OPER MBETTY 775617 (0) bad pswd:265072057376
29apr91  8:21:07 #25 (SLIEXTC) TATTLE OPER THEO 775617 (0) bad pswd:231603757323
29apr91  8:26:52 #7 (OPER) TATTLE OPER DKEITH 371412 (170012) okay
29apr91  8:31:47 #29 (SLIEXTC) TATTLE OPER MBETTY 775617 (0) bad pswd:265072057376
29apr91  8:38:03 #23 (DANIELSR) TATTLE OPER DANIELSR 775717 okay
29apr91  8:39:20 #23 (ENFE) TATTLE OPER TROSUK 775612 (140012) okay
29apr91  8:40:43 #32 (ENFE) TATTLE OPER TROSUK 775612 (140012) okay
29apr91  8:46:11 #11 (OPER) TATTLE OPER DMELLOR 775612 (170212) okay
29apr91  8:55:03 #21 (DANIELSR) TATTLE OPER DANIELSR 775717 okay
29apr91  9:00:12 #11 (CTS) TATTLE OPER BBENTLER 775611 (40011) okay
29apr91  9:01:12 #30 (TYEH) TATTLE OPER TYEH 775612 (40012) okay
29apr91  9:03:05 #21 (OPER) TATTLE OPER DKEITH 371412 (170012) okay
29apr91  9:06:48 #13 (RJEPAT) TATTLE OPER PSNEDDON 775612 (40012) okay
29apr91  9:10:11 #13 (OPER) TATTLE OPER DKEITH 371412 (170012) okay
29apr91  9:15:28 #29 (PSNEDDON) TATTLE OPER PSNEDDON 775612 (40012) okay
29apr91  9:17:05 #13 (OPER) TATTLE OPER DKEITH 371412 (170012) okay
29apr91  9:19:18 #29 (OPER) TATTLE OPER DKEITH 371412 (170012) okay
29apr91  9:33:10 #13 (OPER) TATTLE OPER PALS 775617 okay
29apr91  9:33:49 #17 (NSDADM) TATTLE OPER  100000 (0) bad pswd:555555555555
29apr91  9:33:55 #17 (NSDADM) TATTLE OPER TURNER 371412 (40012) okay
29apr91  9:34:13 #21 (OPER) TATTLE OPER DKEITH 371412 (170012) okay
29apr91  9:35:55 #21 (OPER) TATTLE OPER DKEITH 371412 (170012) okay
29apr91  9:46:22 #21 (CHANGC) TATTLE OPER CHANGC 775612 (40012) okay
29apr91 10:00:42 #17 (NSDADM) TATTLE OPER TURNER 371412 (40012) okay
29apr91 10:01:41 #21 (DANIELSR) TATTLE OPER DANIELSR 775717 okay
29apr91 10:24:50 #23 (ATHAKUR) TATTLE OPER ATHAKUR 775612 (40012) okay
29apr91 10:26:31 #23 (ATHAKUR) TATTLE OPER ATHAKUR 775612 (40012) okay
29apr91 10:26:54 #23 (ATHAKUR) TATTLE OPER ATHAKUR 775612 (40012) okay
29apr91 10:27:58 #23 (TECHSERV) TATTLE OPER ATHAKUR 775612 (40012) okay
29apr91 10:36:02 #13 (DANIELSR) TATTLE OPER DANIELSR 775717 okay
29apr91 10:47:39 #29 (TSDCONTROL) TATTLE OPER MCKERNIE 775613 (160010) okay
29apr91 10:55:53 #21 (STONEK) TATTLE OPER KSTONE 775612 (40012) okay
29apr91 11:04:32 #21 (STONEK) TATTLE OPER KSTONE 775612 (40012) okay
29apr91 11:05:03 #21 (STONEK) TATTLE OPER KSTONE 775612 (40012) okay
29apr91 11:05:22 #21 (STONEK) TATTLE OPER KSTONE 775612 (40012) okay
29apr91 11:06:57 #34 (STONEK) TATTLE OPER KSTONE 775612 (40012) okay
29apr91 11:08:19 #32 (NETCON) TATTLE OPER THOMASD 775612 (44012) okay
29apr91 11:10:19 #25 (DANIELSR) TATTLE OPER DANIELSR 775717 okay
29apr91 11:13:20 #25 (ENFE) TATTLE OPER TROSUK 775612 (140012) okay
29apr91 11:37:37 #29 (TECHSERV) TATTLE OPER JMORDEN 775612 (40012) okay
29apr91 11:46:13 #30 (MABBAS) TATTLE OPER MABBAS 775612 (40012) okay
29apr91 11:56:03 #25 (MABBAS) TATTLE OPER MABBAS 775612 (40012) okay
29apr91 11:58:42 #21 (WRFS) TATTLE OPER LY 775612 (44012) okay
29apr91 12:00:40 #37 (CNFE) TATTLE OPER REECET 10 okay
29apr91 12:03:33 #19 (KPATEL) TATTLE OPER LY 775617 (0) bad pswd:201416736510
29apr91 12:03:41 #19 (KPATEL) TATTLE OPER LIEUVIET 775617 (0) bad name
29apr91 12:03:48 #19 (KPATEL) TATTLE OPER LY 775612 (44012) okay
29apr91 12:05:56 #19 (KPATEL) TATTLE OPER LY 775612 (44012) okay
29apr91 12:14:37 #34 (TECHSERV) TATTLE OPER JMORDEN 775612 (40012) okay
29apr91 12:19:32 #21 (SRA) TATTLE OPER SRAVAL 775617 okay
29apr91 12:24:21 #19 (WATECH) TATTLE OPER LY 775612 (44012) okay
29apr91 12:30:34 #35 (WRFS) TATTLE OPER LY 775612 (44012) okay
29apr91 12:50:02 #19 (DDANAHER) TATTLE OPER DAWNO 775617 (0) bad pswd:235700316057
29apr91 12:50:08 #19 (DDANAHER) TATTLE OPER DAWNO 775611 (40011) okay
29apr91 12:59:18 #19 (DDANAHER) TATTLE OPER DAWNO 775611 (40011) okay
29apr91 13:00:55 #21 (STONEK) TATTLE OPER KSTONE 775612 (40012) okay
29apr91 13:11:28 #17 (NSDADM) TATTLE OPER TURNER 371412 (40012) okay
29apr91 13:28:35 #18 (SRA) TATTLE OPER SRAVAL 775617 okay
29apr91 13:50:27 #15 (OPER) TATTLE OPER DKEITH 371412 (170012) okay
29apr91 13:50:41 #17 (MABBAS) TATTLE OPER MABBAS 775612 (40012) okay
29apr91 14:06:59 #19 (HLE) TATTLE OPER HLE 60002 okay
29apr91 14:10:23 #21 (STONEK) TATTLE OPER KSTONE 775612 (40012) okay
29apr91 14:14:11 #23 (NSDADM) TATTLE OPER DHOUGE 775617 (0) bad pswd:156505450262
29apr91 14:14:28 #23 (NSDADM) TATTLE OPER DHOUGE 775612 (160012) okay
29apr91 14:25:22 #24 (NSSC) TATTLE OPER CKENNEY 775613 (40010) okay
29apr91 14:27:43 #17 (OPER) TATTLE OPER DKEITH 371412 (170012) okay
29apr91 14:35:01 #17 (TECHSERV) TATTLE OPER JLUCAS 775612 (40012) okay
29apr91 14:42:58 #15 (OPER) TATTLE OPER DKEITH 775612 (170212) okay
29apr91 14:43:43 #18 (OPER) TATTLE OPER DKETH 371416 (0) bad name
29apr91 14:43:49 #18 (OPER) TATTLE OPER DKEITH 371412 (170012) okay
29apr91 15:00:56 #15 (NSDADM) TATTLE OPER TURNER 371412 (40012) okay
29apr91 15:04:55 #17 (ISISTECH) TATTLE OPER VAYSBURD 775612 (40012) okay
29apr91 15:05:31 #17 (ISISTECH) TATTLE OPER  775617 (0) bad pswd:246002531221
29apr91 15:05:59 #17 (ISISTECH) TATTLE OPER  775617 (0) bad pswd:246002531221
29apr91 15:06:56 #19 (ATHAKUR) TATTLE OPER ATHAKUR 775612 (40012) okay
29apr91 15:08:03 #20 (ISISTECH) TATTLE OPER VAYSBURD 775612 (40012) okay
29apr91 15:15:37 #15 (NSDADM) TATTLE OPER TURNER 371412 (40012) okay
29apr91 15:20:01 #20 (TECHSERV) TATTLE OPER  100000 (0) bad pswd:762434123012
29apr91 15:20:08 #20 (TECHSERV) TATTLE OPER ATHAKUR 775612 (40012) okay
29apr91 15:20:39 #25 (LNGUYEN) TATTLE OPER LY 775612 (44012) okay
29apr91 15:37:33 #17 (STONEK) TATTLE OPER KSTONE 775612 (40012) okay
29apr91 15:48:05 #15 (BASELINE) TATTLE OPER TURNER 371412 (40012) okay
29apr91 15:48:53 #15 (BETATEST) TATTLE OPER TURNER 371412 (40012) okay
29apr91 15:49:21 #15 (SOURCE) TATTLE OPER TURNER 371412 (40012) okay
29apr91 16:41:40 #18 (SMURRAY) TATTLE OPER SMURRAY 775612 (40012) okay
29apr91 17:03:59 #18 (JMS) TATTLE OPER JMS 775717 okay
29apr91 17:07:58 #15 (STONEK) TATTLE OPER KSTONE 775612 (40012) okay
29apr91 17:11:17 #20 (NETANAL) TATTLE OPER BUELNA 371412 (140412) okay
29apr91 17:17:42 #7 (TECHSERV) TATTLE OPER PSNEDDON 775612 (40012) okay
29apr91 17:26:43 #20 (BILLING10) TATTLE OPER CHUO 775612 (170212) okay
29apr91 17:26:59 #20 (BILLING10) TATTLE OPER CHUO 775612 (170212) okay
29apr91 17:27:05 #21 (NISCNET) TATTLE OPER NSCTECH 775612 (100012) okay
29apr91 17:37:34 #15 (NSSC) TATTLE OPER CKENNEY 775613 (40010) okay
29apr91 17:49:25 #20 (OPER) TATTLE OPER LUNDGREN 371412 (170012) okay
29apr91 17:53:05 #25 (NETANAL) TATTLE OPER BUELNA 371412 (140412) okay
29apr91 19:35:55 #15 (OPER) TATTLE OPER LUNDGREN 371412 (170012) okay
29apr91 21:12:38 #19 (WNFE) TATTLE OPER MPOWELL 775613 (10) okay
29apr91 23:08:49 #11 (OPER) TATTLE OPER LUNDGREN 371412 (170012) okay
29apr91 23:38:23 #11 (ENFE) TATTLE OPER WALTERB 10 okay
30apr91  4:51:04 #11 (OPER) TATTLE OPER MONROEK 371412 (170012) okay
30apr91  4:51:28 #12 (OPER) TATTLE OPER CALDERONJ 371412 (170012) okay
30apr91  4:54:42 #13 (GSITCODE) TATTLE OPER MMONAGHAN 775611 (40011) okay
30apr91  4:59:23 #14 (BASESUP) TATTLE OPER EMOORING 10 (0) bad pswd:156752033426
30apr91  5:14:07 #8 (ENFE) TATTLE OPER MWEHRLE 10 okay
30apr91  5:14:44 #11 (OPER) TATTLE OPER CHAMPOUXG 371412 (170012) okay
30apr91  5:14:53 #14 (TSDCONTROL) TATTLE OPER MCKERNIE 775613 (60010) okay
30apr91  5:38:41 #25 (BASESUP) TATTLE OPER EMOORING 10 (0) bad pswd:156752033426
30apr91  5:43:13 #11 (TNSM) TATTLE OPER TNSM 775613 (40010) okay
30apr91  5:49:36 #10 (WUINET) TATTLE OPER RMCDOUGALL 775612 (40012) okay
30apr91  5:52:06 #11 (RCANET) TATTLE OPER RMCDOUGALL 775612 (40012) okay
30apr91  5:57:15 #17 (INTLSUPT) TATTLE OPER LOOKOUT 775617 (0) bad name
30apr91  5:57:26 #17 (INTLSUPT) TATTLE OPER RMCDOUGASLL 775617 (0) bad name
30apr91  5:57:34 #17 (INTLSUPT) TATTLE OPER RMCDOUGALL 775612 (40012) okay
30apr91  6:01:21 #26 (TNSM) TATTLE OPER TNSM 775613 (40010) okay
30apr91  6:04:11 #15 (ISISPCM) TATTLE OPER SLIESA 10 okay
30apr91  6:04:50 #9 (SLIEXTC) TATTLE OPER THEO 775617 (0) bad pswd:231603757323
30apr91  6:07:23 #18 (TNSM) TATTLE OPER TNSM 775613 (40010) okay
30apr91  6:08:59 #8 (TNSM) TATTLE OPER TNSM 775613 (40010) okay
30apr91  6:10:03 #18 (NETANAL) TATTLE OPER KOVACH 371412 (140412) okay
30apr91  6:14:25 #8 (SLIEXTC) TATTLE OPER MBETTY 775617 (0) bad pswd:265072057376
30apr91  6:15:07 #28 (SLIEXTC) TATTLE OPER THEO 775617 (0) bad pswd:231603757323
30apr91  6:17:59 #24 (BASESUP) TATTLE OPER EMOORING 10 (0) bad pswd:156752033426
30apr91  6:18:56 #29 (TNSM) TATTLE OPER TNSM 775613 (40010) okay
30apr91  6:21:48 #24 (OPER) TATTLE OPER MONROEK 371412 (170012) okay
30apr91  6:22:31 #20 (SLIEXTC) TATTLE OPER THEO 775617 (0) bad pswd:231603757323
30apr91  6:25:05 #31 (OPER) TATTLE OPER CHAMPOUXG 371416 (0) bad pswd:40042744220
30apr91  6:25:22 #31 (OPER) TATTLE OPER CHAMPOUXG 371412 (170012) okay
30apr91  6:35:20 #25 (TSAMPSON) TATTLE OPER TSAMPSON 775611 (40011) okay
30apr91  6:36:44 #33 (SLIEXTC) TATTLE OPER MBETTY 775617 (0) bad pswd:265072057376
30apr91  6:45:57 #7 (ISISPCM) TATTLE OPER SLIESA 10 okay
30apr91  6:51:01 #19 (OPER) TATTLE OPER MONROEK 371412 (170012) okay
30apr91  6:57:26 #14 (BASESUP) TATTLE OPER EMOORING 10 (0) bad pswd:156752033426
30apr91  7:03:02 #29 (OPER) TATTLE OPER CALDERONJ 371412 (170012) okay
30apr91  7:11:30 #15 (OPER) TATTLE OPER CALDERONJ 775612 (170212) okay
30apr91  7:22:21 #15 (DRHODES) TATTLE OPER DRHODES 775612 (40012) okay
30apr91  7:23:30 #15 (DRHODES) TATTLE OPER DRHODES 775612 (40012) okay
30apr91  7:24:30 #15 (DRHODES) TATTLE OPER DRHODES 775612 (40012) okay
30apr91  7:25:26 #22 (DRHODES) TATTLE OPER DRHODES 775612 (40012) okay
30apr91  7:31:35 #22 (ARMYNET1) TATTLE OPER HANNAWAY 775613 (10) okay
30apr91  7:33:42 #22 (INTLSUPT) TATTLE OPER DSTOFKO 775617 (0) bad pswd:314661323044
30apr91  7:33:49 #22 (INTLSUPT) TATTLE OPER DSTOFK 775617 (0) bad name
30apr91  7:33:54 #22 (INTLSUPT) TATTLE OPER DSTOFKO 775612 (40012) okay
30apr91  7:42:01 #26 (TNSM) TATTLE OPER TNSM 775613 (40010) okay
30apr91  7:43:08 #8 (SLIEXTC) TATTLE OPER THEO 775617 (0) bad pswd:231603757323
30apr91  7:55:43 #8 (SLIBDEV) TATTLE OPER THEO 775617 (0) bad pswd:231603757323
30apr91  7:56:23 #8 (SLIEXTC) TATTLE OPER THEO 775617 (0) bad pswd:231603757323
30apr91  7:56:52 #37 (SLIEXTC) TATTLE OPER THEO 775617 (0) bad pswd:231603757323
30apr91  8:04:46 #16 (NSDADM) TATTLE OPER TURNER 371416 (0) bad pswd:371547420136
30apr91  8:04:51 #16 (NSDADM) TATTLE OPER TURNER 371412 (40012) okay
30apr91  8:07:18 #21 (OPER) TATTLE OPER CHAMPOUXG 371412 (170012) okay
30apr91  8:07:32 #28 (SLIBDEV) TATTLE OPER THEO 775617 (0) bad pswd:231603757323
30apr91  8:08:53 #28 (SLIBDEV) TATTLE OPER THEO 775617 (0) bad pswd:231603757323
30apr91  8:11:11 #28 (SLIBDEV) TATTLE OPER THEO 775617 (0) bad pswd:231603757323
30apr91  8:13:15 #8 (OPER) TATTLE OPER CHAMPOUXG 371412 (170012) okay
30apr91  8:13:56 #28 (SLIBDEV) TATTLE OPER THEO 775617 (0) bad pswd:231603757323
30apr91  8:15:41 #19 (SLIBDEV) TATTLE OPER THEO 775617 (0) bad pswd:231603757323
30apr91  8:21:00 #24 (NSSC) TATTLE OPER S/SNIADOWSKI 775617 (0) bad pswd:351440461
30apr91  8:21:08 #24 (NSSC) TATTLE OPER S/SNIADOWSKI 775613 (40010) okay
30apr91  8:26:52 #8 (SLIEXTC) TATTLE OPER MBETTY 775617 (0) bad pswd:265072057376
30apr91  8:33:51 #16 (ENFE) TATTLE OPER MARSH 10 okay
30apr91  8:38:00 #16 (TNSM) TATTLE OPER TNSM 775617 (0) bad pswd:614050710110
30apr91  8:38:18 #16 (TNSM) TATTLE OPER TNSM 775613 (40010) okay
30apr91  8:44:27 #32 (TECHSERV) TATTLE OPER PSNEDDON 775612 (40012) okay
30apr91  8:47:37 #8 (SLIEXTC) TATTLE OPER THEO 775617 (0) bad pswd:231603757323
30apr91  8:49:38 #20 (SLIEXTC) TATTLE OPER THEO 775617 (0) bad pswd:231603757323
30apr91  9:04:50 #29 (WNFE) TATTLE OPER MMILLER 1 (0) okay
30apr91  9:06:21 #7 (OPER) TATTLE OPER CAINK 775612 (100012) okay
30apr91  9:16:05 #8 (CNFE) TATTLE OPER BAIVU 775613 (10) okay
30apr91  9:53:57 #9 (TSDCONTROL) TATTLE OPER MCKERNIE 775613 (60010) okay
30apr91 10:07:44 #9 (TSDCONTROL) TATTLE OPER SAL 775612 (70212) okay
30apr91 10:07:55 #9 (TSDCONTROL) TATTLE OPER SAL 775612 (70212) okay
30apr91 10:15:56 #16 (NETCON) TATTLE OPER THOMASD 775612 (44012) okay
30apr91 10:16:43 #19 (DANIELSR) TATTLE OPER DANIELSR 775717 okay
30apr91 10:20:26 #20 (BCHEN) TATTLE OPER BCHEN 775612 (40012) okay
30apr91 10:21:06 #21 (WNFE) TATTLE OPER CLEONG 775613 (10) okay
30apr91 10:21:13 #25 (STONEK) TATTLE OPER KSTONE 775612 (40012) okay
30apr91 10:27:32 #19 (WNFE) TATTLE OPER CLEONG 775613 (10) okay
30apr91 10:35:30 #8 (NETCON) TATTLE OPER CINDYP 775612 (40012) okay
30apr91 10:38:02 #9 (WNFE) TATTLE OPER TORRES 775613 (10) okay
30apr91 10:54:13 #20 (OPER) TATTLE OPER CAINK 775612 (100012) okay
30apr91 11:01:22 #28 (OPER) TATTLE OPER ZACHARYE 775612 (170212) okay
30apr91 11:09:04 #9 (NSDADM) TATTLE OPER TURNER 371412 (40012) okay
30apr91 11:11:29 #20 (LOADII) TATTLE OPER ROBERT 775612 (444212) okay
30apr91 11:20:43 #30 (RVIVIER) TATTLE OPER RLV 775612 (761012) okay
30apr91 11:20:50 #20 (LOADII) TATTLE OPER ROBERT 775612 (444212) okay
30apr91 11:25:17 #9 (STONEK) TATTLE OPER KSTONE 775612 (40012) okay
30apr91 11:33:07 #20 (LOADII) TATTLE OPER ROBERT 775612 (444212) okayr91 11:36:58 #29 (RTARKIR) TATTLE OPER RTARKIR 775612 (40012) okay
30apr91 11:38:34 #20 (LOADII) TATTLE OPER ROBERT 775612 (444212) okay
30apr91 11:39:15 #20 (LOADII) TATTLE OPER ROBERT 775612 (444212) okay
30apr91 11:40:42 #34 (SMURRAY) TATTLE OPER SMURRAY 775612 (40012) okay
30apr91 11:43:01 #20 (LOADII) TATTLE OPER ROBERT 775617 (0) bad pswd:764766733216
30apr91 11:43:08 #20 (LOADII) TATTLE OPER ROBERT 775612 (444212) okay
30apr91 11:47:19 #20 (LOADII) TATTLE OPER RMARTINEZ 775617 (0) bad name
30apr91 11:47:27 #20 (LOADII) TATTLE OPER ROBERT 775617 (0) bad pswd:555555555555
30apr91 11:47:35 #20 (LOADII) TATTLE OPER RMARTINEZ 775617 (0) bad name
30apr91 11:50:54 #20 (LOADII) TATTLE OPER RMARTINEZ 775617 (0) bad name
30apr91 11:51:00 #20 (LOADII) TATTLE OPER RMARTINEZ 775617 (0) bad name
30apr91 11:51:12 #19 (BASESUP) TATTLE OPER SNILLUKA 10 okay
30apr91 11:58:21 #7 (LREYNOLDS) TATTLE OPER LREYNOLDS 775611 (40011) okay
30apr91 11:58:50 #9 (LOADII) TATTLE OPER RMARTINEZ 775617 (0) bad name
30apr91 11:59:12 #19 (LREYNOLDS) TATTLE OPER LREYNOLDS 775611 (40011) okay
30apr91 11:59:56 #9 (LOADII) TATTLE OPER RMARTINEZ 775617 (0) bad name
30apr91 12:05:27 #25 (NSSC) TATTLE OPER CKENNEY 775613 (40010) okay
30apr91 12:06:20 #29 (ENFE) TATTLE OPER MARTO 10 (0) bad pswd:71172454411
30apr91 12:06:28 #29 (ENFE) TATTLE OPER MARTO 10 (0) bad pswd:423550347711
30apr91 12:06:34 #29 (ENFE) TATTLE OPER MARTO 10 okay
30apr91 12:12:11 #14 (USGSCODE) TATTLE OPER MMONAGHAN 775611 (40011) okay
30apr91 12:12:23 #32 (ENFE) TATTLE OPER PALIUCA 10 (0) bad pswd:661710571640
30apr91 12:12:31 #32 (ENFE) TATTLE OPER PALIUCA 10 (0) bad pswd:411763200023
30apr91 12:12:42 #32 (ENFE) TATTLE OPER PALIUCA 10 okay
30apr91 12:13:41 #26 (LOADII) TATTLE OPER RMARTINEZ 775617 (0) bad name
30apr91 12:14:13 #26 (CNFE) TATTLE OPER CYRANE 775612 (12) okay
30apr91 12:33:07 #7 (OPER) TATTLE OPER ZACHARYE 775612 (170212) okay
30apr91 12:46:16 #29 (OPER) TATTLE OPER ZACHARYE 775612 (170212) okay
30apr91 12:49:17 #24 (NETCON) TATTLE OPER PANGILINA 775612 (40012) okay
30apr91 12:52:52 #16 (OPER) TATTLE OPER ZACHARYE 775612 (170212) okay
30apr91 12:58:32 #20 (DANIELSR) TATTLE OPER DANIELSR 775717 okay
30apr91 13:08:17 #9 (LOADII) TATTLE OPER RMARTINEZ 775617 (0) bad name
30apr91 13:08:24 #9 (LOADII) TATTLE OPER RMARTINEZ 775617 (0) bad name
30apr91 13:16:27 #27 (TSDCONTROL) TATTLE OPER MCKERNIE 775613 (60010) okay
30apr91 13:16:59 #27 (TSDCONTROL) TATTLE OPER MCKERNIE 775613 (60010) okay
30apr91 13:18:04 #27 (TSDCONTROL) TATTLE OPER CSMITH 775617 (0) bad name
30apr91 13:18:39 #27 (TSDCONTROL) TATTLE OPER SAL 775612 (70212) okay
30apr91 13:22:29 #9 (TSDCONTROL) TATTLE OPER MCKERNIE 775613 (60010) okay
30apr91 13:31:23 #26 (STONEK) TATTLE OPER KSTONE 775612 (40012) okay
30apr91 13:32:15 #24 (LOADII) TATTLE OPER RMARTINEZ 775617 (0) bad name
30apr91 13:32:21 #29 (OPER) TATTLE OPER JONESJ 371412 (170012) okay
30apr91 13:43:48 #31 (ENFE) TATTLE OPER HANNAWAY 10 okay
30apr91 13:55:28 #27 (JKAY) TATTLE OPER JKAY 775613 (40010) okay
30apr91 13:58:51 #27 (TSDCONTROL) TATTLE OPER SAL 775612 (70212) okay
30apr91 13:59:04 #27 (TSDCONTROL) TATTLE OPER SAL 775612 (70212) okay
30apr91 14:02:02 #32 (DANIELSR) TATTLE OPER DANIELSR 775717 okay
30apr91 14:10:53 #23 (WNFE) TATTLE OPER TORRES 775613 (10) okay
30apr91 14:14:26 #23 (NSSC) TATTLE OPER FALKEVITZ 775617 (0) bad pswd:122601532731
30apr91 14:14:38 #23 (NSSC) TATTLE OPER FALKEVITZ 775613 (40010) okay
30apr91 14:27:35 #16 (INTLSUPT) TATTLE OPER BBENNECOFF 775612 (40012) okay
30apr91 14:31:35 #19 (CTS) TATTLE OPER SPETRYSZYN 400 (0) okay
30apr91 14:32:52 #24 (ISISTECH) TATTLE OPER  775617 (0) bad pswd:246002531221
30apr91 14:33:29 #24 (ISISTECH) TATTLE OPER VAYSBURD 775612 (40012) okay
30apr91 14:38:37 #22 (ISISTECH) TATTLE OPER VAYSBURD 775612 (40012) okay
30apr91 14:46:35 #21 (DANIELSR) TATTLE OPER DANIELSR 775717 okay
30apr91 15:06:40 #22 (OPER) TATTLE OPER CAINK 775612 (100012) okay
30apr91 15:12:11 #21 (OPER) TATTLE OPER CAINK 775612 (100012) okay
30apr91 16:02:16 #7 (WNFE) TATTLE OPER UNGERN 10 (0) bad pswd:546154620045
30apr91 16:02:26 #7 (WNFE) TATTLE OPER UNGERN 10 okay
30apr91 16:34:38 #7 (NSSC) TATTLE OPER CKENNEY 775613 (40010) okay
30apr91 16:55:05 #12 (UTIL) TATTLE OPER SILVAM 371416 okay
30apr91 16:56:31 #12 (OPER) TATTLE OPER SILVAM 371416 (0) bad pswd:372647346434
30apr91 16:56:44 #12 (OPER) TATTLE OPER SILVAM 170002 okay
30apr91 17:12:47 #19 (NETANAL) TATTLE OPER BUELNA 371412 (140412) okay
30apr91 17:27:34 #24 (NETCON) TATTLE OPER PUSATERI 775612 (40012) okay
30apr91 17:27:43 #25 (ENFE) TATTLE OPER BREZNAYD 10 okay
30apr91 17:30:25 #21 (NISCNET) TATTLE OPER NSCTECH 775612 (12) okay
30apr91 17:47:52 #26 (NETANAL) TATTLE OPER BUELNA 371412 (140412) okay
30apr91 18:04:56 #9 (NETCON) TATTLE OPER JAYW 775612 (44012) okay
30apr91 18:23:37 #25 (NETCON) TATTLE OPER JHOSTLER 775612 (40012) okay
30apr91 18:26:09 #19 (NETCON) TATTLE OPER JHOSTLER 775612 (40012) okay
30apr91 18:27:28 #16 (BILLING10) TATTLE OPER AGUILARB 371412 (170012) okay
30apr91 18:31:19 #19 (NETCON) TATTLE OPER JHOSTLER 775612 (40012) okay
30apr91 18:32:27 #25 (LOADII) TATTLE OPER RMARTINEZ 775612 (444612) okay
30apr91 18:34:50 #9 (SSINSTALL) TATTLE OPER RMARTINEZ 775612 (444612) okay
30apr91 18:42:27 #7 (NSCNET) TATTLE OPER NSCTECH 775612 (12) okay
30apr91 19:21:33 #7 (OPER) TATTLE OPER LUNDGREN 371412 (170012) okay
30apr91 19:58:37 #7 (JMS) TATTLE OPER JMS 775717 okay
30apr91 21:28:00 #9 (OPER) TATTLE OPER SILVAM 170002 okay
30apr91 21:44:39 #16 (ENFE) TATTLE OPER PECKD 10 okay
30apr91 21:46:38 #16 (OPER) TATTLE OPER BRADYR 775617 (0) bad pswd:105403014742
30apr91 21:46:44 #16 (OPER) TATTLE OPER BRADYR 775612 (170212) okay
30apr91 21:58:51 #23 (NISCNET) TATTLE OPER NSCTECH 775617 (0) bad pswd:56044464771
30apr91 21:59:00 #23 (NISCNET) TATTLE OPER NSCTECH 775617 (0) bad pswd:642666023735
30apr91 21:59:13 #23 (NISCNET) TATTLE OPER NSCTECH 775617 (0) bad pswd:642666023735
30apr91 21:59:18 #23 (NISCNET) TATTLE OPER NSCTECH 775612 (12) okay
30apr91 22:02:58 #23 (NETCON) TATTLE OPER JHOSTLER 775612 (40012) okay
30apr91 22:05:11 #23 (NETCON) TATTLE OPER JHOSTLER 775612 (40012) okay
30apr91 22:09:08 #24 (SALTYRON) TATTLE OPER SALTGAVER 140002 (0) bad pswd:701777051103
30apr91 22:12:10 #25 (ENFE) TATTLE OPER PECKD 10 okay
30apr91 22:12:53 #25 (ENFE) TATTLE OPER PECKD 10 okay
30apr91 22:13:30 #25 (ENFE) TATTLE OPER PECKD 10 okay
30apr91 22:32:17 #16 (OPER) TATTLE OPER BRADYR 775612 (170212) okay
30apr91 22:35:06 #23 (OPER) TATTLE OPER BRADYR 775612 (170212) okay
30apr91 23:01:48 #16 (WNFE) TATTLE OPER MREINICK 10 (0) bad pswd:550154573526
30apr91 23:02:02 #16 (WNFE) TATTLE OPER MREINICK 10 (0) bad pswd:231250331273
30apr91 23:42:20 #24 (NETCON) TATTLE OPER ORTIZ 775612 (40012) okay
30apr91 23:47:53 #25 (ENFE) TATTLE OPER PECKD 10 okay
 1may91  0:08:07 #16 (WNFE) TATTLE OPER MPOWELL 775613 (10) okay
 1may91  0:12:54 #25 (ENFE) TATTLE OPER PECKD 10 okay
 1may91  0:17:15 #16 (NSCNET) TATTLE OPER NSCTECH 775612 (12) okay
 1may91  0:38:09 #16 (ENFE) TATTLE OPER PECKD 10 okay
 1may91  1:54:38 #23 (BASESUP) TATTLE OPER SNILLUKA 10 okay
 1may91  3:06:19 #26 (TCSUP) TATTLE OPER ABATE 775612 (12) okay
 1may91  3:18:22 #27 (NSSC) TATTLE OPER P/MEYERS 775612 (40012) okay
 1may91  3:49:15 #23 (INTLSUPT) TATTLE OPER BBENNECOFF 775612 (40012) okay
 1may91  4:05:39 #16 (NISCNET) TATTLE OPER NSCTECH 775612 (12) okay
 1may91  4:36:03 #16 (NSSC) TATTLE OPER S/SNIADOWSKI 775613 (40010) okay
 1may91  4:40:09 #25 (ARMYNET1) TATTLE OPER DHOLDERNESS 775613 (40010) okay
 1may91  4:48:21 #26 (OPER) TATTLE OPER MERLOSJ 775612 (170212) okay
 1may91  5:25:02 #21 (TSDCONTROL) TATTLE OPER MCKERNIE 775613 (60010) okay
 1may91  6:31:51 #21 (OPER) TATTLE OPER MONROEK 371412 (170012) okay
 1may91  6:49:18 #31 (NISCNET) TATTLE OPER NSCTECH 775612 (12) okay
 1may91  6:55:23 #32 (ENFE) TATTLE OPER PALIUCA 10 (0) bad pswd:470622615555
 1may91  6:55:29 #32 (ENFE) TATTLE OPER PALIUCA 10 (0) bad pswd:666306660764
 1may91  7:00:35 #32 (LREYNOLDS) TATTLE OPER LREYNOLDS 775617 (0) bad pswd:553471623344
 1may91  7:00:42 #32 (LREYNOLDS) TATTLE OPER LREYNOLDS 775611 (40011) okay
 1may91  7:07:48 #16 (NSSC) TATTLE OPER S/SNIADOWSKI 775613 (40010) okay
 1may91  7:25:20 #13 (ENFE) TATTLE OPER HANNAWAY 775617 (0) bad pswd:525531241067
 1may91  7:25:30 #13 (ENFE) TATTLE OPER HANNAWAY 775613 (10) okay
 1may91  7:27:07 #25 (ARMYNET1) TATTLE OPER DHOLDERNESS 775613 (40010) okay
 1may91  7:29:34 #27 (ENFEW) TATTLE OPER HANNAWAY 775613 (10) okay
 1may91  7:36:35 #32 (NETCON) TATTLE OPER THOMASD 775612 (44012) okay
 1may91  8:14:19 #27 (ENFE) TATTLE OPER MARTO 10 okay
 1may91  8:25:13 #19 (ENFEW) TATTLE OPER HANNAWAY 775613 (10) okay
 1may91  8:34:33 #21 (ATHAKUR) TATTLE OPER ATHAKUR 775612 (40012) okay
 1may91  8:35:53 #28 (INTLSUPT) TATTLE OPER DSTOFKO 775612 (40012) okay
 1may91  8:37:32 #35 (TSDCONTROL) TATTLE OPER MCKERNIE 775613 (60010) okay
 1may91  8:37:59 #35 (OPER) TATTLE OPER JONESJ 371416 (0) bad pswd:555555555555
 1may91  8:38:01 #35 (OPER) TATTLE OPER  371416 (0) bad pswd:555555555555
 1may91  8:38:10 #35 (OPER) TATTLE OPER JONESJ 371416 (0) bad pswd:555555555555
 1may91  8:38:17 #35 (OPER) TATTLE OPER JONESJ 371416 (0) bad pswd:555555555555
 1may91  8:38:23 #35 (OPER) TATTLE OPER  371416 (0) bad pswd:25326734205
 1may91  8:38:33 #35 (OPER) TATTLE OPER JONESJ 371412 (170012) okay
 1may91  8:40:15 #26 (WNFE) TATTLE OPER TORRES 775613 (10) okay
 1may91  8:43:37 #38 (JREILLY) TATTLE OPER JCREILLY 775617 (0) bad pswd:61610246503
 1may91  8:43:41 #38 (JREILLY) TATTLE OPER JCREILLY 775612 (40012) okay
 1may91  8:44:21 #36 (CNFE) TATTLE OPER BAIVU 775613 (10) okay
 1may91  8:51:13 #27 (CNFE) TATTLE OPER BAIVU 775617 (0) bad pswd:677415756525
 1may91  8:51:31 #27 (CNFE) TATTLE OPER HA 775617 (0) bad name
 1may91  8:51:46 #27 (CNFE) TATTLE OPER BAIVU 775613 (10) okay
 1may91  8:55:21 #36 (NISCNET) TATTLE OPER NSCTECH 775612 (12) okay
 1may91  9:01:08 #38 (NETQC) TATTLE OPER WALLING 775612 (44012) okay
 1may91  9:04:28 #36 (NISCNET) TATTLE OPER NSCTECH 775612 (12) okay
 1may91  9:05:24 #39 (TECHSERV) TATTLE OPER CLEN 775612 (40012) okay
 1may91  9:19:31 #20 (TECHSERV) TATTLE OPER PSNEDDON 775612 (40012) okay
 1may91  9:28:51 #19 (OPER) TATTLE OPER HIGHTOWER 371616 okay
 1may91  9:33:31 #19 (NETQC) TATTLE OPER WALLING 775612 (44012) okay
 1may91  9:42:27 #12 (OPER) TATTLE OPER HIGHTOWER 371616 okay
 1may91  9:53:24 #19 (ISISTECH) TATTLE OPER VAYSBURD 775612 (40012) okay
 1may91  9:53:52 #19 (STONEK) TATTLE OPER KSTONE 775612 (40012) okay
 1may91  9:58:18 #26 (TSDCONTROL) TATTLE OPER SAL 775612 (70212) okay
 1may91 10:04:53 #28 (INTLSUPT) TATTLE OPER DSTOFKO 775612 (40012) okay
 1may91 10:24:54 #22 (FLAHERTYW) TATTLE OPER MJACOBS 775617 (0) bad pswd:24757223677
 1may91 10:24:55 #26 (NSDADM) TATTLE OPER TURNER 371412 (40012) okay
 1may91 10:25:12 #22 (FLAHERTYW) TATTLE OPER MJACOBS 775612 (40012) okay
 1may91 10:58:32 #22 (FLAHERTYW) TATTLE OPER MJACOBS 775612 (40012) okay
 1may91 11:07:21 #23 (TCSUP) TATTLE OPER TREYNOLDS 775613 (10) okay
 1may91 11:14:28 #19 (STONEK) TATTLE OPER KSTONE 775612 (40012) okay
 1may91 11:22:26 #26 (BURNS1) TATTLE OPER SRAVAL 775617 okay
 1may91 11:33:35 #26 (WNFE) TATTLE OPER TORRES 775613 (10) okay
 1may91 11:36:06 #22 (INTLSUPT) TATTLE OPER DSTOFKO 775612 (40012) okay
 1may91 11:51:53 #28 (DAUERBACH) TATTLE OPER DAUERBACH 775612 (40012) okay
 1may91 12:00:17 #13 (ENFE) TATTLE OPER WALTERB 10 okay
 1may91 12:01:23 #37 (DAUERBACH) TATTLE OPER DAUERBACH 775612 (40012) okay
 1may91 12:19:44 #26 (ENFE) TATTLE OPER SWANSON 10 okay
 1may91 12:25:44 #19 (ENFE) TATTLE OPER TROSUK 775612 (40012) okay
 1may91 12:28:56 #19 (CNFE) TATTLE OPER WOELBLINGT 775613 (10) okay
 1may91 12:36:39 #27 (NETCON) TATTLE OPER CINDYP 775612 (40012) okay
 1may91 12:45:03 #13 (CNFE) TATTLE OPER HALE 10 okay
 1may91 12:50:49 #19 (WAR) TATTLE OPER WAR 370216 okay
 1may91 12:55:02 #28 (CNFE) TATTLE OPER CYRANE 775612 (12) okay
 1may91 13:04:31 #25 (WNFE) TATTLE OPER SANCHEZ 10 okay
 1may91 13:08:29 #27 (ENFE) TATTLE OPER MARTO 10 okay
 1may91 13:21:14 #36 (STONEK) TATTLE OPER KSTONE 775612 (40012) okay
 1may91 13:24:47 #16 (RMKRUL) TATTLE OPER RMKRUL 775611 (40011) okay
 1may91 13:40:52 #16 (RMKRUL) TATTLE OPER RMKRUL 775611 (40011) okay
 1may91 13:41:25 #19 (NSSC) TATTLE OPER CKENNEY 775613 (40010) okay
 1may91 13:48:52 #13 (CHANGC) TATTLE OPER  775617 (0) bad pswd:762434123012
 1may91 13:49:00 #13 (CHANGC) TATTLE OPER CHANGC 775612 (40012) okay
 1may91 13:56:24 #16 (BCHEN) TATTLE OPER BCHEN 775612 (40012) okay
 1may91 13:57:06 #25 (TECHSERV) TATTLE OPER CHANGC 775612 (40012) okay
 1may91 14:01:20 #16 (RMKRUL) TATTLE OPER RMKRUL 775611 (40011) okay
 1may91 14:03:34 #25 (INTLSUPT) TATTLE OPER RMCDOUGALL 775612 (40012) okay
 1may91 14:06:01 #13 (INTLSUPT) TATTLE OPER RMCDOUGALL 775612 (40012) okay
 1may91 14:12:34 #16 (OPER) TATTLE OPER HIGHTOWER 371416 okay
 1may91 14:14:12 #17 (INTLSUPT) TATTLE OPER RMCDOUGALL 775612 (40012) okay
 1may91 14:16:23 #13 (INTLSUPT) TATTLE OPER RMCDOUGALL 775612 (40012) okay
 1may91 14:19:59 #27 (INTLSUPT) TATTLE OPER RMCDOUGALL 775612 (40012) okay
 1may91 14:20:59 #13 (CHANGC) TATTLE OPER CHANGC 775612 (40012) okay
 1may91 14:22:47 #13 (TSDCONTROL) TATTLE OPER SAL 775612 (70212) okay
 1may91 14:23:13 #13 (TSDCONTROL) TATTLE OPER SAL 775612 (70212) okay
 1may91 15:06:52 #13 (OPER) TATTLE OPER HIGHTOWER 371616 okay
 1may91 15:39:16 #7 (SOFTDOC) TATTLE OPER SOFT 775617 (0) bad name
 1may91 15:40:18 #7 (SOFTDOC) TATTLE OPER SOFTDOC 775613 (140010) okay
 1may91 15:43:18 #7 (SOFTDOC) TATTLE OPER SOFTDOC 775613 (140010) okay
 1may91 15:43:21 #25 (NETCON) TATTLE OPER JHOSTLER 775612 (40012) okay
 1may91 16:19:54 #13 (NSSC) TATTLE OPER FALKEVITZ 10 okay
 1may91 16:26:31 #13 (STONEK) TATTLE OPER KSTONE 775612 (40012) okay
 1may91 16:28:08 #19 (OPER) TATTLE OPER DMELLOR 775612 (170212) okay
 1may91 16:49:32 #21 (NSCNET) TATTLE OPER NSCTECH 775612 (12) okay
 1may91 17:20:16 #7 (NSCNET) TATTLE OPER NSCTECH 775612 (12) okay
 1may91 17:21:57 #7 (NETANAL) TATTLE OPER BUELNA 371412 (140412) okay
 1may91 17:26:10 #17 (BILLING10) TATTLE OPER AGUILARB 371412 (170012) okay
 1may91 17:30:49 #19 (TYEH) TATTLE OPER TYEH 775612 (40012) okay
 1may91 18:49:12 #13 (JMS) TATTLE OPER JMS 775717 okay
 1may91 19:48:08 #7 (ENFE) TATTLE OPER ROSOLEN 10 (0) bad pswd:536706073714
 1may91 19:48:20 #7 (ENFE) TATTLE OPER ROSOLEN 10 okay
 1may91 19:59:22 #13 (PCOPPERFIELD) TATTLE OPER COPPER 775612 (12) okay
 1may91 20:16:34 #17 (ENFE) TATTLE OPER ROSOLEN 10 okay
 1may91 21:05:13 #17 (NSCNET) TATTLE OPER NSCTECH 775612 (12) okay
 1may91 21:53:41 #17 (NETCON) TATTLE OPER JHOSTLER 775612 (40012) okay
 1may91 23:43:44 #19 (PCOPPERFIELD) TATTLE OPER COPPER 775612 (12) okay
 2may91  0:11:28 #21 (SLIEXTC) TATTLE OPER THEO 775617 (0) bad pswd:231603757323
 2may91  0:14:07 #22 (BASESUP) TATTLE OPER SNILLUKA 10 okay
 2may91  0:22:19 #22 (SLIEXTC) TATTLE OPER THEO 775617 (0) bad pswd:231603757323
 2may91  0:50:59 #27 (SLIEXTC) TATTLE OPER THEO 775617 (0) bad pswd:231603757323
 2may91  0:59:47 #13 (SLIEXTC) TATTLE OPER THEO 775617 (0) bad pswd:231603757323
 2may91  1:27:27 #40 (TNSM) TATTLE OPER TNSM 775617 (0) bad pswd:246126334011
 2may91  1:27:38 #40 (TNSM) TATTLE OPER TNSM 775613 (40010) okay
 2may91  1:32:27 #25 (SLIEXTC) TATTLE OPER THEO 775617 (0) bad pswd:231603757323
 2may91  1:35:17 #41 (ISISPCM) TATTLE OPER SLIESA 10 okay
 2may91  1:44:02 #25 (TNSM) TATTLE OPER TNSM 775613 (40010) okay
 2may91  1:44:37 #46 (SLIEXTC) TATTLE OPER THEO 775617 (0) bad pswd:231603757323
 2may91  2:05:07 #27 (SLIEXTC) TATTLE OPER THEO 775617 (0) bad pswd:231603757323
 2may91  2:09:23 #25 (SLIEXTC) TATTLE OPER THEO 775617 (0) bad pswd:231603757323
 2may91  2:34:57 #36 (SLIEXTC) TATTLE OPER THEO 775617 (0) bad pswd:231603757323
 2may91  2:38:11 #25 (TNSM) TATTLE OPER TNSM 775613 (40010) okay
 2may91  2:51:09 #13 (SLIEXTC) TATTLE OPER THEO 775617 (0) bad pswd:231603757323
 2may91  3:09:57 #25 (TNSM) TATTLE OPER TNSM 775613 (40010) okay
 2may91  4:08:26 #19 (NSSC) TATTLE OPER CNORTON 775613 (40010) okay
 2may91  4:57:57 #25 (ARMYNET1) TATTLE OPER DHOLDERNESS 775613 (40010) okay
 2may91  5:08:15 #29 (TNSM) TATTLE OPER TNSM 775613 (40010) okay
 2may91  5:11:05 #33 (TSDCONTROL) TATTLE OPER MCKERNIE 775613 (60010) okay
 2may91  5:16:29 #36 (SLIEXTC) TATTLE OPER THEO 775617 (0) bad pswd:231603757323
 2may91  5:20:42 #41 (ENFE) TATTLE OPER MARTO 10 (0) bad pswd:463072763766
 2may91  5:20:48 #41 (ENFE) TATTLE OPER MARTO 10 okay
 2may91  5:27:35 #45 (INTLSUPT) TATTLE OPER DSTOFKO 775612 (40012) okay
 2may91  5:59:11 #37 (PCM) TATTLE OPER GUILLOU 775617 (0) bad pswd:442634271537
 2may91  6:04:48 #37 (PCM) TATTLE OPER DGAETANI 775617 (0) bad name
 2may91  6:05:26 #37 (PCM) TATTLE OPER DGAETANI 775617 (0) bad name
 2may91  6:05:53 #37 (PCM) TATTLE OPER DGAETANI 775617 (0) bad name
 2may91  6:06:14 #37 (PCM) TATTLE OPER GUILLOU 775617 (0) bad pswd:442634271537
 2may91  6:07:15 #37 (PCM) TATTLE OPER DGAETANI 775617 (0) bad name
 2may91  6:08:26 #41 (PCM) TATTLE OPER DGAETANI 775617 (0) bad name
 2may91  6:10:50 #41 (CNFE) TATTLE OPER HALE 10 okay
 2may91  6:11:15 #42 (INTLSUPT) TATTLE OPER RMCDOUGALL 775612 (40012) okay
 2may91  6:44:24 #21 (NETCON) TATTLE OPER BULLS 775612 (40012) okay
 2may91  6:57:19 #23 (CTS) TATTLE OPER BBENTLER 775611 (40011) okay
 2may91  7:15:52 #26 (USGSCODE) TATTLE OPER DREEDER 775612 (40012) okay
 2may91  7:26:56 #27 (INTLSUPT) TATTLE OPER RMCDOUGALL 775612 (40012) okay
 2may91  7:31:04 #29 (CNFE) TATTLE OPER HALE 10 okay
 2may91  7:34:09 #32 (NETCON) TATTLE OPER THOMAS 775617 (0) bad name
 2may91  7:34:15 #32 (NETCON) TATTLE OPER THOMASD 775612 (44012) okay
 2may91  7:53:52 #23 (INTLSUPT) TATTLE OPER RMCDOUGALL 775612 (40012) okay
 2may91  8:02:24 #17 (ENFE) TATTLE OPER MARSH 10 okay
 2may91  8:17:40 #36 (BRUCES) TATTLE OPER BSS 775612 (40012) okay
 2may91  8:25:40 #29 (OPER) TATTLE OPER DMELLOR 775612 (170212) okay
 2may91  8:42:34 #27 (SLIEXTC) TATTLE OPER THEO 775617 (0) bad pswd:231603757323
 2may91  9:03:35 #40 (WNFE) TATTLE OPER UNGERN 10 okay
 2may91  9:11:10 #17 (NSDADM) TATTLE OPER TURNER 371412 (40012) okay
 2may91  9:27:41 #28 (KPHAM) TATTLE OPER KPHAM 371412 (10) okay
 2may91  9:30:04 #37 (NSSC) TATTLE OPER S/SNIADOWSKI 775613 (40010) okay
 2may91  9:33:25 #41 (TECHSERV) TATTLE OPER DWARNER 775612 (40012) okay
 2may91  9:36:35 #32 (NETCON) TATTLE OPER THOMASD 775612 (44012) okay
 2may91  9:40:10 #40 (XCOMPAT) TATTLE OPER KSTONE 775612 (40012) okay
 2may91  9:49:55 #39 (WARNERD) TATTLE OPER DWARNER 775612 (40012) okay
 2may91  9:51:21 #27 (INTLSUPT) TATTLE OPER RMCDOUGALL 775612 (40012) okay
 2may91  9:52:41 #13 (ENFE) TATTLE OPER MARTO 10 okay
 2may91  9:53:05 #23 (CTS) TATTLE OPER BBENTLER 775611 (40011) okay
 2may91  9:55:58 #41 (INTLSUPT) TATTLE OPER RMCDOUGALL 775612 (40012) okay
 2may91 10:01:16 #27 (INTLSUPT) TATTLE OPER RMCDOUGALL 775612 (40012) okay
 2may91 10:03:59 #41 (TSDCONTROL) TATTLE OPER SAL 775612 (70212) okay
 2may91 10:04:07 #41 (TSDCONTROL) TATTLE OPER SAL 775612 (70212) okay
 2may91 10:36:31 #23 (TYEH) TATTLE OPER TYEH 775612 (40012) okay
 2may91 10:57:57 #13 (ENFE) TATTLE OPER MARTO 10 okay
 2may91 11:19:10 #33 (WARNERD) TATTLE OPER DWARNER 775617 (0) bad pswd:145441423240
 2may91 11:19:16 #33 (WARNERD) TATTLE OPER DWARNER 775612 (40012) okay
 2may91 11:27:06 #23 (NETCON) TATTLE OPER CINDYP 775612 (40012) okay
 2may91 12:47:46 #37 (NSDADM) TATTLE OPER TURNER 371412 (40012) okay
 2may91 12:53:17 #41 (INTLSUPT) TATTLE OPER RMCDOUGALL 775612 (40012) okay
 2may91 12:57:05 #42 (INTLSUPT) TATTLE OPER RMCDOUGALL 775612 (40012) okay
 2may91 12:59:18 #43 (INTLSUPT) TATTLE OPER RMCDOUGALL 775612 (40012) okay
 2may91 13:00:56 #41 (INTLSUPT) TATTLE OPER RMCDOUGALL 775612 (40012) okay
 2may91 13:08:03 #8 (OPER) TATTLE OPER HIGHTOWER 371416 okay
 2may91 13:08:17 #7 (INTLSUPT) TATTLE OPER RMCDOUGALL 775612 (40012) okay
 2may91 13:09:54 #9 (NSDADM) TATTLE OPER TURNER 371416 (0) bad pswd:220552120553
 2may91 13:10:00 #9 (NSDADM) TATTLE OPER TURNER 371412 (40012) okay
 2may91 13:14:11 #13 (WARNERD) TATTLE OPER DWARNER 775612 (40012) okay
 2may91 13:23:08 #11 (DRHODES) TATTLE OPER DRHODES 775612 (40012) okay
 2may91 13:23:45 #14 (WAR) TATTLE OPER WAR 370216 okay
 2may91 13:24:08 #13 (WARNERD) TATTLE OPER DWARNER 775612 (40012) okay
 2may91 13:25:36 #16 (ATHAKUR) TATTLE OPER ATHAKUR 775612 (40012) okay
 2may91 13:30:28 #12 (OPER) TATTLE OPER HIGHTOWER 371416 okay
 2may91 13:31:26 #16 (INTLSUPT) TATTLE OPER DSTOFKO 775612 (40012) okay
 2may91 13:34:10 #9 (NSDADM) TATTLE OPER TURNER 371412 (40012) okay
 2may91 13:43:10 #9 (NSDADM) TATTLE OPER TURNER 371412 (40012) okay
 2may91 13:44:20 #17 (INTLSUPT) TATTLE OPER RMCDOUGALL 775612 (40012) okay
 2may91 13:45:29 #7 (WNFE) TATTLE OPER MALMBERG 371412 (40010) okay
 2may91 13:54:57 #14 (TSDCONTROL) TATTLE OPER SAL 775612 (70212) okay
 2may91 13:58:00 #19 (OPER) TATTLE OPER HIGHTOWER 371616 okay
 2may91 14:07:23 #9 (NSDADM) TATTLE OPER TURNER 371416 (0) bad pswd:520666432011
 2may91 14:07:30 #9 (NSDADM) TATTLE OPER TURNER 371412 (40012) okay
 2may91 14:19:54 #7 (BBENNECOFF) TATTLE OPER BBENNECOFF 775612 (40012) okay
 2may91 14:21:12 #9 (TECHSERV) TATTLE OPER JLUCAS 775612 (40012) okay
 2may91 14:36:44 #13 (DOUGE) TATTLE OPER ELLENBERG 775612 (40012) okay
 2may91 14:44:13 #14 (NSDADM) TATTLE OPER TURNER 371412 (40012) okay
 2may91 15:09:45 #16 (TECHSERV) TATTLE OPER CLEN 775612 (40012) okay
 2may91 15:16:59 #10 (NSDADM) TATTLE OPER TURNER 371412 (40012) okay
 2may91 15:22:17 #14 (TSDCONTROL) TATTLE OPER MCKERNIE 775613 (60010) okay
 2may91 15:28:53 #10 (BASELINE) TATTLE OPER TURNER 371412 (40012) okay
 2may91 15:29:24 #10 (BETATEST) TATTLE OPER TURNER 371412 (40012) okay
 2may91 15:30:02 #10 (SOURCE) TATTLE OPER TURNER 371412 (40012) okay
 2may91 15:36:01 #17 (OPER) TATTLE OPER DKEITH 371412 (170012) okay
 2may91 15:53:45 #14 (NETCON) TATTLE OPER JHOSTLER 775612 (40012) okay
 2may91 15:59:56 #10 (WNFE) TATTLE OPER MMILLER 775617 (0) bad pswd:775030354552
 2may91 16:34:32 #7 (RVIVIER) TATTLE OPER RLV 10 okay
 2may91 16:43:16 #7 (RVIVIER) TATTLE OPER RLV 100010 okay
 2may91 17:46:20 #10 (BILLING10) TATTLE OPER AGUILARB 371412 (170012) okay
 2may91 18:07:45 #10 (NETANAL) TATTLE OPER BUELNA 371412 (140412) okay
 2may91 18:25:54 #13 (NETANAL) TATTLE OPER BUELNA 371412 (140412) okay
 2may91 18:59:39 #16 (ENFE) TATTLE OPER WHITFIELDJ 10 okay
    p*;Wz