
: 
: 
: 
: 
REPLACING FILE (BILLING10:26)RTYACT.CTL

COPY STARTING

(BILLING10:38)RTYACT.CTL COPIED TO (BILLING10:26)RTYACT.CTL

227520 (52399) CHARS. TRANSMITTED

: 
REPLACING FILE (BILLING10:33)RTYACT.CTL

COPY STARTING

(BILLING10:38)RTYACT.CTL COPIED TO (BILLING10:33)RTYACT.CTL

227520 (52399) CHARS. TRANSMITTED

: 
REPLACING FILE (BILLING10:34)RTYACT.CTL

COPY STARTING

(BILLING10:38)RTYACT.CTL COPIED TO (BILLING10:34)RTYACT.CTL

227520 (52399) CHARS. TRANSMITTED

: 
"COPY TO" AND "COPY FROM" SYSTEM MUST NOT BE THE SAME.

: 