-R BATCH

PERIPHERAL PROCESSING REQUEST 

: RUN

FOR LINE PRINTER LISTINGS, PLEASE RUN SPOOL.
DO YOU WISH TO CONTINUE? Y

COMPUTER NUMBER   F38
DATE AND TIME     23-AUG-85  09:45

INHOUSE (Y OR N): Y

PROJECT CODE      INTERNAL EXTRACT
AREA/PHONE/EXT.   6333
REQUESTED BY      MIS/EDP


DESCRIPTION OF WORK


USING (FTSYS)MAGCON PLEASE STORE THE FOLLOWING FILES TO TAPE AS FOLLOWS...

(CAISX)INTDET.103
(CAISX)INTDET.106

(CAISIX)INTDET.203
(CAISIX)INTDET.206

(CAIS)INTDET.303
(CAIS)INTDET.306

(CAISX)INTROY.103
(CAISX)INTROY.106

(CAISIX)INTROY.203
(CAISIX)INTROY.206

(CAIS)INTROY.303
(CAIS)INTROY.306






PLEASE STORE THE FILES ONLY ONCE AND IN ORDER LISTED.

TAPE INFO
==================
9 TRK 6250 BPI
LRECL = 94
BLOCK = 10
EBCDIC
NO LABEL
==================

UPON COMPLETION PLEASE LABEL THE TAPE AS FOLLOWS....

===================
TYMSHARE INTERNAL EXTRACT
FILES
----------

INTDET.103
INTDET.106

INTDET.203
INTDET.206

INTDET.303
INTDET.306

INTROY.103
INTROY.106

INTROY.203
INTROY.206

INTROY.303
INTROY.306




----------
DATE RANGE 08/01/85 THRU 08/06/85
====================

THANK-YOU EDP


DELIVERY INSTRUCTIONS


DELIVER THE TAPE TO MCDONNEL-DOUGLAS AUTOMATION CO. 325 J.S. MCDONNEL BLVD.
HAZELWOOD, MO 63042 ATTN: BOB TUCKER BLDG 064-4 WEST, DEPT. L087. VIA
FEDERAL EXPRESS... CHARGE FEDERAL EXPRESS TO ST. LOUIS CHARGE NUMBER
2355766....THANKS-EDP
SEND MAIL TO USER: FRANK F38 WHEN DONE.
****************************


REQUEST ACKNOWLEDGED   PPR #38416

THANK YOU,     **TYMSHARE, INC.**

EXIT

-
-SEND FRANK
TYPE LETTER:
; PCOM v1.52 command processed: 018PCO.LOG = INTEXT.REQ
; Options: DETACH  LOG NOAPPEND SUPERSEDE TIME:60 TRULIMIT:0 
; Job status: completed.
; Output recorded in file 018PCO.LOG.

mail waiting
-LOGOUT
7.66 tru
terminal time: 0:00:18
