-R BATCH

PERIPHERAL PROCESSING REQUEST 

: RUN

FOR LINE PRINTER LISTINGS, PLEASE RUN SPOOL.
DO YOU WISH TO CONTINUE? Y

COMPUTER NUMBER   F38
DATE AND TIME     05-SEP-85  11:19

INHOUSE (Y OR N): Y

PROJECT CODE      INTERNAL EXTRACT
AREA/PHONE/EXT.   6333
REQUESTED BY      MIS/EDP


DESCRIPTION OF WORK


USING (FTSYS)MAGCON PLEASE STORE THE FOLLOWING FILES TO TAPE AS FOLLOWS...

(CAISX)INTDET.115
(CAISX)INTDET.118

(CAISIX)INTDET.215
(CAISIX)INTDET.218

(CAIS)INTDET.315
(CAIS)INTDET.318

(CAISX)INTROY.115
(CAISX)INTROY.118

(CAISIX)INTROY.215
(CAISIX)INTROY.218

(CAIS)INTROY.315
(CAIS)INTROY.318






PLEASE STORE THE FILES ONLY ONCE AND IN ORDER LISTED.

TAPE INFO
==================
9 TRK 6250 BPI
LRECL = 94
BLOCK = 10
EBCDIC
NO LABEL
==================

UPON COMPLETION PLEASE LABEL THE TAPE AS FOLLOWS....

===================
TYMSHARE INTERNAL EXTRACT
FILES
----------

INTDET.115
INTDET.118

INTDET.215
INTDET.218

INTDET.315
INTDET.318

INTROY.115
INTROY.118

INTROY.215
INTROY.218

INTROY.315
INTROY.318




----------
DATE RANGE 08/13/85 THRU 08/18/85
====================

THANK-YOU EDP


DELIVERY INSTRUCTIONS


DELIVER THE TAPE TO MCDONNEL-DOUGLAS AUTOMATION CO. 325 J.S. MCDONNEL BLVD.
HAZELWOOD, MO 63042 ATTN: BOB TUCKER BLDG 064-4 WEST, DEPT. L087. VIA
FEDERAL EXPRESS... CHARGE FEDERAL EXPRESS TO ST. LOUIS CHARGE NUMBER
2355766....THANKS-EDP
SEND MAIL TO USER: FRANK F38 WHEN DONE.
****************************


REQUEST ACKNOWLEDGED   PPR #38603

THANK YOU,     **TYMSHARE, INC.**

EXIT

-
-SEND FRANK
TYPE LETTER:
; PCOM v1.52 command processed: 041PCO.LOG = INTEXT.REQ
; Options: DETACH  LOG NOAPPEND SUPERSEDE TIME:60 TRULIMIT:0 
; Job status: completed.
; Output recorded in file 041PCO.LOG.

mail waiting
-LOGOUT
7.46 tru
terminal time: 0:03:01
