
4-FEB-1992	10:14

TOTAL PAGES 2448517  FILES 53360

  INHOUSE	QUOTA		  OVER		OUTHOUSE

2229108   44461                          219409   8899

 46 1037538 1100 1100000 NETSTAT          50 111240 4181 141000 NETDB
 54 172740 1114 200000 PGRADE             68  40071  412 1000000 ACCG1
 59 117953  113 200000 BURNS1             79  23376  529  25000 ANALYSIS
 62  66683   64 200000 TELCOBILL          85  12726   51  35000 TELCODBS
 65  57788  138 120000 CRABBS             88   6387 1017  20000 WESTBILL
 67  48817  100  50000 FERRISK            89   3380  260  10000 TSNNET
 69  40665 1014 100000 SYS                91   3094  515   4000 LASALES
 70  39971   33 100000 CTSFORD            92   3066   18   5000 NEWPRT
 72  39881  726  50000 SYSDAT             93   2516   95   2500#DBENGA 16
 74  34826 1152 250000 BILLING10          94   2351  184   2400 PCM
 75  33478 1019  50000 TECHREF            95   2079  471   2500 NCSALES
 77  31990  811  35000 MSNTRACK           96   1236  150   5000 MSL
 78  29888  146  30000 EASTLINE           96   1142   80  10000 BOFADMIN
 79  27568   99  30000 TOPS               97   1128  167   1250 NEATECH
 80  20381  129 120000 NEEDLEDATA         97   1061  162   1250 NYDISTRICT
 81  19946 4834 250000 PAYROLTYM          98    971  167   1250 EODA
 82  18498  534  20000 PERSTATS           98    919   34   1000 HQTECH.TIP
 83  17604   13  50000 LCETERA            99    664  123   1250 MSREPORT
 83  14784   71  25000 WRS                99    363   73    500 RFISHER
 84  13526 4056  15000 DBSCHED            99    327   15   1250 SCSALES
 85  13433  504  15000 TYMDATA            99    244   72    500 BSTALING
 85  12893 3267  25000 PROGBK             99    228   22    500 DOYLEM
 86  12684  181  20000 NETDATA            99    208   26   2500 BWELSH
 86  12022  253  15000 DBTARIFF           99    155    4    500 MABBAS
 87   9805  746  15000 NTS                99     83    2   7000 DECNET
 87   9803  123  10000 AUTODIST           99     76    2      5#BWAY 71
 88   8892 1019 500000 SBILL1             99     76   23    500 KCLAIBORNE
 88   8348  130  25000 NTRACKDATA         99     75   12    100 JMAGNAN
 88   7759  900  25000 UPL                99     37    3   1000 DTROL
 89   7140 2154 100000 CNFE               99     33    1     50 DBMAN
 89   7025  583  10000 MKTGINFO           99     32   12    100 INFORMATION
 89   6716  552  10000 ENSS               99     25    2  25000 PRODNET
 90   6658  401  25000 NETENG             99     14    3     50 EDIMKTG
 90   6521   34  10000 JWAGNER            99     14    5   1250 MSINFORM
 90   5971    1  50000 TAPELIB            99      2    1      5 DBPORTS
 90   5832  293 300000 ISIS2              99      2    1      1#DBNSSC 1
 91   5237   92   6500 DNDSPEC            99      2    1      5 FTHANE
 91   5180   53   7500 TARFDMS            99      2    1     50 DBTAR
 91   5103   19  10000 DBAMIKE            99      2    1   1250 MHOYLES
 91   4895  168   5000 WATECH            100      2    1      1#DBCNFE 1
 92   4730  132   7500 QASYS             100      0    0    500 ISISPCM
 92   4690  868   5000 MSEDSEL           100      0    0      5 HMORGAN
 92   4505   29   7500 FTMAGNUM          100      0    0    500 DIALTECH
 92   4409   28   5000 XMAGNUM           100      0    0      1 JSORCI
 92   4402  469   5000 CTS               100      0    0      5 DBWCNI
 93   4382   61  12500 UIS               100      0    0 125000 SPOOLING
 93   4032  249 125000 INTLTECH          100      0    0      1 MISMON
 93   3832  302   9999 LINK10            100      0    0   2500 CHSIAO
 93   3818   30  12500 MAGNUM            100      0    0      5 BYUEN
 93   3757  618   5000 ENFE              100      0    0      1 RAMCON
 93   3663  237   5000 TKOCHMANN
 94   3474  846  25000 UFD
 94   3312  144  50000 MISTAPE
 94   3236   12   5000 BUSPLAN
 94   3144  142  35000 ENGNTRACK
 94   3013  123 250000 TYMNET
 94   2933  117 200000 CARL
 94   2838  457  25000 ACTRTY
 94   2792   57 1000000 FRANK
 95   2716  259   5000 NETCON
 95   2706  109   5000 MSS
 95   2679  493  10000 SUBMIT
 95   2677  586   5000 RCHUN
 95   2660  166  20000 ISIS
 95   2645   46 250000 EDPROD
 95   2611    9  20000 PORTSDLY
 95   2610  123  50000 FTSYS
 96   2512  221  25000 UTIL
 96   2373   95   5000 MNICHOLS
 96   2370  234   2500 TECHTIPS
 96   2274  321  25000 DANIELSR
 96   2251  201   2500 TECHSERV
 96   2105   79   2500 BTHOMSON
 96   2002  175  50000 ATTEND.DEV
 96   1994  434 250000 DMOULTON
 96   1960  300   2000 SDSPROGS
 96   1952  105   2500 *6NEWS
 97   1917  122   2000 NETENTRY
 97   1832  258   2000 JJOELS
 97   1814    1   5000 HOLD
 97   1790  265 250000 UAS
 97   1783  125   5000 MKHELLAF
 97   1644   76   5000 INTLACCTG
 97   1636   71  25000 *1BATCH
 97   1578  144  20000 NTRACKPROGS
 97   1566  261   2000 CAROTHERS
 97   1493  213   2500 SULLIVAN
 97   1467   72  25000 M33
 97   1443  111   7000 JMS
 97   1398  130  10000 MPL
 97   1313   94 500000 CORPAYROLL
 97   1297  134   5000 SPL
 98   1295  108   5000 INTLINFO
 98   1289  311 250000 MISDOC
 98   1251   39   2000 NETDVDOC
 98   1183  198  15000 PLUE
 98   1153  166   1250 MSANAL
 98   1047  142   5000 ACTGTYMX
 98   1026   12  10000 NISCNET
 98   1024   71   1250 NSSC
 98    988  150  25000 BURRIESCIN
 98    976   80   1000 TDFTECH
 98    968   43   1250 MOORING
 98    870   42  75000 SPOOL
 98    854   36   6250 ISISDOC
 98    820   95  15000 SRA
 98    802   35  25000 MAIL
 98    793   64  10000 GL.DATA
 98    768   35   1250 TBATLIB
 98    736   55 250000 BUELNAJ
 98    695   87   2500 PNETS
 98    689   83 1000000 SSEREP
 98    668    3   1250 PERPOPER
 98    593   95   1250 SAILIB
 98    579   72 500000 BOBH
 98    576   78   5000 XEXEC
 98    566   99   4000 DNDUTIL
 99    522   23    500#MJACOBS   22
 99    521   14    500#SOFTDOC   21
 99    504   15  25000 SRAVAL
 99    501   36   1250 MLEE
 99    500   49   2500 SYSNEWS
 99    498   21    500 TECHTRAIN
 99    485   87   1250 ANNARBOR
 99    471    5    500 BWORKMAN
 99    459   38    500 SFALKOWS
 99    458   40   2500 RVIVIER
 99    416   64  10000 SRATECH
 99    413   44  25000 OSMAN
 99    399   27   1250 FTTBA
 99    394    7  25000 GMASTERS
 99    392  115    500 JOLEARY
 99    384   21    500 DAUERBACH
 99    368   69   1250 DESIMONEJ
 99    367  106  25000 SSPAMSYM
 99    362   22   2500 SILVAM
 99    356   14    500 CSS800
 99    353    2  25000 UN1
 99    347    7  34464 YEUX
 99    346   11    500 TGOMEZ
 99    336    7    500 SIRTITAS
 99    331   89    500 USCSALES
 99    318    8   1250 GBARLOW
 99    317   63 500000 RJK
 99    313   23   1250 PEAK
 99    293   59 100000 ROY
 99    291   21  50000 CUD10
 99    289   18    500 DRHODES
 99    275   30   1250 SKIM
 99    273   23    500 DREEDER
 99    268   44   2500 RNIELSEN
 99    263   31    625 SSVALSUP
 99    259   14    500 FNOYER
 99    258    9 250000 DDDS
 99    253    8  25000 SSBACKUP
 99    249   22   1250 OSU
 99    245   25   1250 SPPOPER
 99    236   48 NO DUL ENTRY FOR [21476,500467]
 99    230   38  12500 SSINSTALL
 99    220   68  25000 PJ
 99    209   10  10000 SALTYRON
 99    208   13  25000 INFO
 99    203    4  20000 OSP
 99    202   43   5000 WNFE
 99    194   21   1250 NETALERT
 99    190    9   5000 JMILLER
 99    180    6  10000 RKLUTE
 99    177   11   2500 JONAS
 99    176   24 100000 SPPARCH
 99    173   19    500 NSCNET
 99    169   19    500 TNSM
 99    158   34   5000 SPOOLRM
 99    157   18    500 NETSTAT2
 99    155   70   1000 SSETO
 99    150   12    200 SCHOU
 99    149    3    100#SWNET     49
 99    147   22 250000 FCANNING
 99    145    6    500 PACTECH
 99    137   45    500 DDREW
 99    132   27   1250 ERICV
 99    130   46    500 CYOUNGER
 99    129    3      5#ACHASE    124
 99    122    9    500 X.PC
 99    122   18    100#FLDTRN    22
 99    113    2 250000 AR.DEV
 99    107   11   7500 SRAUTIL
 99    104   18    250 MNEWTON
 99    104   14   1250 WAR
 99    102    7  10000 NETQC
 99    102    6   1250 LDAVENPORT
 99     99   28    500 SETECH
 99     95   17 250000 ACTGTYMA
 99     91   11    500 JAMMERMANN
 99     91    9    500 EMDADI
 99     81   17    500 CKOCIOLEK
 99     79    6  10000 VALIDATE
 99     78   18   1250 RODRIGUEZL
 99     77   20   1300 WRFS
 99     76    7   5000 TYMRES
 99     71    2    500 AMARYLND
 99     68   16    500 MRINDGE
 99     63    7   1250 PALS
 99     63    7    500 HMNGAN
 99     62    5   5000 PAYROLL
 99     61   12   1250 SRAMOV
 99     59    6   1000 MTHURBER
 99     58    7   1250 SSUTIL
 99     56    8    100 WTHORPE
 99     53    4    100 DAULTON
 99     49    1      5#PSEAH     44
 99     49   11   1250 LYNASK
 99     44   22    500 ARICHARDSON
 99     41   17   1250 OCSALES
 99     33    3     50 KDULABHAN
 99     32    3     50 DGAUVIN
 99     31    2     50 BESTARKS
 99     29    1      5#ALUU      24
 99     29    2    500 MDISES
 99     29    1     50 LNGUYEN
 99     27    2      5#SMURPHY   22
 99     27   13    500 TDUSER
 99     27    8   5000 TERRYB
 99     27    3     50 MREEVES
 99     24    1     50 DYOUNG
 99     23    1      5#BDOWLEY   18
 99     22    1      5#SORRELL   17
 99     18    3      5#ETSVA     13
 99     16    8    500 JCLMIN
 99     16    5   1250 NET21010
 99     14    4   1250 NET34420
 99     14    4   1250 NET21080
 99     14    4   1250 NET34410
 99     14    4   1250 NET41030
 99     14    4   1250 NET34400
 99     14    4   1250 NET41020
 99     14    4   1250 NET21060
 99     14    4   1250 NET34310
 99     14    4   1250 NET34450
 99     14    4   1250 NET21040
 99     14    4   1250 NET34440
 99     14    4   1250 NET34220
 99     14    4   1250 NET21030
 99     14    4   1250 NET34430
 99     14    4   1250 NET34210
 99     14    4   1250 NET21090
 99     12    6     10#NETSNY    2
 99     12    6  25000 SSPAMBIN
 99     11    1      5#LWOLF     6
 99     10    3      5#DYIP      5
 99      9    3      5#HEMECKER  4
 99      9    4    500 HAMIK
 99      9    2      5#SSUM      4
 99      8    2    500 RASMUSSE
 99      8    2      5#WSCHNEIDER 3
 99      8    3   2500 BILLF
 99      8    2   1200 NSMITH
 99      7    3  25000 INTACT
 99      7    3    100 EIANIERI
 99      6    1      5#EMORI     1
 99      6    3      5#HDAVIS    1
 99      5    1      5 DBTMP
 99      4    2   5000 TYM51020
 99      4    2    312 NET21110
 99      4    2   1250 TYM23110
 99      4    2    312 NET40950
 99      4    2   1250 TYM22110
 99      4    2   1250 TYM26030
 99      4    2    312 TYM50270
 99      4    2    312 NET34250
 99      4    2   1250 TYM51060
 99      4    2    312 TYM50260
 99      4    2    312 TYM50140
 99      4    2   1250 TYM51050
 99      4    2    312 TYM50240
 99      4    2    312 TYM50040
 99      4    2    312 NET41040
 99      4    2    312 NET34490
 99      4    2    312 TYM50230
 99      4    2    312 NET40960
 99      4    2   1250 TYM50090
 99      4    2    312 TYM50220
 99      4    2      5 GNSSPT
 99      4    2    312 NET41000
 99      4    2   1250 TYM51000
 99      4    2    312 TYM20120
 99      3    2      5 ASIU
 99      3    2  20000 OPER
 99      2    1   5000 TYM41340
 99      2    1   5000 NET34520
 99      2    1   5000 TYM50350
 99      2    1   5000 NET52080
 99      2    1      1#DBNTS     1
 99      2    1   5000 TYM40350
 99      2    1   5000 TYM50310
 99      2    1   5000 NET34040
 99      2    1   5000 TYM40410
 99      2    1   5000 PSD57301
 99      2    1   1250 PSD37400
 99      2    1   5000 NET21570
 99      2    1   5000 NET34500
 99      2    1   5000 NET34030
 99      2    1   5000 TYM40390
 99      2    1   5000 NET21200
 99      2    1   5000 NET34510
 99      2    1   5000 NET34010
 99      2    1   5000 TYM40190
 99      2    1   5000 NET21550
 99      2    1   5000 TYM40360
 99      2    1   5000 NET21140
 99      2    1      5 PSD29500
 99      2    1   5000 TYM50340
 99      2    1   5000 TYM40430
 99      2    1      5 DBTLC
 99      2    1   5000 NET21170
 99      2    1   5000 NET21540
 99      2    1   5000 TYM40340
 99      2    1   1250 PSD47200
 99      2    1   5000 NET21150
 99      2    1      5 DBITS
 99      2    1   5000 NET34350
 99      2    1   5000 NET21160
 99      2    1      5 BTIPROF
 99      2    1      1#DBCSERV   1
 99      2    1   5000 NET34230
 99      2    1   1250 NET34460
 99      2    1   5000 NET41060
 99      2    1   5000 NET34390
 99      2    1   5000 NET34370
 99      2    1      5 MLABINE
 99      2    1      5 SLEUNG
 99      2    1      5 FEDERAL
 99      2    1   5000 PSD27351
 99      2    1   5000 NET34330
 99      2    1   5000 NET21120
 99      2    1   1250 NET34480
 99      2    1   5000 NET21180
 99      2    1   5000 NET21290
 99      2    1    500 GBOUZERDAN
 99      2    1   5000 NET34200
 99      2    1   5000 TYM50300
 99      2    1   5000 NET41050
 99      2    1   5000 NET40970
 99      1    1  25000 CRASH
 99      1    1      5 ETAM
100      1    1      5 JLAW
100      0    0      5 MSOTELCO
100      0    0   5000 TYM40910
100      0    0   5000 TYM35990
100      0    0   5000 TYM21840
100      0    0   5000 TYM35710
100      0    0   5000 TYM35810
100      0    0   5000 TYM35510
100      0    0      1 JCARMICHAEL
100      0    0   5000 TYM34950
100      0    0   5000 TYMX2060
100      0    0      1 NET1STAGE
100      0    0   5000 TYM50290
100      0    0   5000 TYM34240
100      0    0   5000 HIGASHI
100      0    0   5000 CWINTER
100      0    0      1 MARNETT
100      0    0   5000 TYM42750
100      0    0   5000 TYM42610
100      0    0   5000 TYM42520
100      0    0   5000 TYM42350
100      0    0   5000 TYM34020
100      0    0   5000 TYM36200
100      0    0   5000 TYM41200
100      0    0   5000 NET34160
100      0    0   5000 NET21190
100      0    0   5000 TYM41330
100      0    0   5000 TYM25060
100      0    0      5 PCOURSEY
100      0    0   5000 TYM50150
100      0    0   5000 TYM21820
100      0    0   5000 TYM49500
100      0    0    100 CFLETCHER
100      0    0      5 GSTEWARD
100      0    0   5000 TYM20220
100      0    0   5000 TYM20050
100      0    0   5000 TYM35820
100      0    0   5000 TYM34110
100      0    0   5000 TYM35550
100      0    0   4000 NSSU
100      0    0   5000 TYM34140
100      0    0   5000 TYM34070
100      0    0   5000 MARCOMM
100      0    0   5000 TYM42650
100      0    0   5000 TYM42570
100      0    0   5000 TYM42470
100      0    0   5000 TYM35200
100      0    0   5000 TYM21730
100      0    0   5000 NET34560
100      0    0   5000 TYM50420
100      0    0   5000 TYM41280
100      0    0   5000 TYM41170
100      0    0   5000 TYM41240
100      0    0   5000 TYM34170
100      0    0      1 ATKATSHJ
100      0    0      1 SPOPPE
100      0    0      1 ISISFILES
100      0    0   5000 TYM42560
100      0    0   5000 TYM42460
100      0    0   5000 NET41180
100      0    0   5000 NET45000
100      0    0   5000 TYM41270
100      0    0   5000 NET34590
100      0    0   5000 NET21070
100      0    0   5000 NET34580
100      0    0  10000 GAMES
100      0    0   5000 TYM56320
100      0    0   5000 TYM34160
100      0    0   5000 TYM27210
100      0    0   5000 TYM41130
100      0    0      1 DBENG
100      0    0   5000 TYM28210
100      0    0   5000 TYM42370
100      0    0   5000 TYM40900
100      0    0   5000 TYM50280
100      0    0   5000 TYM21530
100      0    0      1 NGREGORY
100      0    0   5000 TYM42550
100      0    0   5000 TYM42420
100      0    0   5000 TYM40400
100      0    0   5000 TYM41220
100      0    0   5000 TYM20100
100      0    0   5000 TYM41320
100      0    0   5000 TYM41260
100      0    0   5000 NET41360
100      0    0   5000 TYM40450
100      0    0   5000 TYM50370
100      0    0   5000 TYM40440
100      0    0   5000 TYM41150
100      0    0   5000 NET45030
100      0    0   5000 TYM23150
100      0    0   5000 NET34570
100      0    0   5000 TYM23130
100      0    0   5000 TYM64000
100      0    0   5000 TYM54520
100      0    0      1 DHUME
100      0    0 NO DUL ENTRY FOR [47256,555520]
100      0    0   5000 TYM34490
100      0    0   5000 TYM54900
100      0    0      5 BTIGNEO
100      0    0   5000 TYM21000
100      0    0   5000 TYM35590
100      0    0   5000 NET33600
100      0    0      5 TPENNIMAN
100      0    0   5000 TYM57140
100      0    0   5000 TYM35520
100      0    0   5000 ACTGTYM
100      0    0   5000 TYM34960
100      0    0   5000 TYMX2000
100      0    0   2500 TYMRES5
100      0    0   5000 TYM41360
100      0    0      1 DB214
100      0    0   5000 TYM45030
100      0    0   5000 TYM42620
100      0    0   5000 TYM42530
100      0    0   5000 TYM42410
100      0    0   5000 TYM34100
100      0    0   5000 TYM21710
100      0    0   5000 TYM41210
100      0    0   5000 TYM41250
100      0    0   5000 NET34170
100      0    0   5000 TYM23140
100      0    0      5 JBARGANIER
100      0    0   5000 TYM47250
100      0    0      1 BMCCULLOUGH
100      0    0   5000 TYM40930
100      0    0   5000 TYM21580
100      0    0   5000 TYMX2120
100      0    0      1 TRANSW
100      0    0      1 DB212
100      0    0      1 DBIBS
100      0    0   5000 TYM42510
100      0    0   5000 TYM42300
100      0    0   5000 TYM41300
100      0    0   5000 TYM41190
100      0    0   5000 NET34640
100      0    0   5000 NET34060
100      0    0   5000 TYM50380
100      0    0   5000 TYM35250
100      0    0   5000 LFULLER
100      0    0   5000 TYM38200
100      0    0   5000 TYM40480
100      0    0     50 SWARTZM
100      0    0   5000 TYM42660
100      0    0   5000 TYM42580
100      0    0   5000 TYM42480
100      0    0   5000 TYM35300
100      0    0   5000 TYM21130
100      0    0   5000 TYM41180
100      0    0   5000 TYM41290
100      0    0   5000 NET34610
100      0    0   5000 NET34050
100      0    0   5000 TYM40320
100      0    0   5000 NET21220
100      0   5000 TYM23120
100      0    0   5000 TYM35450
100      0    0   5000 TYM46230
100      0    0      5 SWASHAK
100      0    0   5000 TYM26940
100      0    0      5 HORTONJ
100      0    0      5 JBLOOM
100      0    0   5000 TYM50320
100      0    0    500 SMATTHEWS
100      0    0   5000 TYM50600
100      0    0   5000 TYM50200
100      0    0      5 IRIDOUT
100      0    0   5000 TYM46220
100      0    0   5000 TYM56150
100      0    0   5000 TYM36830
100      0    0   5000 TYM26910
100      0    0   5000 TYM40620
100      0    0   5000 TYM55220
100      0    0   5000 TYM35060
100      0    0   5000 TYM20250
100      0    0   5000 TYM20090
100      0    0   5000 NET33610
100      0    0   5000 NET50320
100      0    0   5000 TYM33550
100      0    0   5000 TYM33750
100      0    0   5000 TYM33720
100      0    0   5000 NET46300
100      0    0   1250 TYM24000
100      0    0   5000 TYM35540
100      0    0  15000 TYM35700
100      0    0    500 TYM22120
100      0    0   5000 TYM21520
100      0    0   5000 TYM50450
100      0    0     50 ALPS
100      0    0   5000 TYM34540
100      0    0   5000 TYM41010
100      0    0   5000 TYM34130
100      0    0      1 DCHANG
100      0    0      1 OHSALES
100      0    0    500 GWASOWSKI
100      0    0   5000 TYM54190
100      0    0   5000 TYM50250
100      0    0   5000 TYM35100
100      0    0   5000 TYM21720
100      0    0   5000 TYM50390
100      0    0   5000 TYM41230
100      0    0   1250 TYM26630
100      0    0   5000 TYM34990
100      0    0      5 RSETZER
100      0    0      5 GHUDSON
100      0    0   5000 TYM42590
100      0    0   5000 TYM52050
100      0    0   5000 TYM50410
100      0    0   5000 TYM21880
100      0    0   5000 TYM21850
100      0    0   5000 TYM46200
100      0    0   5000 TYM46240
100      0    0   5000 TYM35040
100      0    0   5000 TYM36920
100      0    0   5000 TYM36820
100      0    0   5000 TYM26900
100      0    0   5000 TYM54500
100      0    0      5 DBARBER
100      0    0   5000 TYM54530
100      0    0   5000 TYM21830
100      0    0   5000 TYM33930
100      0    0   5000 TYM33920
100      0    0   5000 TYM35640
100      0    0   5000 NET26870
100      0    0   5000 NET46340
100      0    0   5000 NET50360
100      0    0   5000 NET26810
100      0    0   1250 TYML7510
100      0    0   5000 TYM35020
100      0    0   5000 TYM35580
100      0    0   5000 TYM35530
100      0    0      5 TROZOLIS
100      0    0   5000 TYM35740
100      0    0   5000 TYM35720
100      0    0   5000 TYM34530
100      0    0   5000 TYM21700
100      0    0   5000 TYM34470
100      0    0   5000 TYM42450
100      0    0      5 JLMORARD
100      0    0   5000 TYM34150
100      0    0 100000 SBCONVERT
100      0    0   5000 TYM50470
100      0    0  12500 BUDGET
100      0    0      5 JKIBELE
100      0    0      5 MSNEDDON
100      0    0     50 LHERTLER
100      0    0   1250 SYN71120
100      0    0   5000 TYM35750
100      0    0      5 CORCORAN
100      0    0   5000 TYM56420
100      0    0      5 SCHOUDHRY
100      0    0   5000 TYM33570
100      0    0      5 LPARCHMENT
100      0    0   5000 TYM56380
100      0    0   5000 TYM50190
100      0    0      5 DKINGLND
100      0    0   5000 TYM21910
100      0    0   5000 TYM26620
100      0    0   5000 TYM35030
100      0    0   5000 TYM36910
100      0    0   5000 TYM36810
100      0    0   5000 TYM36720
100      0    0   5000 TYM26790
100      0    0   5000 TYM36840
100      0    0      5 DBTNSC
100      0    0   5000 TYM50360
100      0    0   5000 TYM34480
100      0    0   5000 TYM34300
100      0    0   5000 TYM35490
100      0    0   5000 TYM33910
100      0    0   5000 NET26850
100      0    0   5000 NET26830
100      0    0   5000 NET35950
100      0    0   5000 TYM33710
100      0    0   5000 NET46320
100      0    0   5000 TYM50330
100      0    0   5000 TYML9840
100      0    0   5000 TYM35730
100      0    0   5000 TYM34600
100      0    0   1250 NET34320
100      0    0   5000 TYM34120
100      0    0   5000 TYM42430
100      0    0   5000 TYM21590
100      0    0   5000 TYM40890
100      0    0      1 RAMMISON
100      0    0   5000 TYM26010
100      0    0   5000 NET34630
100      0    0   5000 NET21580
100      0    0      5 KPATEL
100      0    0   5000 TYM56410
100      0    0   5000 TYM50460
100      0    0   5000 TYM56390
100      0    0      5 ATHOMAS
100      0    0   5000 TYM27100
100      0    0   5000 TYM50610
100      0    0      5 STEINISM
100      0    0   5000 TYM26200
100      0    0   5000 TYM34060
100      0    0   5000 TYM34050
100      0    0   5000 TYM40460
100      0    0      5 BTCANADA
100      0    0   5000 TYM26600
100      0    0   5000 TYM21870
100      0    0   5000 TYM34010
100      0    0   5000 TYM26610
100      0    0   5000 TYM34560
100      0    0   5000 TYM36710
100      0    0   5000 TYM26590
100      0    0   5000 TYM41040
100      0    0   5000 TYM54820
100      0    0   5000 TYM50160
100      0    0   5000 TYM33950
100      0    0   5000 TYM33810
100      0    0   5000 NET26820
100      0    0   5000 NET35930
100      0    0   5000 TYM33740
100      0    0   5000 TYM33700
100      0    0   5000 NET46310
100      0    0   5000 NET26800
100      0    0   1250 TYML9800
100      0    0   5000 TYM42840
100      0    0   5000 TYML4520
100      0    0   5000 TYM34900
100      0    0   5000 TYM41160
100      0    0   5000 TYM40310
100      0    0   5000 PSD28020
100      0    0   5000 TYM40920
100      0    0    500 TMACCARONE
100      0    0      1 RAMMON
100      0    0   5000 NET34080
100      0    0   5000 NET45040
100      0    0   5000 TYM40380
100      0    0   5000 TYM23050
100      0    0   5000 TYM22130
100      0    0      5 LANGJ
100      0    0   5000 TYM35310
100      0    0    500 CALDERON
100      0    0   5000 TYM21510
100      0    0   5000 TYM56400
100      0    0      5 TSAMPSON
100      0    0   5000 TYM40630
100      0    0   5000 TYM36040
100      0    0   5000 TYM21890
100      0    0   5000 TYM54540
100      0    0   5000 TYM56330
100      0    0   5000 TYM56310
100      0    0   5000 TYM56220
100      0    0   5000 TYM36900
100      0    0   5000 TYM36800
100      0    0   5000 TYM36700
100      0    0   5000 TYM33980
100      0    0   5000 TYM54510
100      0    0   5000 TYM21810
100      0    0      5 JKAY
100      0    0   5000 TYM33800
100      0    0   5000 TYM42890
100      0    0   5000 NET35960
100      0    0   5000 TYM33770
100      0    0   5000 NET35920
100      0    0   1250 TYM37510
100      0    0      5 ALAVELLE
100      0    0   5000 TYM34190
100      0    0 500000 SERVBILLDEV
100      0    0   5000 TYM34180
100      0    0   5000 TYM42860
100      0    0   5000 TYM35600
100      0    0   5000 TYM41350
100      0    0   5000 TYM35500
100      0    0   5000 TYM41070
100      0    0 200000 MKTGTOOLS
100      0    0      5 RLUNA
100      0    0      1 RAMMIS
100      0    0      1 RAMOPS
100      0    0   5000 TYM40470
100      0    0   5000 NET34550
100      0    0   5000 TYM54550
100      0    0   5000 TYM21220
100      0    0   5000 TYM21550
100      0    0   5000 TYM21900
100      0    0   5000 TYM26690
100      0    0   5000 TYM33790
100      0    0   5000 TYM56210
100      0    0   5000 TYM36740
100      0    0   5000 TYM36930
100      0    0   5000 TYM33960
100      0    0   5000 TYM34000
100      0    0   5000 NET35900
100      0    0   5000 NET50210
100      0    0      5 MDESIMONE
100      0    0      5 LAWRENCE
100      0    0   5000 TYM42740
100      0    0   5000 TYM35800
100      0    0   5000 TYM42870
100      0    0   5000 TYM35010
100      0    0   5000 TYM42780
100      0    0   5000 TYM35400
100      0    0   5000 TYM34090
100      0    0   5000 TYM40940
100      0    0     50 LSILVERMAN
100      0    0   5000 TYM40370
100      0    0    625 BASESUP
100      0    0   1250 TYM52020
100      0    0   1250 SYN73100
100      0    0   5000 TYM50440
100      0    0   1250 GLEDGER
100      0    0   5000 TYM56290
100      0    0   5000 TYM36750
100      0    0   5000 TYM54430
100      0    0   5000 TYM35570
100      0    0      5 JGOLIGHTLY
100      0    0   5000 TYM21860
100      0    0   5000 TYM33500
100      0    0   5000 TYM56300
100      0    0   5000 TYM56200
100      0    0   5000 TYM36850
100      0    0   5000 TYM36730
100      0    0   5000 TYM26920
100      0    0      5 PMCDOUGALL
100      0    0      5 JCARRICK
100      0    0   5000 TYM34080
100      0    0   5000 TYM20030
100      0    0   5000 NET33620
100      0    0   5000 TYM33560
100      0    0   5000 TYM40980
100      0    0   5000 TYM33760
100      0    0   5000 TYM33730
100      0    0   5000 NET46330
100      0    0   5000 NET26840
100      0    0   5000 TYM35650
100      0    0   1250 TYML7530
100      0    0   1250 TYML7880
100      0    0   5000 TYM21050
100      0    0      5 SMCKINSEY
100      0    0   5000 TYM42830
100      0    0   5000 TYM42880
100      0    0   5000 TYM35000
100      0    0   5000 TYM42630
100      0    0      1 HADNOT
100      0    0   1250 TRUCONTROL
100      0    0   5000 TYM21740
100      0    0   5000 NET34340
100      0    0   5000 TYM21100
100      0    0   1250 PUB
100      0    0   5000 PSD37330
100      0    0   5000 TYM41310
100      0    0   5000 NET40990
100      0    0   5000 TYM40330
100      0    0  10000 APPROD
100      0    0  50000 APLOC
100      0    0  25000 USEVAL
100      0    0 125000 DEVPDP
100      0    0  12500 MIDAS
100      0    0 250000 ACT10
   d$T‡